#-----------------------------------------------------------
# Vivado v2023.2 (64-bit)
# SW Build 4029153 on Fri Oct 13 20:14:34 MDT 2023
# IP Build 4028589 on Sat Oct 14 00:45:43 MDT 2023
# SharedData Build 4025554 on Tue Oct 10 17:18:54 MDT 2023
# Start of session at: Wed Apr 17 10:50:15 2024
# Process ID: 3708
# Current directory: C:/Users/kharp/Desktop/soundSteering_halfLUTs
# Command line: vivado.exe -gui_launcher_event rodinguilauncherevent12212 C:\Users\kharp\Desktop\soundSteering_halfLUTs\soundSteering_halfLUTs.xpr
# Log file: C:/Users/kharp/Desktop/soundSteering_halfLUTs/vivado.log
# Journal file: C:/Users/kharp/Desktop/soundSteering_halfLUTs\vivado.jou
# Running On: kharp, OS: Windows, CPU Frequency: 2304 MHz, CPU Physical cores: 16, Host memory: 16907 MB
#-----------------------------------------------------------
start_gui
open_project C:/Users/kharp/Desktop/soundSteering_halfLUTs/soundSteering_halfLUTs.xpr
CRITICAL WARNING: [Project 1-19] Could not find the file 'C:/Users/kharp/Desktop/soundSteering_halfLUTs/soundSteering_halfLUTs.srcs/sources_1/ip/blk_mem_gen_1_64/blk_mem_gen_1_64.xci'.
CRITICAL WARNING: [Project 1-19] Could not find the file 'C:/Users/kharp/Desktop/soundSteering_halfLUTs/soundSteering_halfLUTs.srcs/sources_1/ip/blk_mem_gen_1_63/blk_mem_gen_1_63.xci'.
CRITICAL WARNING: [Project 1-19] Could not find the file 'C:/Users/kharp/Desktop/soundSteering_halfLUTs/soundSteering_halfLUTs.srcs/sources_1/ip/blk_mem_gen_1_62/blk_mem_gen_1_62.xci'.
CRITICAL WARNING: [Project 1-19] Could not find the file 'C:/Users/kharp/Desktop/soundSteering_halfLUTs/soundSteering_halfLUTs.srcs/sources_1/ip/blk_mem_gen_1_61/blk_mem_gen_1_61.xci'.
CRITICAL WARNING: [Project 1-19] Could not find the file 'C:/Users/kharp/Desktop/soundSteering_halfLUTs/soundSteering_halfLUTs.srcs/sources_1/ip/blk_mem_gen_1_60/blk_mem_gen_1_60.xci'.
CRITICAL WARNING: [Project 1-19] Could not find the file 'C:/Users/kharp/Desktop/soundSteering_halfLUTs/soundSteering_halfLUTs.srcs/sources_1/ip/blk_mem_gen_1_59/blk_mem_gen_1_59.xci'.
CRITICAL WARNING: [Project 1-19] Could not find the file 'C:/Users/kharp/Desktop/soundSteering_halfLUTs/soundSteering_halfLUTs.srcs/sources_1/ip/blk_mem_gen_1_58/blk_mem_gen_1_58.xci'.
CRITICAL WARNING: [Project 1-19] Could not find the file 'C:/Users/kharp/Desktop/soundSteering_halfLUTs/soundSteering_halfLUTs.srcs/sources_1/ip/blk_mem_gen_1_57/blk_mem_gen_1_57.xci'.
CRITICAL WARNING: [Project 1-19] Could not find the file 'C:/Users/kharp/Desktop/soundSteering_halfLUTs/soundSteering_halfLUTs.srcs/sources_1/ip/blk_mem_gen_1_56/blk_mem_gen_1_56.xci'.
CRITICAL WARNING: [Project 1-19] Could not find the file 'C:/Users/kharp/Desktop/soundSteering_halfLUTs/soundSteering_halfLUTs.srcs/sources_1/ip/blk_mem_gen_1_55/blk_mem_gen_1_55.xci'.
CRITICAL WARNING: [Project 1-19] Could not find the file 'C:/Users/kharp/Desktop/soundSteering_halfLUTs/soundSteering_halfLUTs.srcs/sources_1/ip/blk_mem_gen_1_54/blk_mem_gen_1_54.xci'.
CRITICAL WARNING: [Project 1-19] Could not find the file 'C:/Users/kharp/Desktop/soundSteering_halfLUTs/soundSteering_halfLUTs.srcs/sources_1/ip/blk_mem_gen_1_53/blk_mem_gen_1_53.xci'.
CRITICAL WARNING: [Project 1-19] Could not find the file 'C:/Users/kharp/Desktop/soundSteering_halfLUTs/soundSteering_halfLUTs.srcs/sources_1/ip/blk_mem_gen_1_52/blk_mem_gen_1_52.xci'.
CRITICAL WARNING: [Project 1-19] Could not find the file 'C:/Users/kharp/Desktop/soundSteering_halfLUTs/soundSteering_halfLUTs.srcs/sources_1/ip/blk_mem_gen_1_51/blk_mem_gen_1_51.xci'.
CRITICAL WARNING: [Project 1-19] Could not find the file 'C:/Users/kharp/Desktop/soundSteering_halfLUTs/soundSteering_halfLUTs.srcs/sources_1/ip/blk_mem_gen_1_50/blk_mem_gen_1_50.xci'.
CRITICAL WARNING: [Project 1-19] Could not find the file 'C:/Users/kharp/Desktop/soundSteering_halfLUTs/soundSteering_halfLUTs.srcs/sources_1/ip/blk_mem_gen_1_49/blk_mem_gen_1_49.xci'.
CRITICAL WARNING: [Project 1-19] Could not find the file 'C:/Users/kharp/Desktop/soundSteering_halfLUTs/soundSteering_halfLUTs.srcs/sources_1/ip/blk_mem_gen_1_48/blk_mem_gen_1_48.xci'.
CRITICAL WARNING: [Project 1-19] Could not find the file 'C:/Users/kharp/Desktop/soundSteering_halfLUTs/soundSteering_halfLUTs.srcs/sources_1/ip/blk_mem_gen_1_47/blk_mem_gen_1_47.xci'.
CRITICAL WARNING: [Project 1-19] Could not find the file 'C:/Users/kharp/Desktop/soundSteering_halfLUTs/soundSteering_halfLUTs.srcs/sources_1/ip/blk_mem_gen_1_46/blk_mem_gen_1_46.xci'.
CRITICAL WARNING: [Project 1-19] Could not find the file 'C:/Users/kharp/Desktop/soundSteering_halfLUTs/soundSteering_halfLUTs.srcs/sources_1/ip/blk_mem_gen_1_45/blk_mem_gen_1_45.xci'.
CRITICAL WARNING: [Project 1-19] Could not find the file 'C:/Users/kharp/Desktop/soundSteering_halfLUTs/soundSteering_halfLUTs.srcs/sources_1/ip/blk_mem_gen_1_44/blk_mem_gen_1_44.xci'.
CRITICAL WARNING: [Project 1-19] Could not find the file 'C:/Users/kharp/Desktop/soundSteering_halfLUTs/soundSteering_halfLUTs.srcs/sources_1/ip/blk_mem_gen_1_43/blk_mem_gen_1_43.xci'.
CRITICAL WARNING: [Project 1-19] Could not find the file 'C:/Users/kharp/Desktop/soundSteering_halfLUTs/soundSteering_halfLUTs.srcs/sources_1/ip/blk_mem_gen_1_42/blk_mem_gen_1_42.xci'.
CRITICAL WARNING: [Project 1-19] Could not find the file 'C:/Users/kharp/Desktop/soundSteering_halfLUTs/soundSteering_halfLUTs.srcs/sources_1/ip/blk_mem_gen_1_41/blk_mem_gen_1_41.xci'.
CRITICAL WARNING: [Project 1-19] Could not find the file 'C:/Users/kharp/Desktop/soundSteering_halfLUTs/soundSteering_halfLUTs.srcs/sources_1/ip/blk_mem_gen_1_40/blk_mem_gen_1_40.xci'.
CRITICAL WARNING: [Project 1-19] Could not find the file 'C:/Users/kharp/Desktop/soundSteering_halfLUTs/soundSteering_halfLUTs.srcs/sources_1/ip/blk_mem_gen_1_39/blk_mem_gen_1_39.xci'.
CRITICAL WARNING: [Project 1-19] Could not find the file 'C:/Users/kharp/Desktop/soundSteering_halfLUTs/soundSteering_halfLUTs.srcs/sources_1/ip/blk_mem_gen_1_38/blk_mem_gen_1_38.xci'.
CRITICAL WARNING: [Project 1-19] Could not find the file 'C:/Users/kharp/Desktop/soundSteering_halfLUTs/soundSteering_halfLUTs.srcs/sources_1/ip/blk_mem_gen_1_37/blk_mem_gen_1_37.xci'.
CRITICAL WARNING: [Project 1-19] Could not find the file 'C:/Users/kharp/Desktop/soundSteering_halfLUTs/soundSteering_halfLUTs.srcs/sources_1/ip/blk_mem_gen_1_36/blk_mem_gen_1_36.xci'.
CRITICAL WARNING: [Project 1-19] Could not find the file 'C:/Users/kharp/Desktop/soundSteering_halfLUTs/soundSteering_halfLUTs.srcs/sources_1/ip/blk_mem_gen_1_35/blk_mem_gen_1_35.xci'.
CRITICAL WARNING: [Project 1-19] Could not find the file 'C:/Users/kharp/Desktop/soundSteering_halfLUTs/soundSteering_halfLUTs.srcs/sources_1/ip/blk_mem_gen_1_34/blk_mem_gen_1_34.xci'.
CRITICAL WARNING: [Project 1-19] Could not find the file 'C:/Users/kharp/Desktop/soundSteering_halfLUTs/soundSteering_halfLUTs.srcs/sources_1/ip/blk_mem_gen_1_33/blk_mem_gen_1_33.xci'.
CRITICAL WARNING: [Project 1-19] Could not find the file 'C:/Users/kharp/Desktop/soundSteering_halfLUTs/soundSteering_halfLUTs.srcs/sources_1/ip/blk_mem_gen_1_32/blk_mem_gen_1_32.xci'.
CRITICAL WARNING: [Project 1-19] Could not find the file 'C:/Users/kharp/Desktop/soundSteering_halfLUTs/soundSteering_halfLUTs.srcs/sources_1/ip/blk_mem_gen_1_31/blk_mem_gen_1_31.xci'.
CRITICAL WARNING: [Project 1-19] Could not find the file 'C:/Users/kharp/Desktop/soundSteering_halfLUTs/soundSteering_halfLUTs.srcs/sources_1/ip/blk_mem_gen_1_30/blk_mem_gen_1_30.xci'.
CRITICAL WARNING: [Project 1-19] Could not find the file 'C:/Users/kharp/Desktop/soundSteering_halfLUTs/soundSteering_halfLUTs.srcs/sources_1/ip/blk_mem_gen_1_29/blk_mem_gen_1_29.xci'.
CRITICAL WARNING: [Project 1-19] Could not find the file 'C:/Users/kharp/Desktop/soundSteering_halfLUTs/soundSteering_halfLUTs.srcs/sources_1/ip/blk_mem_gen_1_28/blk_mem_gen_1_28.xci'.
CRITICAL WARNING: [Project 1-19] Could not find the file 'C:/Users/kharp/Desktop/soundSteering_halfLUTs/soundSteering_halfLUTs.srcs/sources_1/ip/blk_mem_gen_1_27/blk_mem_gen_1_27.xci'.
CRITICAL WARNING: [Project 1-19] Could not find the file 'C:/Users/kharp/Desktop/soundSteering_halfLUTs/soundSteering_halfLUTs.srcs/sources_1/ip/blk_mem_gen_1_26/blk_mem_gen_1_26.xci'.
CRITICAL WARNING: [Project 1-19] Could not find the file 'C:/Users/kharp/Desktop/soundSteering_halfLUTs/soundSteering_halfLUTs.srcs/sources_1/ip/blk_mem_gen_1_25/blk_mem_gen_1_25.xci'.
CRITICAL WARNING: [Project 1-19] Could not find the file 'C:/Users/kharp/Desktop/soundSteering_halfLUTs/soundSteering_halfLUTs.srcs/sources_1/ip/blk_mem_gen_1_24/blk_mem_gen_1_24.xci'.
CRITICAL WARNING: [Project 1-19] Could not find the file 'C:/Users/kharp/Desktop/soundSteering_halfLUTs/soundSteering_halfLUTs.srcs/sources_1/ip/blk_mem_gen_1_23/blk_mem_gen_1_23.xci'.
CRITICAL WARNING: [Project 1-19] Could not find the file 'C:/Users/kharp/Desktop/soundSteering_halfLUTs/soundSteering_halfLUTs.srcs/sources_1/ip/blk_mem_gen_1_22/blk_mem_gen_1_22.xci'.
CRITICAL WARNING: [Project 1-19] Could not find the file 'C:/Users/kharp/Desktop/soundSteering_halfLUTs/soundSteering_halfLUTs.srcs/sources_1/ip/blk_mem_gen_1_21/blk_mem_gen_1_21.xci'.
CRITICAL WARNING: [Project 1-19] Could not find the file 'C:/Users/kharp/Desktop/soundSteering_halfLUTs/soundSteering_halfLUTs.srcs/sources_1/ip/blk_mem_gen_1_20/blk_mem_gen_1_20.xci'.
CRITICAL WARNING: [Project 1-19] Could not find the file 'C:/Users/kharp/Desktop/soundSteering_halfLUTs/soundSteering_halfLUTs.srcs/sources_1/ip/blk_mem_gen_1_19/blk_mem_gen_1_19.xci'.
CRITICAL WARNING: [Project 1-19] Could not find the file 'C:/Users/kharp/Desktop/soundSteering_halfLUTs/soundSteering_halfLUTs.srcs/sources_1/ip/blk_mem_gen_1_18/blk_mem_gen_1_18.xci'.
CRITICAL WARNING: [Project 1-19] Could not find the file 'C:/Users/kharp/Desktop/soundSteering_halfLUTs/soundSteering_halfLUTs.srcs/sources_1/ip/blk_mem_gen_1_17/blk_mem_gen_1_17.xci'.
CRITICAL WARNING: [Project 1-19] Could not find the file 'C:/Users/kharp/Desktop/soundSteering_halfLUTs/soundSteering_halfLUTs.srcs/sources_1/ip/blk_mem_gen_1_16/blk_mem_gen_1_16.xci'.
CRITICAL WARNING: [Project 1-19] Could not find the file 'C:/Users/kharp/Desktop/soundSteering_halfLUTs/soundSteering_halfLUTs.srcs/sources_1/ip/blk_mem_gen_1_15/blk_mem_gen_1_15.xci'.
CRITICAL WARNING: [Project 1-19] Could not find the file 'C:/Users/kharp/Desktop/soundSteering_halfLUTs/soundSteering_halfLUTs.srcs/sources_1/ip/blk_mem_gen_1_14/blk_mem_gen_1_14.xci'.
CRITICAL WARNING: [Project 1-19] Could not find the file 'C:/Users/kharp/Desktop/soundSteering_halfLUTs/soundSteering_halfLUTs.srcs/sources_1/ip/blk_mem_gen_1_13/blk_mem_gen_1_13.xci'.
CRITICAL WARNING: [Project 1-19] Could not find the file 'C:/Users/kharp/Desktop/soundSteering_halfLUTs/soundSteering_halfLUTs.srcs/sources_1/ip/blk_mem_gen_1_12/blk_mem_gen_1_12.xci'.
CRITICAL WARNING: [Project 1-19] Could not find the file 'C:/Users/kharp/Desktop/soundSteering_halfLUTs/soundSteering_halfLUTs.srcs/sources_1/ip/blk_mem_gen_1_11/blk_mem_gen_1_11.xci'.
CRITICAL WARNING: [Project 1-19] Could not find the file 'C:/Users/kharp/Desktop/soundSteering_halfLUTs/soundSteering_halfLUTs.srcs/sources_1/ip/blk_mem_gen_1_10/blk_mem_gen_1_10.xci'.
CRITICAL WARNING: [Project 1-19] Could not find the file 'C:/Users/kharp/Desktop/soundSteering_halfLUTs/soundSteering_halfLUTs.srcs/sources_1/ip/blk_mem_gen_1_9/blk_mem_gen_1_9.xci'.
CRITICAL WARNING: [Project 1-19] Could not find the file 'C:/Users/kharp/Desktop/soundSteering_halfLUTs/soundSteering_halfLUTs.srcs/sources_1/ip/blk_mem_gen_1_8/blk_mem_gen_1_8.xci'.
CRITICAL WARNING: [Project 1-19] Could not find the file 'C:/Users/kharp/Desktop/soundSteering_halfLUTs/soundSteering_halfLUTs.srcs/sources_1/ip/blk_mem_gen_1_7/blk_mem_gen_1_7.xci'.
CRITICAL WARNING: [Project 1-19] Could not find the file 'C:/Users/kharp/Desktop/soundSteering_halfLUTs/soundSteering_halfLUTs.srcs/sources_1/ip/blk_mem_gen_1_6/blk_mem_gen_1_6.xci'.
CRITICAL WARNING: [Project 1-19] Could not find the file 'C:/Users/kharp/Desktop/soundSteering_halfLUTs/soundSteering_halfLUTs.srcs/sources_1/ip/blk_mem_gen_1_5/blk_mem_gen_1_5.xci'.
CRITICAL WARNING: [Project 1-19] Could not find the file 'C:/Users/kharp/Desktop/soundSteering_halfLUTs/soundSteering_halfLUTs.srcs/sources_1/ip/blk_mem_gen_1_4/blk_mem_gen_1_4.xci'.
CRITICAL WARNING: [Project 1-19] Could not find the file 'C:/Users/kharp/Desktop/soundSteering_halfLUTs/soundSteering_halfLUTs.srcs/sources_1/ip/blk_mem_gen_1_3/blk_mem_gen_1_3.xci'.
CRITICAL WARNING: [Project 1-19] Could not find the file 'C:/Users/kharp/Desktop/soundSteering_halfLUTs/soundSteering_halfLUTs.srcs/sources_1/ip/blk_mem_gen_1_2/blk_mem_gen_1_2.xci'.
CRITICAL WARNING: [Project 1-19] Could not find the file 'C:/Users/kharp/Desktop/soundSteering_halfLUTs/soundSteering_halfLUTs.srcs/sources_1/ip/blk_mem_gen_1_1/blk_mem_gen_1_1.xci'.
Scanning sources...
Finished scanning sources
INFO: [IP_Flow 19-234] Refreshing IP repositories
INFO: [IP_Flow 19-1700] Loaded user IP repository 'c:/Users/kharp/Desktop/soundSteering'.
WARNING: [IP_Flow 19-3656] If you move the project, the path for repository 'c:/Users/kharp/Desktop/soundSteering' may become invalid. A better location for the repository would be in a path adjacent to the project. (Current project location is 'c:/Users/kharp/Desktop/soundSteering_halfLUTs'.)
INFO: [IP_Flow 19-2313] Loaded Vivado IP repository 'C:/Xilinx/Vivado/2023.2/data/ip'.
WARNING: [IP_Flow 19-1663] Duplicate IP found for 'xilinx.com:user:soundSteering_axi_lite:1.0'. The one found in IP location 'c:/Users/kharp/Desktop/soundSteering/IP' will take precedence over the same IP in location c:/Users/kharp/Desktop/soundSteering/IP2
WARNING: [Board 49-26] cannot add Board Part xilinx.com:kcu105:part0:1.6 available at C:/Xilinx/Vivado/2023.2/data/xhub/boards/XilinxBoardStore/boards/Xilinx/kcu105/1.6/board.xml as part xcku040-ffva1156-2-e specified in board_part file is either invalid or not available
WARNING: [Board 49-26] cannot add Board Part xilinx.com:kcu105:part0:1.7 available at C:/Xilinx/Vivado/2023.2/data/xhub/boards/XilinxBoardStore/boards/Xilinx/kcu105/1.7/board.xml as part xcku040-ffva1156-2-e specified in board_part file is either invalid or not available
WARNING: [Board 49-26] cannot add Board Part xilinx.com:kcu116:part0:1.4 available at C:/Xilinx/Vivado/2023.2/data/xhub/boards/XilinxBoardStore/boards/Xilinx/kcu116/1.4/board.xml as part xcku5p-ffvb676-2-e specified in board_part file is either invalid or not available
WARNING: [Board 49-26] cannot add Board Part xilinx.com:kcu116:part0:1.5 available at C:/Xilinx/Vivado/2023.2/data/xhub/boards/XilinxBoardStore/boards/Xilinx/kcu116/1.5/board.xml as part xcku5p-ffvb676-2-e specified in board_part file is either invalid or not available
WARNING: [Board 49-26] cannot add Board Part xilinx.com:kcu1500:part0:1.2 available at C:/Xilinx/Vivado/2023.2/data/xhub/boards/XilinxBoardStore/boards/Xilinx/kcu1500/1.2/board.xml as part xcku115-flvb2104-2-e specified in board_part file is either invalid or not available
WARNING: [Board 49-26] cannot add Board Part xilinx.com:vck190:part0:2.2 available at C:/Xilinx/Vivado/2023.2/data/xhub/boards/XilinxBoardStore/boards/Xilinx/vck190/production/2.2/board.xml as part xcvc1902-vsva2197-2mp-e-s specified in board_part file is either invalid or not available
WARNING: [Board 49-26] cannot add Board Part xilinx.com:vck190:part0:3.0 available at C:/Xilinx/Vivado/2023.2/data/xhub/boards/XilinxBoardStore/boards/Xilinx/vck190/production/3.0/board.xml as part xcvc1902-vsva2197-2mp-e-s specified in board_part file is either invalid or not available
WARNING: [Board 49-26] cannot add Board Part xilinx.com:vck190:part0:3.1 available at C:/Xilinx/Vivado/2023.2/data/xhub/boards/XilinxBoardStore/boards/Xilinx/vck190/production/3.1/board.xml as part xcvc1902-vsva2197-2mp-e-s specified in board_part file is either invalid or not available
WARNING: [Board 49-26] cannot add Board Part xilinx.com:vck190:part0:3.2 available at C:/Xilinx/Vivado/2023.2/data/xhub/boards/XilinxBoardStore/boards/Xilinx/vck190/production/3.2/board.xml as part xcvc1902-vsva2197-2mp-e-s specified in board_part file is either invalid or not available
WARNING: [Board 49-26] cannot add Board Part xilinx.com:vck190_newl:part0:1.0 available at C:/Xilinx/Vivado/2023.2/data/xhub/boards/XilinxBoardStore/boards/Xilinx/vck190_newl/production/1.0/board.xml as part xcvc1902-vsva2197-2mp-e-s specified in board_part file is either invalid or not available
WARNING: [Board 49-26] cannot add Board Part xilinx.com:vck190_newl:part0:1.1 available at C:/Xilinx/Vivado/2023.2/data/xhub/boards/XilinxBoardStore/boards/Xilinx/vck190_newl/production/1.1/board.xml as part xcvc1902-vsva2197-2mp-e-s specified in board_part file is either invalid or not available
WARNING: [Board 49-26] cannot add Board Part xilinx.com:vcu108:part0:1.6 available at C:/Xilinx/Vivado/2023.2/data/xhub/boards/XilinxBoardStore/boards/Xilinx/vcu108/1.6/board.xml as part xcvu095-ffva2104-2-e specified in board_part file is either invalid or not available
WARNING: [Board 49-26] cannot add Board Part xilinx.com:vcu108:part0:1.7 available at C:/Xilinx/Vivado/2023.2/data/xhub/boards/XilinxBoardStore/boards/Xilinx/vcu108/1.7/board.xml as part xcvu095-ffva2104-2-e specified in board_part file is either invalid or not available
WARNING: [Board 49-26] cannot add Board Part xilinx.com:vcu110:part0:1.4 available at C:/Xilinx/Vivado/2023.2/data/xhub/boards/XilinxBoardStore/boards/Xilinx/vcu110/1.4/board.xml as part xcvu190-flgc2104-2-e specified in board_part file is either invalid or not available
WARNING: [Board 49-26] cannot add Board Part xilinx.com:vcu118:part0:2.0 available at C:/Xilinx/Vivado/2023.2/data/xhub/boards/XilinxBoardStore/boards/Xilinx/vcu118/2.0/board.xml as part xcvu9p-flga2104-2l-e specified in board_part file is either invalid or not available
WARNING: [Board 49-26] cannot add Board Part xilinx.com:vcu118:part0:2.3 available at C:/Xilinx/Vivado/2023.2/data/xhub/boards/XilinxBoardStore/boards/Xilinx/vcu118/2.3/board.xml as part xcvu9p-flga2104-2l-e specified in board_part file is either invalid or not available
WARNING: [Board 49-26] cannot add Board Part xilinx.com:vcu118:part0:2.4 available at C:/Xilinx/Vivado/2023.2/data/xhub/boards/XilinxBoardStore/boards/Xilinx/vcu118/2.4/board.xml as part xcvu9p-flga2104-2l-e specified in board_part file is either invalid or not available
WARNING: [Board 49-26] cannot add Board Part xilinx.com:vcu128:part0:1.0 available at C:/Xilinx/Vivado/2023.2/data/xhub/boards/XilinxBoardStore/boards/Xilinx/vcu128/production/1.0/board.xml as part xcvu37p-fsvh2892-2l-e specified in board_part file is either invalid or not available
WARNING: [Board 49-26] cannot add Board Part xilinx.com:vcu129:part0:1.0 available at C:/Xilinx/Vivado/2023.2/data/xhub/boards/XilinxBoardStore/boards/Xilinx/vcu129/production/1.0/board.xml as part xcvu29p-fsga2577-2l-e specified in board_part file is either invalid or not available
WARNING: [Board 49-26] cannot add Board Part xilinx.com:vcu1525:part0:1.3 available at C:/Xilinx/Vivado/2023.2/data/xhub/boards/XilinxBoardStore/boards/Xilinx/vcu1525/1.3/board.xml as part xcvu9p-fsgd2104-2l-e specified in board_part file is either invalid or not available
WARNING: [Board 49-26] cannot add Board Part xilinx.com:vek280:part0:1.0 available at C:/Xilinx/Vivado/2023.2/data/xhub/boards/XilinxBoardStore/boards/Xilinx/vek280/production/1.0/board.xml as part xcve2802-vsvh1760-2mp-e-s specified in board_part file is either invalid or not available
WARNING: [Board 49-26] cannot add Board Part xilinx.com:vek280_es:part0:1.0 available at C:/Xilinx/Vivado/2023.2/data/xhub/boards/XilinxBoardStore/boards/Xilinx/vek280/es/rev_a/1.0/board.xml as part xcve2802-vsvh1760-2lp-e-s-es1 specified in board_part file is either invalid or not available
WARNING: [Board 49-26] cannot add Board Part xilinx.com:vek280_es:part0:1.1 available at C:/Xilinx/Vivado/2023.2/data/xhub/boards/XilinxBoardStore/boards/Xilinx/vek280/es/rev_a/1.1/board.xml as part xcve2802-vsvh1760-2lp-e-s-es1 specified in board_part file is either invalid or not available
WARNING: [Board 49-26] cannot add Board Part xilinx.com:vek280_es_revb:part0:1.0 available at C:/Xilinx/Vivado/2023.2/data/xhub/boards/XilinxBoardStore/boards/Xilinx/vek280/es/rev_b/1.0/board.xml as part xcve2802-vsvh1760-2mp-e-s-es1 specified in board_part file is either invalid or not available
WARNING: [Board 49-26] cannot add Board Part xilinx.com:vek280_es_revb:part0:1.1 available at C:/Xilinx/Vivado/2023.2/data/xhub/boards/XilinxBoardStore/boards/Xilinx/vek280/es/rev_b/1.1/board.xml as part xcve2802-vsvh1760-2mp-e-s-es1 specified in board_part file is either invalid or not available
WARNING: [Board 49-26] cannot add Board Part xilinx.com:vermeo_t1_mpsoc:part0:1.0 available at C:/Xilinx/Vivado/2023.2/data/xhub/boards/XilinxBoardStore/boards/Xilinx/vermeo_t1_mpsoc/1.0/board.xml as part xczu19eg-ffvd1760-2l-e specified in board_part file is either invalid or not available
WARNING: [Board 49-26] cannot add Board Part xilinx.com:vermeo_t1_rfsoc:part0:1.0 available at C:/Xilinx/Vivado/2023.2/data/xhub/boards/XilinxBoardStore/boards/Xilinx/vermeo_t1_rfsoc/1.0/board.xml as part xczu21dr-ffvd1156-2l-e specified in board_part file is either invalid or not available
WARNING: [Board 49-26] cannot add Board Part xilinx.com:vhk158:part0:1.0 available at C:/Xilinx/Vivado/2023.2/data/xhub/boards/XilinxBoardStore/boards/Xilinx/vhk158/production/1.0/board.xml as part xcvh1582-vsva3697-2mp-e-s specified in board_part file is either invalid or not available
WARNING: [Board 49-26] cannot add Board Part xilinx.com:vhk158:part0:1.1 available at C:/Xilinx/Vivado/2023.2/data/xhub/boards/XilinxBoardStore/boards/Xilinx/vhk158/production/1.1/board.xml as part xcvh1582-vsva3697-2mp-e-s specified in board_part file is either invalid or not available
WARNING: [Board 49-26] cannot add Board Part xilinx.com:vhk158_es:part0:1.0 available at C:/Xilinx/Vivado/2023.2/data/xhub/boards/XilinxBoardStore/boards/Xilinx/vhk158/es/1.0/board.xml as part xcvh1582-vsva3697-2mp-e-s-es1 specified in board_part file is either invalid or not available
WARNING: [Board 49-26] cannot add Board Part xilinx.com:vhk158_es:part0:1.1 available at C:/Xilinx/Vivado/2023.2/data/xhub/boards/XilinxBoardStore/boards/Xilinx/vhk158/es/1.1/board.xml as part xcvh1582-vsva3697-2mp-e-s-es1 specified in board_part file is either invalid or not available
WARNING: [Board 49-26] cannot add Board Part xilinx.com:vmk180:part0:2.2 available at C:/Xilinx/Vivado/2023.2/data/xhub/boards/XilinxBoardStore/boards/Xilinx/vmk180/production/2.2/board.xml as part xcvm1802-vsva2197-2mp-e-s specified in board_part file is either invalid or not available
WARNING: [Board 49-26] cannot add Board Part xilinx.com:vmk180:part0:3.0 available at C:/Xilinx/Vivado/2023.2/data/xhub/boards/XilinxBoardStore/boards/Xilinx/vmk180/production/3.0/board.xml as part xcvm1802-vsva2197-2mp-e-s specified in board_part file is either invalid or not available
WARNING: [Board 49-26] cannot add Board Part xilinx.com:vmk180:part0:3.1 available at C:/Xilinx/Vivado/2023.2/data/xhub/boards/XilinxBoardStore/boards/Xilinx/vmk180/production/3.1/board.xml as part xcvm1802-vsva2197-2mp-e-s specified in board_part file is either invalid or not available
WARNING: [Board 49-26] cannot add Board Part xilinx.com:vmk180:part0:3.2 available at C:/Xilinx/Vivado/2023.2/data/xhub/boards/XilinxBoardStore/boards/Xilinx/vmk180/production/3.2/board.xml as part xcvm1802-vsva2197-2mp-e-s specified in board_part file is either invalid or not available
WARNING: [Board 49-26] cannot add Board Part xilinx.com:vmk180_newl:part0:1.0 available at C:/Xilinx/Vivado/2023.2/data/xhub/boards/XilinxBoardStore/boards/Xilinx/vmk180_newl/production/1.0/board.xml as part xcvm1802-vsva2197-2mp-e-s specified in board_part file is either invalid or not available
WARNING: [Board 49-26] cannot add Board Part xilinx.com:vmk180_newl:part0:1.1 available at C:/Xilinx/Vivado/2023.2/data/xhub/boards/XilinxBoardStore/boards/Xilinx/vmk180_newl/production/1.1/board.xml as part xcvm1802-vsva2197-2mp-e-s specified in board_part file is either invalid or not available
WARNING: [Board 49-26] cannot add Board Part xilinx.com:vpk120:part0:1.0 available at C:/Xilinx/Vivado/2023.2/data/xhub/boards/XilinxBoardStore/boards/Xilinx/vpk120/production/1.0/board.xml as part xcvp1202-vsva2785-2mp-e-s specified in board_part file is either invalid or not available
WARNING: [Board 49-26] cannot add Board Part xilinx.com:vpk120:part0:1.1 available at C:/Xilinx/Vivado/2023.2/data/xhub/boards/XilinxBoardStore/boards/Xilinx/vpk120/production/1.1/board.xml as part xcvp1202-vsva2785-2mp-e-s specified in board_part file is either invalid or not available
WARNING: [Board 49-26] cannot add Board Part xilinx.com:vpk120:part0:1.2 available at C:/Xilinx/Vivado/2023.2/data/xhub/boards/XilinxBoardStore/boards/Xilinx/vpk120/production/1.2/board.xml as part xcvp1202-vsva2785-2mp-e-s specified in board_part file is either invalid or not available
WARNING: [Board 49-26] cannot add Board Part xilinx.com:vpk180:part0:1.0 available at C:/Xilinx/Vivado/2023.2/data/xhub/boards/XilinxBoardStore/boards/Xilinx/vpk180/production/1.0/board.xml as part xcvp1802-lsvc4072-2mp-e-s specified in board_part file is either invalid or not available
WARNING: [Board 49-26] cannot add Board Part xilinx.com:vpk180:part0:1.1 available at C:/Xilinx/Vivado/2023.2/data/xhub/boards/XilinxBoardStore/boards/Xilinx/vpk180/production/1.1/board.xml as part xcvp1802-lsvc4072-2mp-e-s specified in board_part file is either invalid or not available
WARNING: [Board 49-26] cannot add Board Part xilinx.com:zc702:part0:1.4 available at C:/Xilinx/Vivado/2023.2/data/xhub/boards/XilinxBoardStore/boards/Xilinx/zc702/1.4/board.xml as part xc7z020clg484-1 specified in board_part file is either invalid or not available
WARNING: [Board 49-26] cannot add Board Part xilinx.com:zc706:part0:1.4 available at C:/Xilinx/Vivado/2023.2/data/xhub/boards/XilinxBoardStore/boards/Xilinx/zc706/1.4/board.xml as part xc7z045ffg900-2 specified in board_part file is either invalid or not available
WARNING: [Board 49-26] cannot add Board Part xilinx.com:zcu102:part0:3.3 available at C:/Xilinx/Vivado/2023.2/data/xhub/boards/XilinxBoardStore/boards/Xilinx/zcu102/3.3/board.xml as part xczu9eg-ffvb1156-2-e specified in board_part file is either invalid or not available
WARNING: [Board 49-26] cannot add Board Part xilinx.com:zcu102:part0:3.4 available at C:/Xilinx/Vivado/2023.2/data/xhub/boards/XilinxBoardStore/boards/Xilinx/zcu102/3.4/board.xml as part xczu9eg-ffvb1156-2-e specified in board_part file is either invalid or not available
WARNING: [Board 49-26] cannot add Board Part xilinx.com:zcu104:part0:1.1 available at C:/Xilinx/Vivado/2023.2/data/xhub/boards/XilinxBoardStore/boards/Xilinx/zcu104/1.1/board.xml as part xczu7ev-ffvc1156-2-e specified in board_part file is either invalid or not available
WARNING: [Board 49-26] cannot add Board Part xilinx.com:zcu106:part0:2.4 available at C:/Xilinx/Vivado/2023.2/data/xhub/boards/XilinxBoardStore/boards/Xilinx/zcu106/2.4/board.xml as part xczu7ev-ffvc1156-2-e specified in board_part file is either invalid or not available
WARNING: [Board 49-26] cannot add Board Part xilinx.com:zcu106:part0:2.5 available at C:/Xilinx/Vivado/2023.2/data/xhub/boards/XilinxBoardStore/boards/Xilinx/zcu106/2.5/board.xml as part xczu7ev-ffvc1156-2-e specified in board_part file is either invalid or not available
WARNING: [Board 49-26] cannot add Board Part xilinx.com:zcu106:part0:2.6 available at C:/Xilinx/Vivado/2023.2/data/xhub/boards/XilinxBoardStore/boards/Xilinx/zcu106/2.6/board.xml as part xczu7ev-ffvc1156-2-e specified in board_part file is either invalid or not available
WARNING: [Board 49-26] cannot add Board Part xilinx.com:zcu111:part0:1.2 available at C:/Xilinx/Vivado/2023.2/data/xhub/boards/XilinxBoardStore/boards/Xilinx/zcu111/1.2/board.xml as part xczu28dr-ffvg1517-2-e specified in board_part file is either invalid or not available
WARNING: [Board 49-26] cannot add Board Part xilinx.com:zcu111:part0:1.3 available at C:/Xilinx/Vivado/2023.2/data/xhub/boards/XilinxBoardStore/boards/Xilinx/zcu111/1.3/board.xml as part xczu28dr-ffvg1517-2-e specified in board_part file is either invalid or not available
WARNING: [Board 49-26] cannot add Board Part xilinx.com:zcu111:part0:1.4 available at C:/Xilinx/Vivado/2023.2/data/xhub/boards/XilinxBoardStore/boards/Xilinx/zcu111/1.4/board.xml as part xczu28dr-ffvg1517-2-e specified in board_part file is either invalid or not available
WARNING: [Board 49-26] cannot add Board Part xilinx.com:zcu1275:part0:1.0 available at C:/Xilinx/Vivado/2023.2/data/xhub/boards/XilinxBoardStore/boards/Xilinx/zcu1275/1.0/board.xml as part xczu29dr-ffvf1760-2-e specified in board_part file is either invalid or not available
WARNING: [Board 49-26] cannot add Board Part xilinx.com:zcu1285:part0:1.0 available at C:/Xilinx/Vivado/2023.2/data/xhub/boards/XilinxBoardStore/boards/Xilinx/zcu1285/1.0/board.xml as part xczu39dr-ffvf1760-2-i specified in board_part file is either invalid or not available
WARNING: [Board 49-26] cannot add Board Part xilinx.com:zcu208:part0:2.0 available at C:/Xilinx/Vivado/2023.2/data/xhub/boards/XilinxBoardStore/boards/Xilinx/zcu208/production/2.0/board.xml as part xczu48dr-fsvg1517-2-e specified in board_part file is either invalid or not available
WARNING: [Board 49-26] cannot add Board Part xilinx.com:zcu208ld:part0:2.0 available at C:/Xilinx/Vivado/2023.2/data/xhub/boards/XilinxBoardStore/boards/Xilinx/zcu208ld/production/2.0/board.xml as part xczu58dr-fsvg1517-2-i specified in board_part file is either invalid or not available
WARNING: [Board 49-26] cannot add Board Part xilinx.com:zcu216:part0:2.0 available at C:/Xilinx/Vivado/2023.2/data/xhub/boards/XilinxBoardStore/boards/Xilinx/zcu216/production/2.0/board.xml as part xczu49dr-ffvf1760-2-e specified in board_part file is either invalid or not available
WARNING: [Board 49-26] cannot add Board Part xilinx.com:zcu216ld:part0:2.0 available at C:/Xilinx/Vivado/2023.2/data/xhub/boards/XilinxBoardStore/boards/Xilinx/zcu216ld/production/2.0/board.xml as part xczu59dr-ffvf1760-2-i specified in board_part file is either invalid or not available
WARNING: [Board 49-26] cannot add Board Part xilinx.com:zcu670:part0:2.0 available at C:/Xilinx/Vivado/2023.2/data/xhub/boards/XilinxBoardStore/boards/Xilinx/zcu670/2.0/board.xml as part xczu67dr-fsve1156-2-i specified in board_part file is either invalid or not available
WARNING: [Board 49-26] cannot add Board Part xilinx.com:zcu670ld:part0:1.0 available at C:/Xilinx/Vivado/2023.2/data/xhub/boards/XilinxBoardStore/boards/Xilinx/zcu670ld/1.0/board.xml as part xczu57dr-fsve1156-2-i specified in board_part file is either invalid or not available
WARNING: [IP_Flow 19-3664] IP 'msys_soundSteering_axi_0_0' generated file not found 'c:/Users/kharp/Desktop/soundSteering_halfLUTs/soundSteering_halfLUTs.gen/sources_1/bd/msys/ip/msys_soundSteering_axi_0_0/msys_soundSteering_axi_0_0.dcp'. Please regenerate to continue.
WARNING: [IP_Flow 19-3664] IP 'msys_soundSteering_axi_0_0' generated file not found 'c:/Users/kharp/Desktop/soundSteering_halfLUTs/soundSteering_halfLUTs.gen/sources_1/bd/msys/ip/msys_soundSteering_axi_0_0/msys_soundSteering_axi_0_0_stub.v'. Please regenerate to continue.
WARNING: [IP_Flow 19-3664] IP 'msys_soundSteering_axi_0_0' generated file not found 'c:/Users/kharp/Desktop/soundSteering_halfLUTs/soundSteering_halfLUTs.gen/sources_1/bd/msys/ip/msys_soundSteering_axi_0_0/msys_soundSteering_axi_0_0_stub.vhdl'. Please regenerate to continue.
WARNING: [IP_Flow 19-3664] IP 'msys_soundSteering_axi_0_0' generated file not found 'c:/Users/kharp/Desktop/soundSteering_halfLUTs/soundSteering_halfLUTs.gen/sources_1/bd/msys/ip/msys_soundSteering_axi_0_0/msys_soundSteering_axi_0_0_sim_netlist.v'. Please regenerate to continue.
WARNING: [IP_Flow 19-3664] IP 'msys_soundSteering_axi_0_0' generated file not found 'c:/Users/kharp/Desktop/soundSteering_halfLUTs/soundSteering_halfLUTs.gen/sources_1/bd/msys/ip/msys_soundSteering_axi_0_0/msys_soundSteering_axi_0_0_sim_netlist.vhdl'. Please regenerate to continue.
ERROR: [IP_Flow 19-993] Could not find IP file for IP 'blk_mem_gen_1_64'.
CRITICAL WARNING: [IP_Flow 19-3933] Unable to construct an IP Instance blk_mem_gen_1_64 using VLNV :::.
ERROR: [IP_Flow 19-993] Could not find IP file for IP 'blk_mem_gen_1_63'.
CRITICAL WARNING: [IP_Flow 19-3933] Unable to construct an IP Instance blk_mem_gen_1_63 using VLNV :::.
ERROR: [IP_Flow 19-993] Could not find IP file for IP 'blk_mem_gen_1_62'.
CRITICAL WARNING: [IP_Flow 19-3933] Unable to construct an IP Instance blk_mem_gen_1_62 using VLNV :::.
ERROR: [IP_Flow 19-993] Could not find IP file for IP 'blk_mem_gen_1_61'.
CRITICAL WARNING: [IP_Flow 19-3933] Unable to construct an IP Instance blk_mem_gen_1_61 using VLNV :::.
ERROR: [IP_Flow 19-993] Could not find IP file for IP 'blk_mem_gen_1_60'.
CRITICAL WARNING: [IP_Flow 19-3933] Unable to construct an IP Instance blk_mem_gen_1_60 using VLNV :::.
ERROR: [IP_Flow 19-993] Could not find IP file for IP 'blk_mem_gen_1_59'.
CRITICAL WARNING: [IP_Flow 19-3933] Unable to construct an IP Instance blk_mem_gen_1_59 using VLNV :::.
ERROR: [IP_Flow 19-993] Could not find IP file for IP 'blk_mem_gen_1_58'.
CRITICAL WARNING: [IP_Flow 19-3933] Unable to construct an IP Instance blk_mem_gen_1_58 using VLNV :::.
ERROR: [IP_Flow 19-993] Could not find IP file for IP 'blk_mem_gen_1_57'.
CRITICAL WARNING: [IP_Flow 19-3933] Unable to construct an IP Instance blk_mem_gen_1_57 using VLNV :::.
ERROR: [IP_Flow 19-993] Could not find IP file for IP 'blk_mem_gen_1_56'.
CRITICAL WARNING: [IP_Flow 19-3933] Unable to construct an IP Instance blk_mem_gen_1_56 using VLNV :::.
ERROR: [IP_Flow 19-993] Could not find IP file for IP 'blk_mem_gen_1_55'.
CRITICAL WARNING: [IP_Flow 19-3933] Unable to construct an IP Instance blk_mem_gen_1_55 using VLNV :::.
ERROR: [IP_Flow 19-993] Could not find IP file for IP 'blk_mem_gen_1_54'.
CRITICAL WARNING: [IP_Flow 19-3933] Unable to construct an IP Instance blk_mem_gen_1_54 using VLNV :::.
ERROR: [IP_Flow 19-993] Could not find IP file for IP 'blk_mem_gen_1_53'.
CRITICAL WARNING: [IP_Flow 19-3933] Unable to construct an IP Instance blk_mem_gen_1_53 using VLNV :::.
ERROR: [IP_Flow 19-993] Could not find IP file for IP 'blk_mem_gen_1_52'.
CRITICAL WARNING: [IP_Flow 19-3933] Unable to construct an IP Instance blk_mem_gen_1_52 using VLNV :::.
ERROR: [IP_Flow 19-993] Could not find IP file for IP 'blk_mem_gen_1_51'.
CRITICAL WARNING: [IP_Flow 19-3933] Unable to construct an IP Instance blk_mem_gen_1_51 using VLNV :::.
ERROR: [IP_Flow 19-993] Could not find IP file for IP 'blk_mem_gen_1_50'.
CRITICAL WARNING: [IP_Flow 19-3933] Unable to construct an IP Instance blk_mem_gen_1_50 using VLNV :::.
ERROR: [IP_Flow 19-993] Could not find IP file for IP 'blk_mem_gen_1_49'.
CRITICAL WARNING: [IP_Flow 19-3933] Unable to construct an IP Instance blk_mem_gen_1_49 using VLNV :::.
ERROR: [IP_Flow 19-993] Could not find IP file for IP 'blk_mem_gen_1_48'.
CRITICAL WARNING: [IP_Flow 19-3933] Unable to construct an IP Instance blk_mem_gen_1_48 using VLNV :::.
ERROR: [IP_Flow 19-993] Could not find IP file for IP 'blk_mem_gen_1_47'.
CRITICAL WARNING: [IP_Flow 19-3933] Unable to construct an IP Instance blk_mem_gen_1_47 using VLNV :::.
ERROR: [IP_Flow 19-993] Could not find IP file for IP 'blk_mem_gen_1_46'.
CRITICAL WARNING: [IP_Flow 19-3933] Unable to construct an IP Instance blk_mem_gen_1_46 using VLNV :::.
ERROR: [IP_Flow 19-993] Could not find IP file for IP 'blk_mem_gen_1_45'.
CRITICAL WARNING: [IP_Flow 19-3933] Unable to construct an IP Instance blk_mem_gen_1_45 using VLNV :::.
ERROR: [IP_Flow 19-993] Could not find IP file for IP 'blk_mem_gen_1_44'.
CRITICAL WARNING: [IP_Flow 19-3933] Unable to construct an IP Instance blk_mem_gen_1_44 using VLNV :::.
ERROR: [IP_Flow 19-993] Could not find IP file for IP 'blk_mem_gen_1_43'.
CRITICAL WARNING: [IP_Flow 19-3933] Unable to construct an IP Instance blk_mem_gen_1_43 using VLNV :::.
ERROR: [IP_Flow 19-993] Could not find IP file for IP 'blk_mem_gen_1_42'.
CRITICAL WARNING: [IP_Flow 19-3933] Unable to construct an IP Instance blk_mem_gen_1_42 using VLNV :::.
ERROR: [IP_Flow 19-993] Could not find IP file for IP 'blk_mem_gen_1_41'.
CRITICAL WARNING: [IP_Flow 19-3933] Unable to construct an IP Instance blk_mem_gen_1_41 using VLNV :::.
ERROR: [IP_Flow 19-993] Could not find IP file for IP 'blk_mem_gen_1_40'.
CRITICAL WARNING: [IP_Flow 19-3933] Unable to construct an IP Instance blk_mem_gen_1_40 using VLNV :::.
ERROR: [IP_Flow 19-993] Could not find IP file for IP 'blk_mem_gen_1_39'.
CRITICAL WARNING: [IP_Flow 19-3933] Unable to construct an IP Instance blk_mem_gen_1_39 using VLNV :::.
ERROR: [IP_Flow 19-993] Could not find IP file for IP 'blk_mem_gen_1_38'.
CRITICAL WARNING: [IP_Flow 19-3933] Unable to construct an IP Instance blk_mem_gen_1_38 using VLNV :::.
ERROR: [IP_Flow 19-993] Could not find IP file for IP 'blk_mem_gen_1_37'.
CRITICAL WARNING: [IP_Flow 19-3933] Unable to construct an IP Instance blk_mem_gen_1_37 using VLNV :::.
ERROR: [IP_Flow 19-993] Could not find IP file for IP 'blk_mem_gen_1_36'.
CRITICAL WARNING: [IP_Flow 19-3933] Unable to construct an IP Instance blk_mem_gen_1_36 using VLNV :::.
ERROR: [IP_Flow 19-993] Could not find IP file for IP 'blk_mem_gen_1_35'.
CRITICAL WARNING: [IP_Flow 19-3933] Unable to construct an IP Instance blk_mem_gen_1_35 using VLNV :::.
ERROR: [IP_Flow 19-993] Could not find IP file for IP 'blk_mem_gen_1_34'.
CRITICAL WARNING: [IP_Flow 19-3933] Unable to construct an IP Instance blk_mem_gen_1_34 using VLNV :::.
ERROR: [IP_Flow 19-993] Could not find IP file for IP 'blk_mem_gen_1_33'.
CRITICAL WARNING: [IP_Flow 19-3933] Unable to construct an IP Instance blk_mem_gen_1_33 using VLNV :::.
ERROR: [IP_Flow 19-993] Could not find IP file for IP 'blk_mem_gen_1_32'.
CRITICAL WARNING: [IP_Flow 19-3933] Unable to construct an IP Instance blk_mem_gen_1_32 using VLNV :::.
ERROR: [IP_Flow 19-993] Could not find IP file for IP 'blk_mem_gen_1_31'.
CRITICAL WARNING: [IP_Flow 19-3933] Unable to construct an IP Instance blk_mem_gen_1_31 using VLNV :::.
ERROR: [IP_Flow 19-993] Could not find IP file for IP 'blk_mem_gen_1_30'.
CRITICAL WARNING: [IP_Flow 19-3933] Unable to construct an IP Instance blk_mem_gen_1_30 using VLNV :::.
ERROR: [IP_Flow 19-993] Could not find IP file for IP 'blk_mem_gen_1_29'.
CRITICAL WARNING: [IP_Flow 19-3933] Unable to construct an IP Instance blk_mem_gen_1_29 using VLNV :::.
ERROR: [IP_Flow 19-993] Could not find IP file for IP 'blk_mem_gen_1_28'.
CRITICAL WARNING: [IP_Flow 19-3933] Unable to construct an IP Instance blk_mem_gen_1_28 using VLNV :::.
ERROR: [IP_Flow 19-993] Could not find IP file for IP 'blk_mem_gen_1_27'.
CRITICAL WARNING: [IP_Flow 19-3933] Unable to construct an IP Instance blk_mem_gen_1_27 using VLNV :::.
ERROR: [IP_Flow 19-993] Could not find IP file for IP 'blk_mem_gen_1_26'.
CRITICAL WARNING: [IP_Flow 19-3933] Unable to construct an IP Instance blk_mem_gen_1_26 using VLNV :::.
ERROR: [IP_Flow 19-993] Could not find IP file for IP 'blk_mem_gen_1_25'.
CRITICAL WARNING: [IP_Flow 19-3933] Unable to construct an IP Instance blk_mem_gen_1_25 using VLNV :::.
ERROR: [IP_Flow 19-993] Could not find IP file for IP 'blk_mem_gen_1_24'.
CRITICAL WARNING: [IP_Flow 19-3933] Unable to construct an IP Instance blk_mem_gen_1_24 using VLNV :::.
ERROR: [IP_Flow 19-993] Could not find IP file for IP 'blk_mem_gen_1_23'.
CRITICAL WARNING: [IP_Flow 19-3933] Unable to construct an IP Instance blk_mem_gen_1_23 using VLNV :::.
ERROR: [IP_Flow 19-993] Could not find IP file for IP 'blk_mem_gen_1_22'.
CRITICAL WARNING: [IP_Flow 19-3933] Unable to construct an IP Instance blk_mem_gen_1_22 using VLNV :::.
ERROR: [IP_Flow 19-993] Could not find IP file for IP 'blk_mem_gen_1_21'.
CRITICAL WARNING: [IP_Flow 19-3933] Unable to construct an IP Instance blk_mem_gen_1_21 using VLNV :::.
ERROR: [IP_Flow 19-993] Could not find IP file for IP 'blk_mem_gen_1_20'.
CRITICAL WARNING: [IP_Flow 19-3933] Unable to construct an IP Instance blk_mem_gen_1_20 using VLNV :::.
ERROR: [IP_Flow 19-993] Could not find IP file for IP 'blk_mem_gen_1_19'.
CRITICAL WARNING: [IP_Flow 19-3933] Unable to construct an IP Instance blk_mem_gen_1_19 using VLNV :::.
ERROR: [IP_Flow 19-993] Could not find IP file for IP 'blk_mem_gen_1_18'.
CRITICAL WARNING: [IP_Flow 19-3933] Unable to construct an IP Instance blk_mem_gen_1_18 using VLNV :::.
ERROR: [IP_Flow 19-993] Could not find IP file for IP 'blk_mem_gen_1_17'.
CRITICAL WARNING: [IP_Flow 19-3933] Unable to construct an IP Instance blk_mem_gen_1_17 using VLNV :::.
ERROR: [IP_Flow 19-993] Could not find IP file for IP 'blk_mem_gen_1_16'.
CRITICAL WARNING: [IP_Flow 19-3933] Unable to construct an IP Instance blk_mem_gen_1_16 using VLNV :::.
ERROR: [IP_Flow 19-993] Could not find IP file for IP 'blk_mem_gen_1_15'.
CRITICAL WARNING: [IP_Flow 19-3933] Unable to construct an IP Instance blk_mem_gen_1_15 using VLNV :::.
ERROR: [IP_Flow 19-993] Could not find IP file for IP 'blk_mem_gen_1_14'.
CRITICAL WARNING: [IP_Flow 19-3933] Unable to construct an IP Instance blk_mem_gen_1_14 using VLNV :::.
ERROR: [IP_Flow 19-993] Could not find IP file for IP 'blk_mem_gen_1_13'.
CRITICAL WARNING: [IP_Flow 19-3933] Unable to construct an IP Instance blk_mem_gen_1_13 using VLNV :::.
ERROR: [IP_Flow 19-993] Could not find IP file for IP 'blk_mem_gen_1_12'.
CRITICAL WARNING: [IP_Flow 19-3933] Unable to construct an IP Instance blk_mem_gen_1_12 using VLNV :::.
ERROR: [IP_Flow 19-993] Could not find IP file for IP 'blk_mem_gen_1_11'.
CRITICAL WARNING: [IP_Flow 19-3933] Unable to construct an IP Instance blk_mem_gen_1_11 using VLNV :::.
ERROR: [IP_Flow 19-993] Could not find IP file for IP 'blk_mem_gen_1_10'.
CRITICAL WARNING: [IP_Flow 19-3933] Unable to construct an IP Instance blk_mem_gen_1_10 using VLNV :::.
ERROR: [IP_Flow 19-993] Could not find IP file for IP 'blk_mem_gen_1_9'.
CRITICAL WARNING: [IP_Flow 19-3933] Unable to construct an IP Instance blk_mem_gen_1_9 using VLNV :::.
ERROR: [IP_Flow 19-993] Could not find IP file for IP 'blk_mem_gen_1_8'.
CRITICAL WARNING: [IP_Flow 19-3933] Unable to construct an IP Instance blk_mem_gen_1_8 using VLNV :::.
ERROR: [IP_Flow 19-993] Could not find IP file for IP 'blk_mem_gen_1_7'.
CRITICAL WARNING: [IP_Flow 19-3933] Unable to construct an IP Instance blk_mem_gen_1_7 using VLNV :::.
ERROR: [IP_Flow 19-993] Could not find IP file for IP 'blk_mem_gen_1_6'.
CRITICAL WARNING: [IP_Flow 19-3933] Unable to construct an IP Instance blk_mem_gen_1_6 using VLNV :::.
ERROR: [IP_Flow 19-993] Could not find IP file for IP 'blk_mem_gen_1_5'.
CRITICAL WARNING: [IP_Flow 19-3933] Unable to construct an IP Instance blk_mem_gen_1_5 using VLNV :::.
ERROR: [IP_Flow 19-993] Could not find IP file for IP 'blk_mem_gen_1_4'.
CRITICAL WARNING: [IP_Flow 19-3933] Unable to construct an IP Instance blk_mem_gen_1_4 using VLNV :::.
ERROR: [IP_Flow 19-993] Could not find IP file for IP 'blk_mem_gen_1_3'.
CRITICAL WARNING: [IP_Flow 19-3933] Unable to construct an IP Instance blk_mem_gen_1_3 using VLNV :::.
ERROR: [IP_Flow 19-993] Could not find IP file for IP 'blk_mem_gen_1_2'.
CRITICAL WARNING: [IP_Flow 19-3933] Unable to construct an IP Instance blk_mem_gen_1_2 using VLNV :::.
ERROR: [IP_Flow 19-993] Could not find IP file for IP 'blk_mem_gen_1_1'.
CRITICAL WARNING: [IP_Flow 19-3933] Unable to construct an IP Instance blk_mem_gen_1_1 using VLNV :::.
open_project: Time (s): cpu = 00:00:04 ; elapsed = 00:00:18 . Memory (MB): peak = 1666.254 ; gain = 371.840
ERROR: [Common 17-39] 'open_project' failed due to earlier errors.
update_compile_order -fileset sources_1
WARNING: [IP_Flow 19-4067] Ignoring invalid widget type specified checkbox.Providing a default widget
WARNING: [IP_Flow 19-4067] Ignoring invalid widget type specified checkbox.Providing a default widget
create_ip -name blk_mem_gen -vendor xilinx.com -library ip -version 8.4 -module_name blk_mem_gen_1_1
generate_target {instantiation_template} [get_files C:/Users/kharp/Desktop/soundSteering_halfLUTs/soundSteering_halfLUTs.srcs/sources_1/ip/blk_mem_gen_1_1/blk_mem_gen_1_1.xci]
WARNING: [Vivado 12-1783] Unsupported target specified: 'instantiation_template'. Supported targets for this IP are: 'all'. File: 'blk_mem_gen_1_1.xci'. 
ERROR: [Vivado 12-1773] No legal targets specified.  Supported targets for this IP are: all. File: 'blk_mem_gen_1_1.xci'.
ERROR: [Common 17-39] 'generate_target' failed due to earlier errors.
WARNING: [IP_Flow 19-4067] Ignoring invalid widget type specified checkbox.Providing a default widget
WARNING: [IP_Flow 19-4067] Ignoring invalid widget type specified checkbox.Providing a default widget
set_property -dict [list \
  CONFIG.Enable_A {Always_Enabled} \
  CONFIG.Memory_Type {Single_Port_ROM} \
  CONFIG.Register_PortA_Output_of_Memory_Primitives {false} \
  CONFIG.Use_RSTA_Pin {true} \
  CONFIG.Write_Depth_A {2048} \
  CONFIG.Write_Width_A {12} \
] [get_ips blk_mem_gen_1_1]
WARNING: [IP_Flow 19-4067] Ignoring invalid widget type specified checkbox.Providing a default widget
WARNING: [IP_Flow 19-4067] Ignoring invalid widget type specified checkbox.Providing a default widget
WARNING: [IP_Flow 19-4067] Ignoring invalid widget type specified checkbox.Providing a default widget
WARNING: [IP_Flow 19-4067] Ignoring invalid widget type specified checkbox.Providing a default widget
WARNING: [IP_Flow 19-4067] Ignoring invalid widget type specified checkbox.Providing a default widget
WARNING: [IP_Flow 19-4067] Ignoring invalid widget type specified checkbox.Providing a default widget
INFO: [IP_Flow 19-3484] Absolute path of file 'c:/Users/kharp/Desktop/coes/t1h_lut.coe' provided. It will be converted relative to IP Instance files '../../../../../coes/t1h_lut.coe'
set_property -dict [list \
  CONFIG.Coe_File {C:/Users/kharp/Desktop/coes/t1h_lut.coe} \
  CONFIG.Load_Init_File {true} \
] [get_ips blk_mem_gen_1_1]
INFO: [IP_Flow 19-3484] Absolute path of file 'c:/Users/kharp/Desktop/coes/t1h_lut.coe' provided. It will be converted relative to IP Instance files '../../../../../coes/t1h_lut.coe'
config_ip_cache -clear_output_repo
config_ip_cache -clear_output_repo
WARNING: [IP_Flow 19-4067] Ignoring invalid widget type specified checkbox.Providing a default widget
WARNING: [IP_Flow 19-4067] Ignoring invalid widget type specified checkbox.Providing a default widget
INFO: [IP_Flow 19-3484] Absolute path of file 'c:/Users/kharp/Desktop/coes/t1h_lut.coe' provided. It will be converted relative to IP Instance files '../../../../../coes/t1h_lut.coe'
set_property -dict [list \
  CONFIG.Coe_File {C:/Users/kharp/Desktop/coes/t1h_lut.coe} \
  CONFIG.Load_Init_File {true} \
] [get_ips blk_mem_gen_1_1]
INFO: [IP_Flow 19-3484] Absolute path of file 'c:/Users/kharp/Desktop/coes/t1h_lut.coe' provided. It will be converted relative to IP Instance files '../../../../../coes/t1h_lut.coe'
WARNING: [IP_Flow 19-4067] Ignoring invalid widget type specified checkbox.Providing a default widget
WARNING: [IP_Flow 19-4067] Ignoring invalid widget type specified checkbox.Providing a default widget
WARNING: [IP_Flow 19-4067] Ignoring invalid widget type specified checkbox.Providing a default widget
WARNING: [IP_Flow 19-4067] Ignoring invalid widget type specified checkbox.Providing a default widget
export_ip_user_files -of_objects  [get_files C:/Users/kharp/Desktop/soundSteering_halfLUTs/soundSteering_halfLUTs.srcs/sources_1/ip/blk_mem_gen_1_2/blk_mem_gen_1_2.xci] -no_script -reset -force -quiet
export_ip_user_files -of_objects  [get_files C:/Users/kharp/Desktop/soundSteering_halfLUTs/soundSteering_halfLUTs.srcs/sources_1/ip/blk_mem_gen_1_3/blk_mem_gen_1_3.xci] -no_script -reset -force -quiet
export_ip_user_files -of_objects  [get_files C:/Users/kharp/Desktop/soundSteering_halfLUTs/soundSteering_halfLUTs.srcs/sources_1/ip/blk_mem_gen_1_4/blk_mem_gen_1_4.xci] -no_script -reset -force -quiet
export_ip_user_files -of_objects  [get_files C:/Users/kharp/Desktop/soundSteering_halfLUTs/soundSteering_halfLUTs.srcs/sources_1/ip/blk_mem_gen_1_5/blk_mem_gen_1_5.xci] -no_script -reset -force -quiet
export_ip_user_files -of_objects  [get_files C:/Users/kharp/Desktop/soundSteering_halfLUTs/soundSteering_halfLUTs.srcs/sources_1/ip/blk_mem_gen_1_6/blk_mem_gen_1_6.xci] -no_script -reset -force -quiet
export_ip_user_files -of_objects  [get_files C:/Users/kharp/Desktop/soundSteering_halfLUTs/soundSteering_halfLUTs.srcs/sources_1/ip/blk_mem_gen_1_7/blk_mem_gen_1_7.xci] -no_script -reset -force -quiet
export_ip_user_files -of_objects  [get_files C:/Users/kharp/Desktop/soundSteering_halfLUTs/soundSteering_halfLUTs.srcs/sources_1/ip/blk_mem_gen_1_8/blk_mem_gen_1_8.xci] -no_script -reset -force -quiet
export_ip_user_files -of_objects  [get_files C:/Users/kharp/Desktop/soundSteering_halfLUTs/soundSteering_halfLUTs.srcs/sources_1/ip/blk_mem_gen_1_9/blk_mem_gen_1_9.xci] -no_script -reset -force -quiet
export_ip_user_files -of_objects  [get_files C:/Users/kharp/Desktop/soundSteering_halfLUTs/soundSteering_halfLUTs.srcs/sources_1/ip/blk_mem_gen_1_10/blk_mem_gen_1_10.xci] -no_script -reset -force -quiet
export_ip_user_files -of_objects  [get_files C:/Users/kharp/Desktop/soundSteering_halfLUTs/soundSteering_halfLUTs.srcs/sources_1/ip/blk_mem_gen_1_11/blk_mem_gen_1_11.xci] -no_script -reset -force -quiet
export_ip_user_files -of_objects  [get_files C:/Users/kharp/Desktop/soundSteering_halfLUTs/soundSteering_halfLUTs.srcs/sources_1/ip/blk_mem_gen_1_12/blk_mem_gen_1_12.xci] -no_script -reset -force -quiet
export_ip_user_files -of_objects  [get_files C:/Users/kharp/Desktop/soundSteering_halfLUTs/soundSteering_halfLUTs.srcs/sources_1/ip/blk_mem_gen_1_13/blk_mem_gen_1_13.xci] -no_script -reset -force -quiet
export_ip_user_files -of_objects  [get_files C:/Users/kharp/Desktop/soundSteering_halfLUTs/soundSteering_halfLUTs.srcs/sources_1/ip/blk_mem_gen_1_14/blk_mem_gen_1_14.xci] -no_script -reset -force -quiet
export_ip_user_files -of_objects  [get_files C:/Users/kharp/Desktop/soundSteering_halfLUTs/soundSteering_halfLUTs.srcs/sources_1/ip/blk_mem_gen_1_15/blk_mem_gen_1_15.xci] -no_script -reset -force -quiet
export_ip_user_files -of_objects  [get_files C:/Users/kharp/Desktop/soundSteering_halfLUTs/soundSteering_halfLUTs.srcs/sources_1/ip/blk_mem_gen_1_16/blk_mem_gen_1_16.xci] -no_script -reset -force -quiet
export_ip_user_files -of_objects  [get_files C:/Users/kharp/Desktop/soundSteering_halfLUTs/soundSteering_halfLUTs.srcs/sources_1/ip/blk_mem_gen_1_17/blk_mem_gen_1_17.xci] -no_script -reset -force -quiet
export_ip_user_files -of_objects  [get_files C:/Users/kharp/Desktop/soundSteering_halfLUTs/soundSteering_halfLUTs.srcs/sources_1/ip/blk_mem_gen_1_18/blk_mem_gen_1_18.xci] -no_script -reset -force -quiet
export_ip_user_files -of_objects  [get_files C:/Users/kharp/Desktop/soundSteering_halfLUTs/soundSteering_halfLUTs.srcs/sources_1/ip/blk_mem_gen_1_19/blk_mem_gen_1_19.xci] -no_script -reset -force -quiet
export_ip_user_files -of_objects  [get_files C:/Users/kharp/Desktop/soundSteering_halfLUTs/soundSteering_halfLUTs.srcs/sources_1/ip/blk_mem_gen_1_20/blk_mem_gen_1_20.xci] -no_script -reset -force -quiet
export_ip_user_files -of_objects  [get_files C:/Users/kharp/Desktop/soundSteering_halfLUTs/soundSteering_halfLUTs.srcs/sources_1/ip/blk_mem_gen_1_21/blk_mem_gen_1_21.xci] -no_script -reset -force -quiet
export_ip_user_files -of_objects  [get_files C:/Users/kharp/Desktop/soundSteering_halfLUTs/soundSteering_halfLUTs.srcs/sources_1/ip/blk_mem_gen_1_22/blk_mem_gen_1_22.xci] -no_script -reset -force -quiet
export_ip_user_files -of_objects  [get_files C:/Users/kharp/Desktop/soundSteering_halfLUTs/soundSteering_halfLUTs.srcs/sources_1/ip/blk_mem_gen_1_23/blk_mem_gen_1_23.xci] -no_script -reset -force -quiet
export_ip_user_files -of_objects  [get_files C:/Users/kharp/Desktop/soundSteering_halfLUTs/soundSteering_halfLUTs.srcs/sources_1/ip/blk_mem_gen_1_24/blk_mem_gen_1_24.xci] -no_script -reset -force -quiet
export_ip_user_files -of_objects  [get_files C:/Users/kharp/Desktop/soundSteering_halfLUTs/soundSteering_halfLUTs.srcs/sources_1/ip/blk_mem_gen_1_25/blk_mem_gen_1_25.xci] -no_script -reset -force -quiet
export_ip_user_files -of_objects  [get_files C:/Users/kharp/Desktop/soundSteering_halfLUTs/soundSteering_halfLUTs.srcs/sources_1/ip/blk_mem_gen_1_26/blk_mem_gen_1_26.xci] -no_script -reset -force -quiet
export_ip_user_files -of_objects  [get_files C:/Users/kharp/Desktop/soundSteering_halfLUTs/soundSteering_halfLUTs.srcs/sources_1/ip/blk_mem_gen_1_27/blk_mem_gen_1_27.xci] -no_script -reset -force -quiet
export_ip_user_files -of_objects  [get_files C:/Users/kharp/Desktop/soundSteering_halfLUTs/soundSteering_halfLUTs.srcs/sources_1/ip/blk_mem_gen_1_28/blk_mem_gen_1_28.xci] -no_script -reset -force -quiet
export_ip_user_files -of_objects  [get_files C:/Users/kharp/Desktop/soundSteering_halfLUTs/soundSteering_halfLUTs.srcs/sources_1/ip/blk_mem_gen_1_29/blk_mem_gen_1_29.xci] -no_script -reset -force -quiet
export_ip_user_files -of_objects  [get_files C:/Users/kharp/Desktop/soundSteering_halfLUTs/soundSteering_halfLUTs.srcs/sources_1/ip/blk_mem_gen_1_30/blk_mem_gen_1_30.xci] -no_script -reset -force -quiet
export_ip_user_files -of_objects  [get_files C:/Users/kharp/Desktop/soundSteering_halfLUTs/soundSteering_halfLUTs.srcs/sources_1/ip/blk_mem_gen_1_31/blk_mem_gen_1_31.xci] -no_script -reset -force -quiet
export_ip_user_files -of_objects  [get_files C:/Users/kharp/Desktop/soundSteering_halfLUTs/soundSteering_halfLUTs.srcs/sources_1/ip/blk_mem_gen_1_32/blk_mem_gen_1_32.xci] -no_script -reset -force -quiet
export_ip_user_files -of_objects  [get_files C:/Users/kharp/Desktop/soundSteering_halfLUTs/soundSteering_halfLUTs.srcs/sources_1/ip/blk_mem_gen_1_33/blk_mem_gen_1_33.xci] -no_script -reset -force -quiet
export_ip_user_files -of_objects  [get_files C:/Users/kharp/Desktop/soundSteering_halfLUTs/soundSteering_halfLUTs.srcs/sources_1/ip/blk_mem_gen_1_34/blk_mem_gen_1_34.xci] -no_script -reset -force -quiet
export_ip_user_files -of_objects  [get_files C:/Users/kharp/Desktop/soundSteering_halfLUTs/soundSteering_halfLUTs.srcs/sources_1/ip/blk_mem_gen_1_35/blk_mem_gen_1_35.xci] -no_script -reset -force -quiet
export_ip_user_files -of_objects  [get_files C:/Users/kharp/Desktop/soundSteering_halfLUTs/soundSteering_halfLUTs.srcs/sources_1/ip/blk_mem_gen_1_36/blk_mem_gen_1_36.xci] -no_script -reset -force -quiet
export_ip_user_files -of_objects  [get_files C:/Users/kharp/Desktop/soundSteering_halfLUTs/soundSteering_halfLUTs.srcs/sources_1/ip/blk_mem_gen_1_37/blk_mem_gen_1_37.xci] -no_script -reset -force -quiet
export_ip_user_files -of_objects  [get_files C:/Users/kharp/Desktop/soundSteering_halfLUTs/soundSteering_halfLUTs.srcs/sources_1/ip/blk_mem_gen_1_38/blk_mem_gen_1_38.xci] -no_script -reset -force -quiet
export_ip_user_files -of_objects  [get_files C:/Users/kharp/Desktop/soundSteering_halfLUTs/soundSteering_halfLUTs.srcs/sources_1/ip/blk_mem_gen_1_39/blk_mem_gen_1_39.xci] -no_script -reset -force -quiet
export_ip_user_files -of_objects  [get_files C:/Users/kharp/Desktop/soundSteering_halfLUTs/soundSteering_halfLUTs.srcs/sources_1/ip/blk_mem_gen_1_40/blk_mem_gen_1_40.xci] -no_script -reset -force -quiet
export_ip_user_files -of_objects  [get_files C:/Users/kharp/Desktop/soundSteering_halfLUTs/soundSteering_halfLUTs.srcs/sources_1/ip/blk_mem_gen_1_41/blk_mem_gen_1_41.xci] -no_script -reset -force -quiet
export_ip_user_files -of_objects  [get_files C:/Users/kharp/Desktop/soundSteering_halfLUTs/soundSteering_halfLUTs.srcs/sources_1/ip/blk_mem_gen_1_42/blk_mem_gen_1_42.xci] -no_script -reset -force -quiet
export_ip_user_files -of_objects  [get_files C:/Users/kharp/Desktop/soundSteering_halfLUTs/soundSteering_halfLUTs.srcs/sources_1/ip/blk_mem_gen_1_43/blk_mem_gen_1_43.xci] -no_script -reset -force -quiet
export_ip_user_files -of_objects  [get_files C:/Users/kharp/Desktop/soundSteering_halfLUTs/soundSteering_halfLUTs.srcs/sources_1/ip/blk_mem_gen_1_44/blk_mem_gen_1_44.xci] -no_script -reset -force -quiet
export_ip_user_files -of_objects  [get_files C:/Users/kharp/Desktop/soundSteering_halfLUTs/soundSteering_halfLUTs.srcs/sources_1/ip/blk_mem_gen_1_45/blk_mem_gen_1_45.xci] -no_script -reset -force -quiet
export_ip_user_files -of_objects  [get_files C:/Users/kharp/Desktop/soundSteering_halfLUTs/soundSteering_halfLUTs.srcs/sources_1/ip/blk_mem_gen_1_46/blk_mem_gen_1_46.xci] -no_script -reset -force -quiet
export_ip_user_files -of_objects  [get_files C:/Users/kharp/Desktop/soundSteering_halfLUTs/soundSteering_halfLUTs.srcs/sources_1/ip/blk_mem_gen_1_47/blk_mem_gen_1_47.xci] -no_script -reset -force -quiet
export_ip_user_files -of_objects  [get_files C:/Users/kharp/Desktop/soundSteering_halfLUTs/soundSteering_halfLUTs.srcs/sources_1/ip/blk_mem_gen_1_48/blk_mem_gen_1_48.xci] -no_script -reset -force -quiet
export_ip_user_files -of_objects  [get_files C:/Users/kharp/Desktop/soundSteering_halfLUTs/soundSteering_halfLUTs.srcs/sources_1/ip/blk_mem_gen_1_49/blk_mem_gen_1_49.xci] -no_script -reset -force -quiet
export_ip_user_files -of_objects  [get_files C:/Users/kharp/Desktop/soundSteering_halfLUTs/soundSteering_halfLUTs.srcs/sources_1/ip/blk_mem_gen_1_50/blk_mem_gen_1_50.xci] -no_script -reset -force -quiet
export_ip_user_files -of_objects  [get_files C:/Users/kharp/Desktop/soundSteering_halfLUTs/soundSteering_halfLUTs.srcs/sources_1/ip/blk_mem_gen_1_51/blk_mem_gen_1_51.xci] -no_script -reset -force -quiet
export_ip_user_files -of_objects  [get_files C:/Users/kharp/Desktop/soundSteering_halfLUTs/soundSteering_halfLUTs.srcs/sources_1/ip/blk_mem_gen_1_52/blk_mem_gen_1_52.xci] -no_script -reset -force -quiet
export_ip_user_files -of_objects  [get_files C:/Users/kharp/Desktop/soundSteering_halfLUTs/soundSteering_halfLUTs.srcs/sources_1/ip/blk_mem_gen_1_53/blk_mem_gen_1_53.xci] -no_script -reset -force -quiet
export_ip_user_files -of_objects  [get_files C:/Users/kharp/Desktop/soundSteering_halfLUTs/soundSteering_halfLUTs.srcs/sources_1/ip/blk_mem_gen_1_54/blk_mem_gen_1_54.xci] -no_script -reset -force -quiet
export_ip_user_files -of_objects  [get_files C:/Users/kharp/Desktop/soundSteering_halfLUTs/soundSteering_halfLUTs.srcs/sources_1/ip/blk_mem_gen_1_55/blk_mem_gen_1_55.xci] -no_script -reset -force -quiet
export_ip_user_files -of_objects  [get_files C:/Users/kharp/Desktop/soundSteering_halfLUTs/soundSteering_halfLUTs.srcs/sources_1/ip/blk_mem_gen_1_56/blk_mem_gen_1_56.xci] -no_script -reset -force -quiet
export_ip_user_files -of_objects  [get_files C:/Users/kharp/Desktop/soundSteering_halfLUTs/soundSteering_halfLUTs.srcs/sources_1/ip/blk_mem_gen_1_57/blk_mem_gen_1_57.xci] -no_script -reset -force -quiet
export_ip_user_files -of_objects  [get_files C:/Users/kharp/Desktop/soundSteering_halfLUTs/soundSteering_halfLUTs.srcs/sources_1/ip/blk_mem_gen_1_58/blk_mem_gen_1_58.xci] -no_script -reset -force -quiet
export_ip_user_files -of_objects  [get_files C:/Users/kharp/Desktop/soundSteering_halfLUTs/soundSteering_halfLUTs.srcs/sources_1/ip/blk_mem_gen_1_59/blk_mem_gen_1_59.xci] -no_script -reset -force -quiet
export_ip_user_files -of_objects  [get_files C:/Users/kharp/Desktop/soundSteering_halfLUTs/soundSteering_halfLUTs.srcs/sources_1/ip/blk_mem_gen_1_60/blk_mem_gen_1_60.xci] -no_script -reset -force -quiet
export_ip_user_files -of_objects  [get_files C:/Users/kharp/Desktop/soundSteering_halfLUTs/soundSteering_halfLUTs.srcs/sources_1/ip/blk_mem_gen_1_61/blk_mem_gen_1_61.xci] -no_script -reset -force -quiet
export_ip_user_files -of_objects  [get_files C:/Users/kharp/Desktop/soundSteering_halfLUTs/soundSteering_halfLUTs.srcs/sources_1/ip/blk_mem_gen_1_62/blk_mem_gen_1_62.xci] -no_script -reset -force -quiet
export_ip_user_files -of_objects  [get_files C:/Users/kharp/Desktop/soundSteering_halfLUTs/soundSteering_halfLUTs.srcs/sources_1/ip/blk_mem_gen_1_63/blk_mem_gen_1_63.xci] -no_script -reset -force -quiet
export_ip_user_files -of_objects  [get_files C:/Users/kharp/Desktop/soundSteering_halfLUTs/soundSteering_halfLUTs.srcs/sources_1/ip/blk_mem_gen_1_64/blk_mem_gen_1_64.xci] -no_script -reset -force -quiet
remove_files  {C:/Users/kharp/Desktop/soundSteering_halfLUTs/soundSteering_halfLUTs.srcs/sources_1/ip/blk_mem_gen_1_2/blk_mem_gen_1_2.xci C:/Users/kharp/Desktop/soundSteering_halfLUTs/soundSteering_halfLUTs.srcs/sources_1/ip/blk_mem_gen_1_3/blk_mem_gen_1_3.xci C:/Users/kharp/Desktop/soundSteering_halfLUTs/soundSteering_halfLUTs.srcs/sources_1/ip/blk_mem_gen_1_4/blk_mem_gen_1_4.xci C:/Users/kharp/Desktop/soundSteering_halfLUTs/soundSteering_halfLUTs.srcs/sources_1/ip/blk_mem_gen_1_5/blk_mem_gen_1_5.xci C:/Users/kharp/Desktop/soundSteering_halfLUTs/soundSteering_halfLUTs.srcs/sources_1/ip/blk_mem_gen_1_6/blk_mem_gen_1_6.xci C:/Users/kharp/Desktop/soundSteering_halfLUTs/soundSteering_halfLUTs.srcs/sources_1/ip/blk_mem_gen_1_7/blk_mem_gen_1_7.xci C:/Users/kharp/Desktop/soundSteering_halfLUTs/soundSteering_halfLUTs.srcs/sources_1/ip/blk_mem_gen_1_8/blk_mem_gen_1_8.xci C:/Users/kharp/Desktop/soundSteering_halfLUTs/soundSteering_halfLUTs.srcs/sources_1/ip/blk_mem_gen_1_9/blk_mem_gen_1_9.xci C:/Users/kharp/Desktop/soundSteering_halfLUTs/soundSteering_halfLUTs.srcs/sources_1/ip/blk_mem_gen_1_10/blk_mem_gen_1_10.xci C:/Users/kharp/Desktop/soundSteering_halfLUTs/soundSteering_halfLUTs.srcs/sources_1/ip/blk_mem_gen_1_11/blk_mem_gen_1_11.xci C:/Users/kharp/Desktop/soundSteering_halfLUTs/soundSteering_halfLUTs.srcs/sources_1/ip/blk_mem_gen_1_12/blk_mem_gen_1_12.xci C:/Users/kharp/Desktop/soundSteering_halfLUTs/soundSteering_halfLUTs.srcs/sources_1/ip/blk_mem_gen_1_13/blk_mem_gen_1_13.xci C:/Users/kharp/Desktop/soundSteering_halfLUTs/soundSteering_halfLUTs.srcs/sources_1/ip/blk_mem_gen_1_14/blk_mem_gen_1_14.xci C:/Users/kharp/Desktop/soundSteering_halfLUTs/soundSteering_halfLUTs.srcs/sources_1/ip/blk_mem_gen_1_15/blk_mem_gen_1_15.xci C:/Users/kharp/Desktop/soundSteering_halfLUTs/soundSteering_halfLUTs.srcs/sources_1/ip/blk_mem_gen_1_16/blk_mem_gen_1_16.xci C:/Users/kharp/Desktop/soundSteering_halfLUTs/soundSteering_halfLUTs.srcs/sources_1/ip/blk_mem_gen_1_17/blk_mem_gen_1_17.xci C:/Users/kharp/Desktop/soundSteering_halfLUTs/soundSteering_halfLUTs.srcs/sources_1/ip/blk_mem_gen_1_18/blk_mem_gen_1_18.xci C:/Users/kharp/Desktop/soundSteering_halfLUTs/soundSteering_halfLUTs.srcs/sources_1/ip/blk_mem_gen_1_19/blk_mem_gen_1_19.xci C:/Users/kharp/Desktop/soundSteering_halfLUTs/soundSteering_halfLUTs.srcs/sources_1/ip/blk_mem_gen_1_20/blk_mem_gen_1_20.xci C:/Users/kharp/Desktop/soundSteering_halfLUTs/soundSteering_halfLUTs.srcs/sources_1/ip/blk_mem_gen_1_21/blk_mem_gen_1_21.xci C:/Users/kharp/Desktop/soundSteering_halfLUTs/soundSteering_halfLUTs.srcs/sources_1/ip/blk_mem_gen_1_22/blk_mem_gen_1_22.xci C:/Users/kharp/Desktop/soundSteering_halfLUTs/soundSteering_halfLUTs.srcs/sources_1/ip/blk_mem_gen_1_23/blk_mem_gen_1_23.xci C:/Users/kharp/Desktop/soundSteering_halfLUTs/soundSteering_halfLUTs.srcs/sources_1/ip/blk_mem_gen_1_24/blk_mem_gen_1_24.xci C:/Users/kharp/Desktop/soundSteering_halfLUTs/soundSteering_halfLUTs.srcs/sources_1/ip/blk_mem_gen_1_25/blk_mem_gen_1_25.xci C:/Users/kharp/Desktop/soundSteering_halfLUTs/soundSteering_halfLUTs.srcs/sources_1/ip/blk_mem_gen_1_26/blk_mem_gen_1_26.xci C:/Users/kharp/Desktop/soundSteering_halfLUTs/soundSteering_halfLUTs.srcs/sources_1/ip/blk_mem_gen_1_27/blk_mem_gen_1_27.xci C:/Users/kharp/Desktop/soundSteering_halfLUTs/soundSteering_halfLUTs.srcs/sources_1/ip/blk_mem_gen_1_28/blk_mem_gen_1_28.xci C:/Users/kharp/Desktop/soundSteering_halfLUTs/soundSteering_halfLUTs.srcs/sources_1/ip/blk_mem_gen_1_29/blk_mem_gen_1_29.xci C:/Users/kharp/Desktop/soundSteering_halfLUTs/soundSteering_halfLUTs.srcs/sources_1/ip/blk_mem_gen_1_30/blk_mem_gen_1_30.xci C:/Users/kharp/Desktop/soundSteering_halfLUTs/soundSteering_halfLUTs.srcs/sources_1/ip/blk_mem_gen_1_31/blk_mem_gen_1_31.xci C:/Users/kharp/Desktop/soundSteering_halfLUTs/soundSteering_halfLUTs.srcs/sources_1/ip/blk_mem_gen_1_32/blk_mem_gen_1_32.xci C:/Users/kharp/Desktop/soundSteering_halfLUTs/soundSteering_halfLUTs.srcs/sources_1/ip/blk_mem_gen_1_33/blk_mem_gen_1_33.xci C:/Users/kharp/Desktop/soundSteering_halfLUTs/soundSteering_halfLUTs.srcs/sources_1/ip/blk_mem_gen_1_34/blk_mem_gen_1_34.xci C:/Users/kharp/Desktop/soundSteering_halfLUTs/soundSteering_halfLUTs.srcs/sources_1/ip/blk_mem_gen_1_35/blk_mem_gen_1_35.xci C:/Users/kharp/Desktop/soundSteering_halfLUTs/soundSteering_halfLUTs.srcs/sources_1/ip/blk_mem_gen_1_36/blk_mem_gen_1_36.xci C:/Users/kharp/Desktop/soundSteering_halfLUTs/soundSteering_halfLUTs.srcs/sources_1/ip/blk_mem_gen_1_37/blk_mem_gen_1_37.xci C:/Users/kharp/Desktop/soundSteering_halfLUTs/soundSteering_halfLUTs.srcs/sources_1/ip/blk_mem_gen_1_38/blk_mem_gen_1_38.xci C:/Users/kharp/Desktop/soundSteering_halfLUTs/soundSteering_halfLUTs.srcs/sources_1/ip/blk_mem_gen_1_39/blk_mem_gen_1_39.xci C:/Users/kharp/Desktop/soundSteering_halfLUTs/soundSteering_halfLUTs.srcs/sources_1/ip/blk_mem_gen_1_40/blk_mem_gen_1_40.xci C:/Users/kharp/Desktop/soundSteering_halfLUTs/soundSteering_halfLUTs.srcs/sources_1/ip/blk_mem_gen_1_41/blk_mem_gen_1_41.xci C:/Users/kharp/Desktop/soundSteering_halfLUTs/soundSteering_halfLUTs.srcs/sources_1/ip/blk_mem_gen_1_42/blk_mem_gen_1_42.xci C:/Users/kharp/Desktop/soundSteering_halfLUTs/soundSteering_halfLUTs.srcs/sources_1/ip/blk_mem_gen_1_43/blk_mem_gen_1_43.xci C:/Users/kharp/Desktop/soundSteering_halfLUTs/soundSteering_halfLUTs.srcs/sources_1/ip/blk_mem_gen_1_44/blk_mem_gen_1_44.xci C:/Users/kharp/Desktop/soundSteering_halfLUTs/soundSteering_halfLUTs.srcs/sources_1/ip/blk_mem_gen_1_45/blk_mem_gen_1_45.xci C:/Users/kharp/Desktop/soundSteering_halfLUTs/soundSteering_halfLUTs.srcs/sources_1/ip/blk_mem_gen_1_46/blk_mem_gen_1_46.xci C:/Users/kharp/Desktop/soundSteering_halfLUTs/soundSteering_halfLUTs.srcs/sources_1/ip/blk_mem_gen_1_47/blk_mem_gen_1_47.xci C:/Users/kharp/Desktop/soundSteering_halfLUTs/soundSteering_halfLUTs.srcs/sources_1/ip/blk_mem_gen_1_48/blk_mem_gen_1_48.xci C:/Users/kharp/Desktop/soundSteering_halfLUTs/soundSteering_halfLUTs.srcs/sources_1/ip/blk_mem_gen_1_49/blk_mem_gen_1_49.xci C:/Users/kharp/Desktop/soundSteering_halfLUTs/soundSteering_halfLUTs.srcs/sources_1/ip/blk_mem_gen_1_50/blk_mem_gen_1_50.xci C:/Users/kharp/Desktop/soundSteering_halfLUTs/soundSteering_halfLUTs.srcs/sources_1/ip/blk_mem_gen_1_51/blk_mem_gen_1_51.xci C:/Users/kharp/Desktop/soundSteering_halfLUTs/soundSteering_halfLUTs.srcs/sources_1/ip/blk_mem_gen_1_52/blk_mem_gen_1_52.xci C:/Users/kharp/Desktop/soundSteering_halfLUTs/soundSteering_halfLUTs.srcs/sources_1/ip/blk_mem_gen_1_53/blk_mem_gen_1_53.xci C:/Users/kharp/Desktop/soundSteering_halfLUTs/soundSteering_halfLUTs.srcs/sources_1/ip/blk_mem_gen_1_54/blk_mem_gen_1_54.xci C:/Users/kharp/Desktop/soundSteering_halfLUTs/soundSteering_halfLUTs.srcs/sources_1/ip/blk_mem_gen_1_55/blk_mem_gen_1_55.xci C:/Users/kharp/Desktop/soundSteering_halfLUTs/soundSteering_halfLUTs.srcs/sources_1/ip/blk_mem_gen_1_56/blk_mem_gen_1_56.xci C:/Users/kharp/Desktop/soundSteering_halfLUTs/soundSteering_halfLUTs.srcs/sources_1/ip/blk_mem_gen_1_57/blk_mem_gen_1_57.xci C:/Users/kharp/Desktop/soundSteering_halfLUTs/soundSteering_halfLUTs.srcs/sources_1/ip/blk_mem_gen_1_58/blk_mem_gen_1_58.xci C:/Users/kharp/Desktop/soundSteering_halfLUTs/soundSteering_halfLUTs.srcs/sources_1/ip/blk_mem_gen_1_59/blk_mem_gen_1_59.xci C:/Users/kharp/Desktop/soundSteering_halfLUTs/soundSteering_halfLUTs.srcs/sources_1/ip/blk_mem_gen_1_60/blk_mem_gen_1_60.xci C:/Users/kharp/Desktop/soundSteering_halfLUTs/soundSteering_halfLUTs.srcs/sources_1/ip/blk_mem_gen_1_61/blk_mem_gen_1_61.xci C:/Users/kharp/Desktop/soundSteering_halfLUTs/soundSteering_halfLUTs.srcs/sources_1/ip/blk_mem_gen_1_62/blk_mem_gen_1_62.xci C:/Users/kharp/Desktop/soundSteering_halfLUTs/soundSteering_halfLUTs.srcs/sources_1/ip/blk_mem_gen_1_63/blk_mem_gen_1_63.xci C:/Users/kharp/Desktop/soundSteering_halfLUTs/soundSteering_halfLUTs.srcs/sources_1/ip/blk_mem_gen_1_64/blk_mem_gen_1_64.xci}
export_ip_user_files -of_objects  [get_files C:/Users/kharp/Desktop/soundSteering_halfLUTs/soundSteering_halfLUTs.srcs/sources_1/ip/blk_mem_gen_1_1/blk_mem_gen_1_1.xci] -no_script -reset -force -quiet
remove_files  C:/Users/kharp/Desktop/soundSteering_halfLUTs/soundSteering_halfLUTs.srcs/sources_1/ip/blk_mem_gen_1_1/blk_mem_gen_1_1.xci
file delete -force C:/Users/kharp/Desktop/soundSteering_halfLUTs/soundSteering_halfLUTs.srcs/sources_1/ip/blk_mem_gen_1_1
WARNING: [IP_Flow 19-4067] Ignoring invalid widget type specified checkbox.Providing a default widget
WARNING: [IP_Flow 19-4067] Ignoring invalid widget type specified checkbox.Providing a default widget
WARNING: [IP_Flow 19-4067] Ignoring invalid widget type specified checkbox.Providing a default widget
WARNING: [IP_Flow 19-4067] Ignoring invalid widget type specified checkbox.Providing a default widget
create_ip -name blk_mem_gen -vendor xilinx.com -library ip -version 8.4 -module_name blk_mem_gen_1_2
