
*** Running vivado
    with args -log msys_ilmb_v10_0.vds -m64 -product Vivado -mode batch -messageDb vivado.pb -notrace -source msys_ilmb_v10_0.tcl


ECHO is off.
ECHO is off.

****** Vivado v2023.2 (64-bit)
  **** SW Build 4029153 on Fri Oct 13 20:14:34 MDT 2023
  **** IP Build 4028589 on Sat Oct 14 00:45:43 MDT 2023
  **** SharedData Build 4025554 on Tue Oct 10 17:18:54 MDT 2023
    ** Copyright 1986-2022 Xilinx, Inc. All Rights Reserved.
    ** Copyright 2022-2023 Advanced Micro Devices, Inc. All Rights Reserved.

source msys_ilmb_v10_0.tcl -notrace
create_project: Time (s): cpu = 00:00:03 ; elapsed = 00:00:06 . Memory (MB): peak = 475.266 ; gain = 183.141
INFO: [IP_Flow 19-234] Refreshing IP repositories
INFO: [IP_Flow 19-1700] Loaded user IP repository 'c:/Users/kharp/Desktop/soundSteering_halfLUTs/IP'.
INFO: [IP_Flow 19-1700] Loaded user IP repository 'c:/Users/kharp/Desktop/soundSteering'.
WARNING: [IP_Flow 19-3656] If you move the project, the path for repository 'c:/Users/kharp/Desktop/soundSteering' may become invalid. A better location for the repository would be in a path adjacent to the project. (Current project location is 'c:/Users/kharp/Desktop/soundSteering_halfLUTs/soundSteering_halfLUTs.runs/msys_ilmb_v10_0_synth_1'.)
INFO: [IP_Flow 19-2313] Loaded Vivado IP repository 'C:/Xilinx/Vivado/2023.2/data/ip'.
INFO: [IP_Flow 19-6924] IPCACHE: Running cache check for IP inst: msys_ilmb_v10_0
INFO: [IP_Flow 19-6922] IPCACHE: Exporting cached entry 54ffa6e6390e9efa to dir: C:/Users/kharp/Desktop/soundSteering_halfLUTs/soundSteering_halfLUTs.runs/msys_ilmb_v10_0_synth_1
INFO: [IP_Flow 19-6928] IPCACHE: copied cached file c:/Users/kharp/Desktop/soundSteering_halfLUTs/soundSteering_halfLUTs.cache/ip/2023.2/5/4/54ffa6e6390e9efa/msys_dlmb_v10_0.dcp to C:/Users/kharp/Desktop/soundSteering_halfLUTs/soundSteering_halfLUTs.runs/msys_ilmb_v10_0_synth_1/msys_ilmb_v10_0.dcp.
INFO: [IP_Flow 19-6928] IPCACHE: copied cached file c:/Users/kharp/Desktop/soundSteering_halfLUTs/soundSteering_halfLUTs.cache/ip/2023.2/5/4/54ffa6e6390e9efa/msys_dlmb_v10_0_sim_netlist.v to C:/Users/kharp/Desktop/soundSteering_halfLUTs/soundSteering_halfLUTs.runs/msys_ilmb_v10_0_synth_1/msys_ilmb_v10_0_sim_netlist.v.
INFO: [IP_Flow 19-6928] IPCACHE: copied cached file c:/Users/kharp/Desktop/soundSteering_halfLUTs/soundSteering_halfLUTs.cache/ip/2023.2/5/4/54ffa6e6390e9efa/msys_dlmb_v10_0_sim_netlist.vhdl to C:/Users/kharp/Desktop/soundSteering_halfLUTs/soundSteering_halfLUTs.runs/msys_ilmb_v10_0_synth_1/msys_ilmb_v10_0_sim_netlist.vhdl.
INFO: [IP_Flow 19-6928] IPCACHE: copied cached file c:/Users/kharp/Desktop/soundSteering_halfLUTs/soundSteering_halfLUTs.cache/ip/2023.2/5/4/54ffa6e6390e9efa/msys_dlmb_v10_0_stub.v to C:/Users/kharp/Desktop/soundSteering_halfLUTs/soundSteering_halfLUTs.runs/msys_ilmb_v10_0_synth_1/msys_ilmb_v10_0_stub.v.
INFO: [IP_Flow 19-6928] IPCACHE: copied cached file c:/Users/kharp/Desktop/soundSteering_halfLUTs/soundSteering_halfLUTs.cache/ip/2023.2/5/4/54ffa6e6390e9efa/msys_dlmb_v10_0_stub.vhdl to C:/Users/kharp/Desktop/soundSteering_halfLUTs/soundSteering_halfLUTs.runs/msys_ilmb_v10_0_synth_1/msys_ilmb_v10_0_stub.vhdl.
INFO: [IP_Flow 19-4838] Using cached IP synthesis design for IP msys_ilmb_v10_0, cache-ID = 54ffa6e6390e9efa.
INFO: [Common 17-206] Exiting Vivado at Thu Apr 18 16:22:34 2024...
