********************************************************************************
* Unified simulation Tcl App stack trace dump
*
* File: .usf.tcl_error.log (Sat Jan 27 21:25:40 2024)
*
* This file is generated by the unified simulation automation and contains the
* tcl stack trace of error returned by the simulator App for the current run.
*
********************************************************************************
ERROR: [Common 17-39] 'write_vhdl' failed due to earlier errors.

    while executing
"write_vhdl -mode funcsim -nolib -force -file "C:/Users/kharp/desktop/test_board/vivado/test_board.sim/sim_1/synth/func/xsim/test_serial_adc_pwm_top_fu..."
    ("eval" body line 1)
    invoked from within
"eval "write_vhdl $wv_args""
    (procedure "xcs_write_design_netlist" line 88)
    invoked from within
"xcs_write_design_netlist $a_sim_vars(s_simset)           $a_sim_vars(s_simulation_flow)  $a_sim_vars(s_type)             $a_sim_vars(s_sim_top)       ..."
    (procedure "usf_xsim_setup_simulation" line 58)
    invoked from within
"usf_xsim_setup_simulation"
    (procedure "tclapp::xilinx::xsim::setup" line 24)
    invoked from within
"tclapp::xilinx::xsim::setup { -simset sim_1 -mode post-synthesis -type functional -run_dir C:/Users/kharp/desktop/test_board/vivado/test_board.sim/sim..."
