INFO: [VRFC 10-163] Analyzing VHDL file "C:/Users/kharp/Desktop/soundSteering_halfLUTs/soundSteering_halfLUTs.sim/sim_1/synth/func/xsim/test_shiftRAM_func_synth.vhd" into library xil_defaultlib
INFO: [VRFC 10-3107] analyzing entity 'msys_axi_iic_0_0_SRL_FIFO'
INFO: [VRFC 10-3107] analyzing entity 'msys_axi_iic_0_0_SRL_FIFO_0'
INFO: [VRFC 10-3107] analyzing entity '\msys_axi_iic_0_0_SRL_FIFO__parameterized0\'
INFO: [VRFC 10-3107] analyzing entity 'msys_axi_iic_0_0_address_decoder'
INFO: [VRFC 10-3107] analyzing entity 'msys_axi_iic_0_0_cdc_sync'
INFO: [VRFC 10-3107] analyzing entity 'msys_axi_iic_0_0_cdc_sync_4'
INFO: [VRFC 10-3107] analyzing entity 'msys_axi_iic_0_0_dynamic_master'
INFO: [VRFC 10-3107] analyzing entity 'msys_axi_iic_0_0_interrupt_control'
INFO: [VRFC 10-3107] analyzing entity 'msys_axi_iic_0_0_reg_interface'
INFO: [VRFC 10-3107] analyzing entity 'msys_axi_iic_0_0_shift8'
INFO: [VRFC 10-3107] analyzing entity 'msys_axi_iic_0_0_shift8_1'
INFO: [VRFC 10-3107] analyzing entity 'msys_axi_iic_0_0_soft_reset'
INFO: [VRFC 10-3107] analyzing entity 'msys_axi_iic_0_0_upcnt_n'
INFO: [VRFC 10-3107] analyzing entity 'msys_axi_iic_0_0_upcnt_n_2'
INFO: [VRFC 10-3107] analyzing entity '\msys_axi_iic_0_0_upcnt_n__parameterized0\'
INFO: [VRFC 10-3107] analyzing entity '\msys_axi_quad_spi_0_0_axi_lite_ipif_v3_0_4_pselect_f__parameterized0\'
INFO: [VRFC 10-3107] analyzing entity '\msys_axi_quad_spi_0_0_axi_lite_ipif_v3_0_4_pselect_f__parameterized1\'
INFO: [VRFC 10-3107] analyzing entity '\msys_axi_quad_spi_0_0_axi_lite_ipif_v3_0_4_pselect_f__parameterized10\'
INFO: [VRFC 10-3107] analyzing entity '\msys_axi_quad_spi_0_0_axi_lite_ipif_v3_0_4_pselect_f__parameterized11\'
INFO: [VRFC 10-3107] analyzing entity '\msys_axi_quad_spi_0_0_axi_lite_ipif_v3_0_4_pselect_f__parameterized12\'
INFO: [VRFC 10-3107] analyzing entity '\msys_axi_quad_spi_0_0_axi_lite_ipif_v3_0_4_pselect_f__parameterized13\'
INFO: [VRFC 10-3107] analyzing entity '\msys_axi_quad_spi_0_0_axi_lite_ipif_v3_0_4_pselect_f__parameterized14\'
INFO: [VRFC 10-3107] analyzing entity '\msys_axi_quad_spi_0_0_axi_lite_ipif_v3_0_4_pselect_f__parameterized19\'
INFO: [VRFC 10-3107] analyzing entity '\msys_axi_quad_spi_0_0_axi_lite_ipif_v3_0_4_pselect_f__parameterized19_17\'
INFO: [VRFC 10-3107] analyzing entity '\msys_axi_quad_spi_0_0_axi_lite_ipif_v3_0_4_pselect_f__parameterized2\'
INFO: [VRFC 10-3107] analyzing entity '\msys_axi_quad_spi_0_0_axi_lite_ipif_v3_0_4_pselect_f__parameterized23\'
INFO: [VRFC 10-3107] analyzing entity '\msys_axi_quad_spi_0_0_axi_lite_ipif_v3_0_4_pselect_f__parameterized23_18\'
INFO: [VRFC 10-3107] analyzing entity '\msys_axi_quad_spi_0_0_axi_lite_ipif_v3_0_4_pselect_f__parameterized3\'
INFO: [VRFC 10-3107] analyzing entity '\msys_axi_quad_spi_0_0_axi_lite_ipif_v3_0_4_pselect_f__parameterized4\'
INFO: [VRFC 10-3107] analyzing entity '\msys_axi_quad_spi_0_0_axi_lite_ipif_v3_0_4_pselect_f__parameterized5\'
INFO: [VRFC 10-3107] analyzing entity '\msys_axi_quad_spi_0_0_axi_lite_ipif_v3_0_4_pselect_f__parameterized6\'
INFO: [VRFC 10-3107] analyzing entity '\msys_axi_quad_spi_0_0_axi_lite_ipif_v3_0_4_pselect_f__parameterized7\'
INFO: [VRFC 10-3107] analyzing entity '\msys_axi_quad_spi_0_0_axi_lite_ipif_v3_0_4_pselect_f__parameterized8\'
INFO: [VRFC 10-3107] analyzing entity '\msys_axi_quad_spi_0_0_axi_lite_ipif_v3_0_4_pselect_f__parameterized9\'
INFO: [VRFC 10-3107] analyzing entity 'msys_axi_quad_spi_0_0_cdc_sync'
INFO: [VRFC 10-3107] analyzing entity 'msys_axi_quad_spi_0_0_cdc_sync_0'
INFO: [VRFC 10-3107] analyzing entity 'msys_axi_quad_spi_0_0_counter_f'
INFO: [VRFC 10-3107] analyzing entity 'msys_axi_quad_spi_0_0_cross_clk_sync_fifo_1'
INFO: [VRFC 10-3107] analyzing entity 'msys_axi_quad_spi_0_0_interrupt_control'
INFO: [VRFC 10-3107] analyzing entity 'msys_axi_quad_spi_0_0_qspi_cntrl_reg'
INFO: [VRFC 10-3107] analyzing entity 'msys_axi_quad_spi_0_0_qspi_fifo_ifmodule'
INFO: [VRFC 10-3107] analyzing entity 'msys_axi_quad_spi_0_0_qspi_mode_control_logic'
INFO: [VRFC 10-3107] analyzing entity 'msys_axi_quad_spi_0_0_qspi_startup_block'
INFO: [VRFC 10-3107] analyzing entity 'msys_axi_quad_spi_0_0_qspi_status_slave_sel_reg'
INFO: [VRFC 10-3107] analyzing entity 'msys_axi_quad_spi_0_0_reset_sync_module'
INFO: [VRFC 10-3107] analyzing entity 'msys_axi_quad_spi_0_0_soft_reset'
INFO: [VRFC 10-3107] analyzing entity 'msys_axi_quad_spi_0_0_xpm_cdc_gray'
INFO: [VRFC 10-3107] analyzing entity '\msys_axi_quad_spi_0_0_xpm_cdc_gray__1\'
INFO: [VRFC 10-3107] analyzing entity '\msys_axi_quad_spi_0_0_xpm_cdc_gray__2\'
INFO: [VRFC 10-3107] analyzing entity '\msys_axi_quad_spi_0_0_xpm_cdc_gray__3\'
INFO: [VRFC 10-3107] analyzing entity '\msys_axi_quad_spi_0_0_xpm_cdc_gray__parameterized0\'
INFO: [VRFC 10-3107] analyzing entity '\msys_axi_quad_spi_0_0_xpm_cdc_gray__parameterized0__1\'
INFO: [VRFC 10-3107] analyzing entity '\msys_axi_quad_spi_0_0_xpm_cdc_gray__parameterized1\'
INFO: [VRFC 10-3107] analyzing entity '\msys_axi_quad_spi_0_0_xpm_cdc_gray__parameterized1__1\'
INFO: [VRFC 10-3107] analyzing entity 'msys_axi_quad_spi_0_0_xpm_cdc_sync_rst'
INFO: [VRFC 10-3107] analyzing entity '\msys_axi_quad_spi_0_0_xpm_cdc_sync_rst__4\'
INFO: [VRFC 10-3107] analyzing entity '\msys_axi_quad_spi_0_0_xpm_cdc_sync_rst__5\'
INFO: [VRFC 10-3107] analyzing entity '\msys_axi_quad_spi_0_0_xpm_cdc_sync_rst__6\'
INFO: [VRFC 10-3107] analyzing entity 'msys_axi_quad_spi_0_0_xpm_counter_updn'
INFO: [VRFC 10-3107] analyzing entity 'msys_axi_quad_spi_0_0_xpm_counter_updn_5'
INFO: [VRFC 10-3107] analyzing entity '\msys_axi_quad_spi_0_0_xpm_counter_updn__parameterized0\'
INFO: [VRFC 10-3107] analyzing entity '\msys_axi_quad_spi_0_0_xpm_counter_updn__parameterized0_16\'
INFO: [VRFC 10-3107] analyzing entity '\msys_axi_quad_spi_0_0_xpm_counter_updn__parameterized1\'
INFO: [VRFC 10-3107] analyzing entity '\msys_axi_quad_spi_0_0_xpm_counter_updn__parameterized1_10\'
INFO: [VRFC 10-3107] analyzing entity '\msys_axi_quad_spi_0_0_xpm_counter_updn__parameterized2\'
INFO: [VRFC 10-3107] analyzing entity '\msys_axi_quad_spi_0_0_xpm_counter_updn__parameterized2_11\'
INFO: [VRFC 10-3107] analyzing entity '\msys_axi_quad_spi_0_0_xpm_counter_updn__parameterized2_14\'
INFO: [VRFC 10-3107] analyzing entity '\msys_axi_quad_spi_0_0_xpm_counter_updn__parameterized2_3\'
INFO: [VRFC 10-3107] analyzing entity '\msys_axi_quad_spi_0_0_xpm_counter_updn__parameterized3\'
INFO: [VRFC 10-3107] analyzing entity '\msys_axi_quad_spi_0_0_xpm_counter_updn__parameterized3_12\'
INFO: [VRFC 10-3107] analyzing entity '\msys_axi_quad_spi_0_0_xpm_counter_updn__parameterized3_15\'
INFO: [VRFC 10-3107] analyzing entity '\msys_axi_quad_spi_0_0_xpm_counter_updn__parameterized3_4\'
INFO: [VRFC 10-3107] analyzing entity 'msys_axi_quad_spi_0_0_xpm_fifo_reg_bit'
INFO: [VRFC 10-3107] analyzing entity 'msys_axi_quad_spi_0_0_xpm_fifo_reg_bit_13'
INFO: [VRFC 10-3107] analyzing entity 'msys_axi_quad_spi_0_0_xpm_fifo_reg_vec'
INFO: [VRFC 10-3107] analyzing entity 'msys_axi_quad_spi_0_0_xpm_fifo_reg_vec_1'
INFO: [VRFC 10-3107] analyzing entity 'msys_axi_quad_spi_0_0_xpm_fifo_reg_vec_6'
INFO: [VRFC 10-3107] analyzing entity 'msys_axi_quad_spi_0_0_xpm_fifo_reg_vec_8'
INFO: [VRFC 10-3107] analyzing entity '\msys_axi_quad_spi_0_0_xpm_fifo_reg_vec__parameterized0\'
INFO: [VRFC 10-3107] analyzing entity '\msys_axi_quad_spi_0_0_xpm_fifo_reg_vec__parameterized0_2\'
INFO: [VRFC 10-3107] analyzing entity '\msys_axi_quad_spi_0_0_xpm_fifo_reg_vec__parameterized0_7\'
INFO: [VRFC 10-3107] analyzing entity '\msys_axi_quad_spi_0_0_xpm_fifo_reg_vec__parameterized0_9\'
INFO: [VRFC 10-3107] analyzing entity 'msys_axi_quad_spi_0_0_xpm_memory_base'
INFO: [VRFC 10-3107] analyzing entity '\msys_axi_quad_spi_0_0_xpm_memory_base__1\'
INFO: [VRFC 10-3107] analyzing entity '\msys_axi_quad_spi_1_0_axi_lite_ipif_v3_0_4_pselect_f__parameterized0\'
INFO: [VRFC 10-3107] analyzing entity '\msys_axi_quad_spi_1_0_axi_lite_ipif_v3_0_4_pselect_f__parameterized1\'
INFO: [VRFC 10-3107] analyzing entity '\msys_axi_quad_spi_1_0_axi_lite_ipif_v3_0_4_pselect_f__parameterized10\'
INFO: [VRFC 10-3107] analyzing entity '\msys_axi_quad_spi_1_0_axi_lite_ipif_v3_0_4_pselect_f__parameterized11\'
INFO: [VRFC 10-3107] analyzing entity '\msys_axi_quad_spi_1_0_axi_lite_ipif_v3_0_4_pselect_f__parameterized12\'
INFO: [VRFC 10-3107] analyzing entity '\msys_axi_quad_spi_1_0_axi_lite_ipif_v3_0_4_pselect_f__parameterized13\'
INFO: [VRFC 10-3107] analyzing entity '\msys_axi_quad_spi_1_0_axi_lite_ipif_v3_0_4_pselect_f__parameterized14\'
INFO: [VRFC 10-3107] analyzing entity '\msys_axi_quad_spi_1_0_axi_lite_ipif_v3_0_4_pselect_f__parameterized19\'
INFO: [VRFC 10-3107] analyzing entity '\msys_axi_quad_spi_1_0_axi_lite_ipif_v3_0_4_pselect_f__parameterized19_17\'
INFO: [VRFC 10-3107] analyzing entity '\msys_axi_quad_spi_1_0_axi_lite_ipif_v3_0_4_pselect_f__parameterized2\'
INFO: [VRFC 10-3107] analyzing entity '\msys_axi_quad_spi_1_0_axi_lite_ipif_v3_0_4_pselect_f__parameterized23\'
INFO: [VRFC 10-3107] analyzing entity '\msys_axi_quad_spi_1_0_axi_lite_ipif_v3_0_4_pselect_f__parameterized23_18\'
INFO: [VRFC 10-3107] analyzing entity '\msys_axi_quad_spi_1_0_axi_lite_ipif_v3_0_4_pselect_f__parameterized3\'
INFO: [VRFC 10-3107] analyzing entity '\msys_axi_quad_spi_1_0_axi_lite_ipif_v3_0_4_pselect_f__parameterized4\'
INFO: [VRFC 10-3107] analyzing entity '\msys_axi_quad_spi_1_0_axi_lite_ipif_v3_0_4_pselect_f__parameterized5\'
INFO: [VRFC 10-3107] analyzing entity '\msys_axi_quad_spi_1_0_axi_lite_ipif_v3_0_4_pselect_f__parameterized6\'
INFO: [VRFC 10-3107] analyzing entity '\msys_axi_quad_spi_1_0_axi_lite_ipif_v3_0_4_pselect_f__parameterized7\'
INFO: [VRFC 10-3107] analyzing entity '\msys_axi_quad_spi_1_0_axi_lite_ipif_v3_0_4_pselect_f__parameterized8\'
INFO: [VRFC 10-3107] analyzing entity '\msys_axi_quad_spi_1_0_axi_lite_ipif_v3_0_4_pselect_f__parameterized9\'
INFO: [VRFC 10-3107] analyzing entity 'msys_axi_quad_spi_1_0_cdc_sync'
INFO: [VRFC 10-3107] analyzing entity 'msys_axi_quad_spi_1_0_cdc_sync_0'
INFO: [VRFC 10-3107] analyzing entity 'msys_axi_quad_spi_1_0_counter_f'
INFO: [VRFC 10-3107] analyzing entity 'msys_axi_quad_spi_1_0_cross_clk_sync_fifo_1'
INFO: [VRFC 10-3107] analyzing entity 'msys_axi_quad_spi_1_0_interrupt_control'
INFO: [VRFC 10-3107] analyzing entity 'msys_axi_quad_spi_1_0_qspi_cntrl_reg'
INFO: [VRFC 10-3107] analyzing entity 'msys_axi_quad_spi_1_0_qspi_fifo_ifmodule'
INFO: [VRFC 10-3107] analyzing entity 'msys_axi_quad_spi_1_0_qspi_mode_0_module'
INFO: [VRFC 10-3107] analyzing entity 'msys_axi_quad_spi_1_0_qspi_status_slave_sel_reg'
INFO: [VRFC 10-3107] analyzing entity 'msys_axi_quad_spi_1_0_reset_sync_module'
INFO: [VRFC 10-3107] analyzing entity 'msys_axi_quad_spi_1_0_soft_reset'
INFO: [VRFC 10-3107] analyzing entity 'msys_axi_quad_spi_1_0_xpm_cdc_gray'
INFO: [VRFC 10-3107] analyzing entity '\msys_axi_quad_spi_1_0_xpm_cdc_gray__1\'
INFO: [VRFC 10-3107] analyzing entity '\msys_axi_quad_spi_1_0_xpm_cdc_gray__2\'
INFO: [VRFC 10-3107] analyzing entity '\msys_axi_quad_spi_1_0_xpm_cdc_gray__3\'
INFO: [VRFC 10-3107] analyzing entity '\msys_axi_quad_spi_1_0_xpm_cdc_gray__parameterized0\'
INFO: [VRFC 10-3107] analyzing entity '\msys_axi_quad_spi_1_0_xpm_cdc_gray__parameterized0__1\'
INFO: [VRFC 10-3107] analyzing entity '\msys_axi_quad_spi_1_0_xpm_cdc_gray__parameterized1\'
INFO: [VRFC 10-3107] analyzing entity '\msys_axi_quad_spi_1_0_xpm_cdc_gray__parameterized1__1\'
INFO: [VRFC 10-3107] analyzing entity 'msys_axi_quad_spi_1_0_xpm_cdc_sync_rst'
INFO: [VRFC 10-3107] analyzing entity '\msys_axi_quad_spi_1_0_xpm_cdc_sync_rst__4\'
INFO: [VRFC 10-3107] analyzing entity '\msys_axi_quad_spi_1_0_xpm_cdc_sync_rst__5\'
INFO: [VRFC 10-3107] analyzing entity '\msys_axi_quad_spi_1_0_xpm_cdc_sync_rst__6\'
INFO: [VRFC 10-3107] analyzing entity 'msys_axi_quad_spi_1_0_xpm_counter_updn'
INFO: [VRFC 10-3107] analyzing entity 'msys_axi_quad_spi_1_0_xpm_counter_updn_5'
INFO: [VRFC 10-3107] analyzing entity '\msys_axi_quad_spi_1_0_xpm_counter_updn__parameterized0\'
INFO: [VRFC 10-3107] analyzing entity '\msys_axi_quad_spi_1_0_xpm_counter_updn__parameterized0_16\'
INFO: [VRFC 10-3107] analyzing entity '\msys_axi_quad_spi_1_0_xpm_counter_updn__parameterized1\'
INFO: [VRFC 10-3107] analyzing entity '\msys_axi_quad_spi_1_0_xpm_counter_updn__parameterized1_10\'
INFO: [VRFC 10-3107] analyzing entity '\msys_axi_quad_spi_1_0_xpm_counter_updn__parameterized2\'
INFO: [VRFC 10-3107] analyzing entity '\msys_axi_quad_spi_1_0_xpm_counter_updn__parameterized2_11\'
INFO: [VRFC 10-3107] analyzing entity '\msys_axi_quad_spi_1_0_xpm_counter_updn__parameterized2_14\'
INFO: [VRFC 10-3107] analyzing entity '\msys_axi_quad_spi_1_0_xpm_counter_updn__parameterized2_3\'
INFO: [VRFC 10-3107] analyzing entity '\msys_axi_quad_spi_1_0_xpm_counter_updn__parameterized3\'
INFO: [VRFC 10-3107] analyzing entity '\msys_axi_quad_spi_1_0_xpm_counter_updn__parameterized3_12\'
INFO: [VRFC 10-3107] analyzing entity '\msys_axi_quad_spi_1_0_xpm_counter_updn__parameterized3_15\'
INFO: [VRFC 10-3107] analyzing entity '\msys_axi_quad_spi_1_0_xpm_counter_updn__parameterized3_4\'
INFO: [VRFC 10-3107] analyzing entity 'msys_axi_quad_spi_1_0_xpm_fifo_reg_bit'
INFO: [VRFC 10-3107] analyzing entity 'msys_axi_quad_spi_1_0_xpm_fifo_reg_bit_13'
INFO: [VRFC 10-3107] analyzing entity 'msys_axi_quad_spi_1_0_xpm_fifo_reg_vec'
INFO: [VRFC 10-3107] analyzing entity 'msys_axi_quad_spi_1_0_xpm_fifo_reg_vec_1'
INFO: [VRFC 10-3107] analyzing entity 'msys_axi_quad_spi_1_0_xpm_fifo_reg_vec_6'
INFO: [VRFC 10-3107] analyzing entity 'msys_axi_quad_spi_1_0_xpm_fifo_reg_vec_8'
INFO: [VRFC 10-3107] analyzing entity '\msys_axi_quad_spi_1_0_xpm_fifo_reg_vec__parameterized0\'
INFO: [VRFC 10-3107] analyzing entity '\msys_axi_quad_spi_1_0_xpm_fifo_reg_vec__parameterized0_2\'
INFO: [VRFC 10-3107] analyzing entity '\msys_axi_quad_spi_1_0_xpm_fifo_reg_vec__parameterized0_7\'
INFO: [VRFC 10-3107] analyzing entity '\msys_axi_quad_spi_1_0_xpm_fifo_reg_vec__parameterized0_9\'
INFO: [VRFC 10-3107] analyzing entity 'msys_axi_quad_spi_1_0_xpm_memory_base'
INFO: [VRFC 10-3107] analyzing entity '\msys_axi_quad_spi_1_0_xpm_memory_base__1\'
INFO: [VRFC 10-3107] analyzing entity 'msys_axi_timer_0_0_cdc_sync'
INFO: [VRFC 10-3107] analyzing entity '\msys_axi_timer_0_0_cdc_sync__1\'
INFO: [VRFC 10-3107] analyzing entity '\msys_axi_timer_0_0_cdc_sync__2\'
INFO: [VRFC 10-3107] analyzing entity 'msys_axi_timer_0_0_counter_f'
INFO: [VRFC 10-3107] analyzing entity 'msys_axi_timer_0_0_counter_f_1'
INFO: [VRFC 10-3107] analyzing entity 'msys_axi_timer_0_0_mux_onehot_f'
INFO: [VRFC 10-3107] analyzing entity 'msys_axi_timer_0_0_pselect_f'
INFO: [VRFC 10-3107] analyzing entity '\msys_axi_timer_0_0_pselect_f__parameterized1\'
INFO: [VRFC 10-3107] analyzing entity '\msys_axi_timer_0_0_pselect_f__parameterized3\'
INFO: [VRFC 10-3107] analyzing entity '\msys_axi_timer_0_0_pselect_f__parameterized4\'
INFO: [VRFC 10-3107] analyzing entity '\msys_axi_timer_0_0_pselect_f__parameterized5\'
INFO: [VRFC 10-3107] analyzing entity '\msys_axi_timer_0_0_pselect_f__parameterized6\'
INFO: [VRFC 10-3107] analyzing entity 'msys_axi_uartlite_0_0_baudrate'
INFO: [VRFC 10-3107] analyzing entity 'msys_axi_uartlite_0_0_cdc_sync'
INFO: [VRFC 10-3107] analyzing entity 'msys_axi_uartlite_0_0_cntr_incr_decr_addn_f'
INFO: [VRFC 10-3107] analyzing entity 'msys_axi_uartlite_0_0_cntr_incr_decr_addn_f_2'
INFO: [VRFC 10-3107] analyzing entity 'msys_axi_uartlite_0_0_dynshreg_f'
INFO: [VRFC 10-3107] analyzing entity 'msys_axi_uartlite_0_0_dynshreg_f_3'
INFO: [VRFC 10-3107] analyzing entity 'msys_axi_uartlite_0_0_pselect_f'
INFO: [VRFC 10-3107] analyzing entity '\msys_axi_uartlite_0_0_pselect_f__parameterized1\'
INFO: [VRFC 10-3107] analyzing entity 'msys_clk_wiz_0_0_clk_wiz'
INFO: [VRFC 10-3107] analyzing entity 'msys_dlmb_bram_if_cntlr_0_lmb_bram_if_cntlr'
INFO: [VRFC 10-3107] analyzing entity 'msys_dlmb_v10_0_lmb_v10'
INFO: [VRFC 10-3107] analyzing entity 'msys_i2s_receiver_0_0_xpm_cdc_array_single'
INFO: [VRFC 10-3107] analyzing entity '\msys_i2s_receiver_0_0_xpm_cdc_array_single__parameterized0\'
INFO: [VRFC 10-3107] analyzing entity '\msys_i2s_receiver_0_0_xpm_cdc_array_single__parameterized1\'
INFO: [VRFC 10-3107] analyzing entity 'msys_i2s_receiver_0_0_xpm_cdc_gray'
INFO: [VRFC 10-3107] analyzing entity '\msys_i2s_receiver_0_0_xpm_cdc_gray__2\'
INFO: [VRFC 10-3107] analyzing entity '\msys_i2s_receiver_0_0_xpm_cdc_gray__parameterized0\'
INFO: [VRFC 10-3107] analyzing entity '\msys_i2s_receiver_0_0_xpm_cdc_gray__parameterized1\'
INFO: [VRFC 10-3107] analyzing entity 'msys_i2s_receiver_0_0_xpm_cdc_single'
INFO: [VRFC 10-3107] analyzing entity '\msys_i2s_receiver_0_0_xpm_cdc_single__10\'
INFO: [VRFC 10-3107] analyzing entity '\msys_i2s_receiver_0_0_xpm_cdc_single__11\'
INFO: [VRFC 10-3107] analyzing entity '\msys_i2s_receiver_0_0_xpm_cdc_single__12\'
INFO: [VRFC 10-3107] analyzing entity '\msys_i2s_receiver_0_0_xpm_cdc_single__7\'
INFO: [VRFC 10-3107] analyzing entity '\msys_i2s_receiver_0_0_xpm_cdc_single__8\'
INFO: [VRFC 10-3107] analyzing entity '\msys_i2s_receiver_0_0_xpm_cdc_single__9\'
INFO: [VRFC 10-3107] analyzing entity '\msys_i2s_receiver_0_0_xpm_cdc_single__parameterized0\'
INFO: [VRFC 10-3107] analyzing entity '\msys_i2s_receiver_0_0_xpm_cdc_single__parameterized1\'
INFO: [VRFC 10-3107] analyzing entity '\msys_i2s_receiver_0_0_xpm_cdc_single__parameterized1__2\'
INFO: [VRFC 10-3107] analyzing entity 'msys_i2s_receiver_0_0_xpm_cdc_sync_rst'
INFO: [VRFC 10-3107] analyzing entity '\msys_i2s_receiver_0_0_xpm_cdc_sync_rst__2\'
INFO: [VRFC 10-3107] analyzing entity 'msys_i2s_receiver_0_0_xpm_counter_updn'
INFO: [VRFC 10-3107] analyzing entity '\msys_i2s_receiver_0_0_xpm_counter_updn__parameterized0\'
INFO: [VRFC 10-3107] analyzing entity '\msys_i2s_receiver_0_0_xpm_counter_updn__parameterized1\'
INFO: [VRFC 10-3107] analyzing entity '\msys_i2s_receiver_0_0_xpm_counter_updn__parameterized2\'
INFO: [VRFC 10-3107] analyzing entity '\msys_i2s_receiver_0_0_xpm_counter_updn__parameterized2_2\'
INFO: [VRFC 10-3107] analyzing entity '\msys_i2s_receiver_0_0_xpm_counter_updn__parameterized3\'
INFO: [VRFC 10-3107] analyzing entity '\msys_i2s_receiver_0_0_xpm_counter_updn__parameterized3_3\'
INFO: [VRFC 10-3107] analyzing entity 'msys_i2s_receiver_0_0_xpm_fifo_reg_bit'
INFO: [VRFC 10-3107] analyzing entity 'msys_i2s_receiver_0_0_xpm_fifo_reg_vec'
INFO: [VRFC 10-3107] analyzing entity 'msys_i2s_receiver_0_0_xpm_fifo_reg_vec_0'
INFO: [VRFC 10-3107] analyzing entity '\msys_i2s_receiver_0_0_xpm_fifo_reg_vec__parameterized0\'
INFO: [VRFC 10-3107] analyzing entity '\msys_i2s_receiver_0_0_xpm_fifo_reg_vec__parameterized0_1\'
INFO: [VRFC 10-3107] analyzing entity 'msys_i2s_receiver_0_0_xpm_memory_base'
INFO: [VRFC 10-3107] analyzing entity 'msys_ilmb_bram_if_cntlr_0_lmb_bram_if_cntlr'
INFO: [VRFC 10-3107] analyzing entity 'msys_ilmb_v10_0_lmb_v10'
INFO: [VRFC 10-3107] analyzing entity 'msys_mdm_1_0_MB_BSCANE2'
INFO: [VRFC 10-3107] analyzing entity 'msys_mdm_1_0_MB_BUFG'
INFO: [VRFC 10-3107] analyzing entity 'msys_mdm_1_0_MB_FDC_1'
INFO: [VRFC 10-3107] analyzing entity 'msys_mdm_1_0_MB_FDRE_1'
INFO: [VRFC 10-3107] analyzing entity 'msys_mdm_1_0_MB_LUT1'
INFO: [VRFC 10-3107] analyzing entity 'msys_mdm_1_0_MB_SRL16E'
INFO: [VRFC 10-3107] analyzing entity '\msys_mdm_1_0_MB_SRL16E__parameterized1\'
INFO: [VRFC 10-3107] analyzing entity '\msys_mdm_1_0_MB_SRL16E__parameterized3\'
INFO: [VRFC 10-3107] analyzing entity '\msys_mdm_1_0_MB_SRL16E__parameterized5\'
INFO: [VRFC 10-3107] analyzing entity 'msys_microblaze_0_axi_intc_0_address_decoder'
INFO: [VRFC 10-3107] analyzing entity 'msys_microblaze_0_axi_intc_0_shared_ram_ivar'
INFO: [VRFC 10-3107] analyzing entity 'msys_microblaze_0_xlconcat_0'
INFO: [VRFC 10-3107] analyzing entity 'msys_rst_clk_wiz_0_100M_0_cdc_sync'
INFO: [VRFC 10-3107] analyzing entity 'msys_rst_clk_wiz_0_100M_0_cdc_sync_0'
INFO: [VRFC 10-3107] analyzing entity 'msys_rst_clk_wiz_0_100M_0_upcnt_n'
INFO: [VRFC 10-3107] analyzing entity 'msys_xbar_0_axi_crossbar_v2_1_30_addr_arbiter_sasd'
INFO: [VRFC 10-3107] analyzing entity 'msys_xbar_0_axi_crossbar_v2_1_30_decerr_slave'
INFO: [VRFC 10-3107] analyzing entity 'msys_xbar_0_axi_crossbar_v2_1_30_splitter'
INFO: [VRFC 10-3107] analyzing entity '\msys_xbar_0_axi_crossbar_v2_1_30_splitter__parameterized0\'
INFO: [VRFC 10-3107] analyzing entity 'msys_xbar_0_axi_register_slice_v2_1_29_axic_register_slice'
INFO: [VRFC 10-3107] analyzing entity 'msys_i2s_receiver_0_0_i2s_receiver_v1_0_7_aes_enc'
INFO: [VRFC 10-3107] analyzing entity 'msys_i2s_receiver_0_0_i2s_receiver_v1_0_7_axi'
INFO: [VRFC 10-3107] analyzing entity 'msys_i2s_receiver_0_0_i2s_receiver_v1_0_7_ser'
INFO: [VRFC 10-3107] analyzing entity 'msys_axi_quad_spi_0_0_rom'
INFO: [VRFC 10-3107] analyzing entity 'msys_microblaze_0_0_DAXI_interface'
INFO: [VRFC 10-3107] analyzing entity 'msys_microblaze_0_0_MB_DSP48E1'
INFO: [VRFC 10-3107] analyzing entity '\msys_microblaze_0_0_MB_DSP48E1__parameterized1\'
INFO: [VRFC 10-3107] analyzing entity '\msys_microblaze_0_0_MB_DSP48E1__parameterized3\'
INFO: [VRFC 10-3107] analyzing entity 'msys_microblaze_0_0_MB_FD'
INFO: [VRFC 10-3107] analyzing entity 'msys_microblaze_0_0_MB_FDE'
INFO: [VRFC 10-3107] analyzing entity 'msys_microblaze_0_0_MB_FDE_794'
INFO: [VRFC 10-3107] analyzing entity 'msys_microblaze_0_0_MB_FDE_798'
INFO: [VRFC 10-3107] analyzing entity 'msys_microblaze_0_0_MB_FDE_802'
INFO: [VRFC 10-3107] analyzing entity 'msys_microblaze_0_0_MB_FDE_806'
INFO: [VRFC 10-3107] analyzing entity 'msys_microblaze_0_0_MB_FDE_810'
INFO: [VRFC 10-3107] analyzing entity 'msys_microblaze_0_0_MB_FDE_814'
INFO: [VRFC 10-3107] analyzing entity 'msys_microblaze_0_0_MB_FDE_818'
INFO: [VRFC 10-3107] analyzing entity 'msys_microblaze_0_0_MB_FDE_822'
INFO: [VRFC 10-3107] analyzing entity 'msys_microblaze_0_0_MB_FDE_826'
INFO: [VRFC 10-3107] analyzing entity 'msys_microblaze_0_0_MB_FDE_830'
INFO: [VRFC 10-3107] analyzing entity 'msys_microblaze_0_0_MB_FDE_834'
INFO: [VRFC 10-3107] analyzing entity 'msys_microblaze_0_0_MB_FDE_838'
INFO: [VRFC 10-3107] analyzing entity 'msys_microblaze_0_0_MB_FDE_842'
INFO: [VRFC 10-3107] analyzing entity 'msys_microblaze_0_0_MB_FDE_846'
INFO: [VRFC 10-3107] analyzing entity 'msys_microblaze_0_0_MB_FDE_850'
INFO: [VRFC 10-3107] analyzing entity 'msys_microblaze_0_0_MB_FDE_854'
INFO: [VRFC 10-3107] analyzing entity 'msys_microblaze_0_0_MB_FDE_858'
INFO: [VRFC 10-3107] analyzing entity 'msys_microblaze_0_0_MB_FDE_862'
INFO: [VRFC 10-3107] analyzing entity 'msys_microblaze_0_0_MB_FDE_866'
INFO: [VRFC 10-3107] analyzing entity 'msys_microblaze_0_0_MB_FDE_870'
INFO: [VRFC 10-3107] analyzing entity 'msys_microblaze_0_0_MB_FDE_874'
INFO: [VRFC 10-3107] analyzing entity 'msys_microblaze_0_0_MB_FDE_878'
INFO: [VRFC 10-3107] analyzing entity 'msys_microblaze_0_0_MB_FDE_882'
INFO: [VRFC 10-3107] analyzing entity 'msys_microblaze_0_0_MB_FDE_886'
INFO: [VRFC 10-3107] analyzing entity 'msys_microblaze_0_0_MB_FDE_890'
INFO: [VRFC 10-3107] analyzing entity 'msys_microblaze_0_0_MB_FDE_894'
INFO: [VRFC 10-3107] analyzing entity 'msys_microblaze_0_0_MB_FDE_898'
INFO: [VRFC 10-3107] analyzing entity 'msys_microblaze_0_0_MB_FDE_902'
INFO: [VRFC 10-3107] analyzing entity 'msys_microblaze_0_0_MB_FDE_906'
INFO: [VRFC 10-3107] analyzing entity 'msys_microblaze_0_0_MB_FDE_910'
INFO: [VRFC 10-3107] analyzing entity 'msys_microblaze_0_0_MB_FDE_914'
INFO: [VRFC 10-3107] analyzing entity 'msys_microblaze_0_0_MB_FDR'
INFO: [VRFC 10-3107] analyzing entity 'msys_microblaze_0_0_MB_FDRE'
INFO: [VRFC 10-3107] analyzing entity 'msys_microblaze_0_0_MB_FDRE_55'
INFO: [VRFC 10-3107] analyzing entity 'msys_microblaze_0_0_MB_FDRE_56'
INFO: [VRFC 10-3107] analyzing entity 'msys_microblaze_0_0_MB_FDRE_574'
INFO: [VRFC 10-3107] analyzing entity 'msys_microblaze_0_0_MB_FDRE_578'
INFO: [VRFC 10-3107] analyzing entity 'msys_microblaze_0_0_MB_FDRE_58'
INFO: [VRFC 10-3107] analyzing entity 'msys_microblaze_0_0_MB_FDRE_584'
INFO: [VRFC 10-3107] analyzing entity 'msys_microblaze_0_0_MB_FDRE_59'
INFO: [VRFC 10-3107] analyzing entity 'msys_microblaze_0_0_MB_FDRE_590'
INFO: [VRFC 10-3107] analyzing entity 'msys_microblaze_0_0_MB_FDRE_596'
INFO: [VRFC 10-3107] analyzing entity 'msys_microblaze_0_0_MB_FDRE_60'
INFO: [VRFC 10-3107] analyzing entity 'msys_microblaze_0_0_MB_FDRE_602'
INFO: [VRFC 10-3107] analyzing entity 'msys_microblaze_0_0_MB_FDRE_608'
INFO: [VRFC 10-3107] analyzing entity 'msys_microblaze_0_0_MB_FDRE_614'
INFO: [VRFC 10-3107] analyzing entity 'msys_microblaze_0_0_MB_FDRE_618'
INFO: [VRFC 10-3107] analyzing entity 'msys_microblaze_0_0_MB_FDRE_620'
INFO: [VRFC 10-3107] analyzing entity 'msys_microblaze_0_0_MB_FDRE_624'
INFO: [VRFC 10-3107] analyzing entity 'msys_microblaze_0_0_MB_FDRE_626'
INFO: [VRFC 10-3107] analyzing entity 'msys_microblaze_0_0_MB_FDRE_632'
INFO: [VRFC 10-3107] analyzing entity 'msys_microblaze_0_0_MB_FDRE_638'
INFO: [VRFC 10-3107] analyzing entity 'msys_microblaze_0_0_MB_FDRE_644'
INFO: [VRFC 10-3107] analyzing entity 'msys_microblaze_0_0_MB_FDRE_650'
INFO: [VRFC 10-3107] analyzing entity 'msys_microblaze_0_0_MB_FDRE_656'
INFO: [VRFC 10-3107] analyzing entity 'msys_microblaze_0_0_MB_FDRE_662'
INFO: [VRFC 10-3107] analyzing entity 'msys_microblaze_0_0_MB_FDRE_668'
INFO: [VRFC 10-3107] analyzing entity 'msys_microblaze_0_0_MB_FDRE_67'
INFO: [VRFC 10-3107] analyzing entity 'msys_microblaze_0_0_MB_FDRE_674'
INFO: [VRFC 10-3107] analyzing entity 'msys_microblaze_0_0_MB_FDRE_680'
INFO: [VRFC 10-3107] analyzing entity 'msys_microblaze_0_0_MB_FDRE_686'
INFO: [VRFC 10-3107] analyzing entity 'msys_microblaze_0_0_MB_FDRE_692'
INFO: [VRFC 10-3107] analyzing entity 'msys_microblaze_0_0_MB_FDRE_698'
INFO: [VRFC 10-3107] analyzing entity 'msys_microblaze_0_0_MB_FDRE_704'
INFO: [VRFC 10-3107] analyzing entity 'msys_microblaze_0_0_MB_FDRE_710'
INFO: [VRFC 10-3107] analyzing entity 'msys_microblaze_0_0_MB_FDRE_716'
INFO: [VRFC 10-3107] analyzing entity 'msys_microblaze_0_0_MB_FDRE_722'
INFO: [VRFC 10-3107] analyzing entity 'msys_microblaze_0_0_MB_FDRE_728'
INFO: [VRFC 10-3107] analyzing entity 'msys_microblaze_0_0_MB_FDRE_73'
INFO: [VRFC 10-3107] analyzing entity 'msys_microblaze_0_0_MB_FDRE_734'
INFO: [VRFC 10-3107] analyzing entity 'msys_microblaze_0_0_MB_FDRE_74'
INFO: [VRFC 10-3107] analyzing entity 'msys_microblaze_0_0_MB_FDRE_740'
INFO: [VRFC 10-3107] analyzing entity 'msys_microblaze_0_0_MB_FDRE_746'
INFO: [VRFC 10-3107] analyzing entity 'msys_microblaze_0_0_MB_FDRE_752'
INFO: [VRFC 10-3107] analyzing entity 'msys_microblaze_0_0_MB_FDRE_758'
INFO: [VRFC 10-3107] analyzing entity 'msys_microblaze_0_0_MB_FDRE_789'
INFO: [VRFC 10-3107] analyzing entity 'msys_microblaze_0_0_MB_FDRE_790'
INFO: [VRFC 10-3107] analyzing entity 'msys_microblaze_0_0_MB_FDRE_792'
INFO: [VRFC 10-3107] analyzing entity 'msys_microblaze_0_0_MB_FDRE_793'
INFO: [VRFC 10-3107] analyzing entity 'msys_microblaze_0_0_MB_FDRE_796'
INFO: [VRFC 10-3107] analyzing entity 'msys_microblaze_0_0_MB_FDRE_797'
INFO: [VRFC 10-3107] analyzing entity 'msys_microblaze_0_0_MB_FDRE_800'
INFO: [VRFC 10-3107] analyzing entity 'msys_microblaze_0_0_MB_FDRE_801'
INFO: [VRFC 10-3107] analyzing entity 'msys_microblaze_0_0_MB_FDRE_804'
INFO: [VRFC 10-3107] analyzing entity 'msys_microblaze_0_0_MB_FDRE_805'
INFO: [VRFC 10-3107] analyzing entity 'msys_microblaze_0_0_MB_FDRE_808'
INFO: [VRFC 10-3107] analyzing entity 'msys_microblaze_0_0_MB_FDRE_809'
INFO: [VRFC 10-3107] analyzing entity 'msys_microblaze_0_0_MB_FDRE_812'
INFO: [VRFC 10-3107] analyzing entity 'msys_microblaze_0_0_MB_FDRE_813'
INFO: [VRFC 10-3107] analyzing entity 'msys_microblaze_0_0_MB_FDRE_816'
INFO: [VRFC 10-3107] analyzing entity 'msys_microblaze_0_0_MB_FDRE_817'
INFO: [VRFC 10-3107] analyzing entity 'msys_microblaze_0_0_MB_FDRE_820'
INFO: [VRFC 10-3107] analyzing entity 'msys_microblaze_0_0_MB_FDRE_821'
INFO: [VRFC 10-3107] analyzing entity 'msys_microblaze_0_0_MB_FDRE_824'
INFO: [VRFC 10-3107] analyzing entity 'msys_microblaze_0_0_MB_FDRE_825'
INFO: [VRFC 10-3107] analyzing entity 'msys_microblaze_0_0_MB_FDRE_828'
INFO: [VRFC 10-3107] analyzing entity 'msys_microblaze_0_0_MB_FDRE_829'
INFO: [VRFC 10-3107] analyzing entity 'msys_microblaze_0_0_MB_FDRE_832'
INFO: [VRFC 10-3107] analyzing entity 'msys_microblaze_0_0_MB_FDRE_833'
INFO: [VRFC 10-3107] analyzing entity 'msys_microblaze_0_0_MB_FDRE_836'
INFO: [VRFC 10-3107] analyzing entity 'msys_microblaze_0_0_MB_FDRE_837'
INFO: [VRFC 10-3107] analyzing entity 'msys_microblaze_0_0_MB_FDRE_840'
INFO: [VRFC 10-3107] analyzing entity 'msys_microblaze_0_0_MB_FDRE_841'
INFO: [VRFC 10-3107] analyzing entity 'msys_microblaze_0_0_MB_FDRE_844'
INFO: [VRFC 10-3107] analyzing entity 'msys_microblaze_0_0_MB_FDRE_845'
INFO: [VRFC 10-3107] analyzing entity 'msys_microblaze_0_0_MB_FDRE_848'
INFO: [VRFC 10-3107] analyzing entity 'msys_microblaze_0_0_MB_FDRE_849'
INFO: [VRFC 10-3107] analyzing entity 'msys_microblaze_0_0_MB_FDRE_852'
INFO: [VRFC 10-3107] analyzing entity 'msys_microblaze_0_0_MB_FDRE_853'
INFO: [VRFC 10-3107] analyzing entity 'msys_microblaze_0_0_MB_FDRE_856'
INFO: [VRFC 10-3107] analyzing entity 'msys_microblaze_0_0_MB_FDRE_857'
INFO: [VRFC 10-3107] analyzing entity 'msys_microblaze_0_0_MB_FDRE_860'
INFO: [VRFC 10-3107] analyzing entity 'msys_microblaze_0_0_MB_FDRE_861'
INFO: [VRFC 10-3107] analyzing entity 'msys_microblaze_0_0_MB_FDRE_864'
INFO: [VRFC 10-3107] analyzing entity 'msys_microblaze_0_0_MB_FDRE_865'
INFO: [VRFC 10-3107] analyzing entity 'msys_microblaze_0_0_MB_FDRE_868'
INFO: [VRFC 10-3107] analyzing entity 'msys_microblaze_0_0_MB_FDRE_869'
INFO: [VRFC 10-3107] analyzing entity 'msys_microblaze_0_0_MB_FDRE_872'
INFO: [VRFC 10-3107] analyzing entity 'msys_microblaze_0_0_MB_FDRE_873'
INFO: [VRFC 10-3107] analyzing entity 'msys_microblaze_0_0_MB_FDRE_876'
INFO: [VRFC 10-3107] analyzing entity 'msys_microblaze_0_0_MB_FDRE_877'
INFO: [VRFC 10-3107] analyzing entity 'msys_microblaze_0_0_MB_FDRE_880'
INFO: [VRFC 10-3107] analyzing entity 'msys_microblaze_0_0_MB_FDRE_881'
INFO: [VRFC 10-3107] analyzing entity 'msys_microblaze_0_0_MB_FDRE_884'
INFO: [VRFC 10-3107] analyzing entity 'msys_microblaze_0_0_MB_FDRE_885'
INFO: [VRFC 10-3107] analyzing entity 'msys_microblaze_0_0_MB_FDRE_888'
INFO: [VRFC 10-3107] analyzing entity 'msys_microblaze_0_0_MB_FDRE_889'
INFO: [VRFC 10-3107] analyzing entity 'msys_microblaze_0_0_MB_FDRE_892'
INFO: [VRFC 10-3107] analyzing entity 'msys_microblaze_0_0_MB_FDRE_893'
INFO: [VRFC 10-3107] analyzing entity 'msys_microblaze_0_0_MB_FDRE_896'
INFO: [VRFC 10-3107] analyzing entity 'msys_microblaze_0_0_MB_FDRE_897'
INFO: [VRFC 10-3107] analyzing entity 'msys_microblaze_0_0_MB_FDRE_900'
INFO: [VRFC 10-3107] analyzing entity 'msys_microblaze_0_0_MB_FDRE_901'
INFO: [VRFC 10-3107] analyzing entity 'msys_microblaze_0_0_MB_FDRE_904'
INFO: [VRFC 10-3107] analyzing entity 'msys_microblaze_0_0_MB_FDRE_905'
INFO: [VRFC 10-3107] analyzing entity 'msys_microblaze_0_0_MB_FDRE_908'
INFO: [VRFC 10-3107] analyzing entity 'msys_microblaze_0_0_MB_FDRE_909'
INFO: [VRFC 10-3107] analyzing entity 'msys_microblaze_0_0_MB_FDRE_912'
INFO: [VRFC 10-3107] analyzing entity 'msys_microblaze_0_0_MB_FDRE_913'
INFO: [VRFC 10-3107] analyzing entity 'msys_microblaze_0_0_MB_FDRSE'
INFO: [VRFC 10-3107] analyzing entity 'msys_microblaze_0_0_MB_FDRSE_16'
INFO: [VRFC 10-3107] analyzing entity 'msys_microblaze_0_0_MB_FDRSE_17'
INFO: [VRFC 10-3107] analyzing entity 'msys_microblaze_0_0_MB_FDRSE_61'
INFO: [VRFC 10-3107] analyzing entity 'msys_microblaze_0_0_MB_FDRSE_917'
INFO: [VRFC 10-3107] analyzing entity 'msys_microblaze_0_0_MB_FDRSE_918'
INFO: [VRFC 10-3107] analyzing entity 'msys_microblaze_0_0_MB_FDRSE_919'
INFO: [VRFC 10-3107] analyzing entity 'msys_microblaze_0_0_MB_FDS'
INFO: [VRFC 10-3107] analyzing entity 'msys_microblaze_0_0_MB_FDSE'
INFO: [VRFC 10-3107] analyzing entity 'msys_microblaze_0_0_MB_FDSE_577'
INFO: [VRFC 10-3107] analyzing entity 'msys_microblaze_0_0_MB_FDSE_583'
INFO: [VRFC 10-3107] analyzing entity 'msys_microblaze_0_0_MB_FDSE_589'
INFO: [VRFC 10-3107] analyzing entity 'msys_microblaze_0_0_MB_FDSE_595'
INFO: [VRFC 10-3107] analyzing entity 'msys_microblaze_0_0_MB_FDSE_601'
INFO: [VRFC 10-3107] analyzing entity 'msys_microblaze_0_0_MB_FDSE_607'
INFO: [VRFC 10-3107] analyzing entity 'msys_microblaze_0_0_MB_FDSE_613'
INFO: [VRFC 10-3107] analyzing entity 'msys_microblaze_0_0_MB_FDSE_631'
INFO: [VRFC 10-3107] analyzing entity 'msys_microblaze_0_0_MB_FDSE_637'
INFO: [VRFC 10-3107] analyzing entity 'msys_microblaze_0_0_MB_FDSE_643'
INFO: [VRFC 10-3107] analyzing entity 'msys_microblaze_0_0_MB_FDSE_649'
INFO: [VRFC 10-3107] analyzing entity 'msys_microblaze_0_0_MB_FDSE_655'
INFO: [VRFC 10-3107] analyzing entity 'msys_microblaze_0_0_MB_FDSE_661'
INFO: [VRFC 10-3107] analyzing entity 'msys_microblaze_0_0_MB_FDSE_667'
INFO: [VRFC 10-3107] analyzing entity 'msys_microblaze_0_0_MB_FDSE_673'
INFO: [VRFC 10-3107] analyzing entity 'msys_microblaze_0_0_MB_FDSE_679'
INFO: [VRFC 10-3107] analyzing entity 'msys_microblaze_0_0_MB_FDSE_685'
INFO: [VRFC 10-3107] analyzing entity 'msys_microblaze_0_0_MB_FDSE_691'
INFO: [VRFC 10-3107] analyzing entity 'msys_microblaze_0_0_MB_FDSE_697'
INFO: [VRFC 10-3107] analyzing entity 'msys_microblaze_0_0_MB_FDSE_703'
INFO: [VRFC 10-3107] analyzing entity 'msys_microblaze_0_0_MB_FDSE_709'
INFO: [VRFC 10-3107] analyzing entity 'msys_microblaze_0_0_MB_FDSE_715'
INFO: [VRFC 10-3107] analyzing entity 'msys_microblaze_0_0_MB_FDSE_721'
INFO: [VRFC 10-3107] analyzing entity 'msys_microblaze_0_0_MB_FDSE_727'
INFO: [VRFC 10-3107] analyzing entity 'msys_microblaze_0_0_MB_FDSE_733'
INFO: [VRFC 10-3107] analyzing entity 'msys_microblaze_0_0_MB_FDSE_739'
INFO: [VRFC 10-3107] analyzing entity 'msys_microblaze_0_0_MB_FDSE_745'
INFO: [VRFC 10-3107] analyzing entity 'msys_microblaze_0_0_MB_FDSE_751'
INFO: [VRFC 10-3107] analyzing entity 'msys_microblaze_0_0_MB_FDSE_757'
INFO: [VRFC 10-3107] analyzing entity 'msys_microblaze_0_0_MB_FDSE_763'
INFO: [VRFC 10-3107] analyzing entity 'msys_microblaze_0_0_MB_FDS_86'
INFO: [VRFC 10-3107] analyzing entity 'msys_microblaze_0_0_MB_FDS_88'
INFO: [VRFC 10-3107] analyzing entity 'msys_microblaze_0_0_MB_FD_358'
INFO: [VRFC 10-3107] analyzing entity 'msys_microblaze_0_0_MB_FD_361'
INFO: [VRFC 10-3107] analyzing entity 'msys_microblaze_0_0_MB_FD_364'
INFO: [VRFC 10-3107] analyzing entity 'msys_microblaze_0_0_MB_FD_367'
INFO: [VRFC 10-3107] analyzing entity 'msys_microblaze_0_0_MB_FD_370'
INFO: [VRFC 10-3107] analyzing entity 'msys_microblaze_0_0_MB_FD_373'
INFO: [VRFC 10-3107] analyzing entity 'msys_microblaze_0_0_MB_FD_376'
INFO: [VRFC 10-3107] analyzing entity 'msys_microblaze_0_0_MB_FD_379'
INFO: [VRFC 10-3107] analyzing entity 'msys_microblaze_0_0_MB_FD_382'
INFO: [VRFC 10-3107] analyzing entity 'msys_microblaze_0_0_MB_FD_385'
INFO: [VRFC 10-3107] analyzing entity 'msys_microblaze_0_0_MB_FD_388'
INFO: [VRFC 10-3107] analyzing entity 'msys_microblaze_0_0_MB_FD_391'
INFO: [VRFC 10-3107] analyzing entity 'msys_microblaze_0_0_MB_FD_394'
INFO: [VRFC 10-3107] analyzing entity 'msys_microblaze_0_0_MB_FD_397'
INFO: [VRFC 10-3107] analyzing entity 'msys_microblaze_0_0_MB_FD_400'
INFO: [VRFC 10-3107] analyzing entity 'msys_microblaze_0_0_MB_FD_403'
INFO: [VRFC 10-3107] analyzing entity 'msys_microblaze_0_0_MB_FD_406'
INFO: [VRFC 10-3107] analyzing entity 'msys_microblaze_0_0_MB_FD_409'
INFO: [VRFC 10-3107] analyzing entity 'msys_microblaze_0_0_MB_FD_412'
INFO: [VRFC 10-3107] analyzing entity 'msys_microblaze_0_0_MB_FD_415'
INFO: [VRFC 10-3107] analyzing entity 'msys_microblaze_0_0_MB_FD_418'
INFO: [VRFC 10-3107] analyzing entity 'msys_microblaze_0_0_MB_FD_421'
INFO: [VRFC 10-3107] analyzing entity 'msys_microblaze_0_0_MB_FD_424'
INFO: [VRFC 10-3107] analyzing entity 'msys_microblaze_0_0_MB_FD_427'
INFO: [VRFC 10-3107] analyzing entity 'msys_microblaze_0_0_MB_FD_430'
INFO: [VRFC 10-3107] analyzing entity 'msys_microblaze_0_0_MB_FD_433'
INFO: [VRFC 10-3107] analyzing entity 'msys_microblaze_0_0_MB_FD_436'
INFO: [VRFC 10-3107] analyzing entity 'msys_microblaze_0_0_MB_FD_439'
INFO: [VRFC 10-3107] analyzing entity 'msys_microblaze_0_0_MB_FD_442'
INFO: [VRFC 10-3107] analyzing entity 'msys_microblaze_0_0_MB_FD_445'
INFO: [VRFC 10-3107] analyzing entity 'msys_microblaze_0_0_MB_FD_448'
INFO: [VRFC 10-3107] analyzing entity 'msys_microblaze_0_0_MB_LUT2'
INFO: [VRFC 10-3107] analyzing entity 'msys_microblaze_0_0_MB_LUT2_211'
INFO: [VRFC 10-3107] analyzing entity '\msys_microblaze_0_0_MB_LUT2__parameterized2\'
INFO: [VRFC 10-3107] analyzing entity 'msys_microblaze_0_0_MB_LUT3'
INFO: [VRFC 10-3107] analyzing entity '\msys_microblaze_0_0_MB_LUT3__parameterized1\'
INFO: [VRFC 10-3107] analyzing entity '\msys_microblaze_0_0_MB_LUT3__parameterized3\'
INFO: [VRFC 10-3107] analyzing entity '\msys_microblaze_0_0_MB_LUT3__parameterized3_71\'
INFO: [VRFC 10-3107] analyzing entity '\msys_microblaze_0_0_MB_LUT3__parameterized5\'
INFO: [VRFC 10-3107] analyzing entity '\msys_microblaze_0_0_MB_LUT3__parameterized5_80\'
INFO: [VRFC 10-3107] analyzing entity '\msys_microblaze_0_0_MB_LUT3__parameterized7\'
INFO: [VRFC 10-3107] analyzing entity '\msys_microblaze_0_0_MB_LUT3__parameterized9\'
INFO: [VRFC 10-3107] analyzing entity 'msys_microblaze_0_0_MB_LUT4'
INFO: [VRFC 10-3107] analyzing entity '\msys_microblaze_0_0_MB_LUT4__parameterized1\'
INFO: [VRFC 10-3107] analyzing entity '\msys_microblaze_0_0_MB_LUT4__parameterized11\'
INFO: [VRFC 10-3107] analyzing entity '\msys_microblaze_0_0_MB_LUT4__parameterized13\'
INFO: [VRFC 10-3107] analyzing entity '\msys_microblaze_0_0_MB_LUT4__parameterized15\'
INFO: [VRFC 10-3107] analyzing entity '\msys_microblaze_0_0_MB_LUT4__parameterized15_233\'
INFO: [VRFC 10-3107] analyzing entity '\msys_microblaze_0_0_MB_LUT4__parameterized15_236\'
INFO: [VRFC 10-3107] analyzing entity '\msys_microblaze_0_0_MB_LUT4__parameterized15_239\'
INFO: [VRFC 10-3107] analyzing entity '\msys_microblaze_0_0_MB_LUT4__parameterized15_242\'
INFO: [VRFC 10-3107] analyzing entity '\msys_microblaze_0_0_MB_LUT4__parameterized15_245\'
INFO: [VRFC 10-3107] analyzing entity '\msys_microblaze_0_0_MB_LUT4__parameterized15_248\'
INFO: [VRFC 10-3107] analyzing entity '\msys_microblaze_0_0_MB_LUT4__parameterized15_251\'
INFO: [VRFC 10-3107] analyzing entity '\msys_microblaze_0_0_MB_LUT4__parameterized15_254\'
INFO: [VRFC 10-3107] analyzing entity '\msys_microblaze_0_0_MB_LUT4__parameterized15_257\'
INFO: [VRFC 10-3107] analyzing entity '\msys_microblaze_0_0_MB_LUT4__parameterized15_260\'
INFO: [VRFC 10-3107] analyzing entity '\msys_microblaze_0_0_MB_LUT4__parameterized15_263\'
INFO: [VRFC 10-3107] analyzing entity '\msys_microblaze_0_0_MB_LUT4__parameterized15_266\'
INFO: [VRFC 10-3107] analyzing entity '\msys_microblaze_0_0_MB_LUT4__parameterized15_269\'
INFO: [VRFC 10-3107] analyzing entity '\msys_microblaze_0_0_MB_LUT4__parameterized15_272\'
INFO: [VRFC 10-3107] analyzing entity '\msys_microblaze_0_0_MB_LUT4__parameterized15_275\'
INFO: [VRFC 10-3107] analyzing entity '\msys_microblaze_0_0_MB_LUT4__parameterized15_278\'
INFO: [VRFC 10-3107] analyzing entity '\msys_microblaze_0_0_MB_LUT4__parameterized15_281\'
INFO: [VRFC 10-3107] analyzing entity '\msys_microblaze_0_0_MB_LUT4__parameterized15_284\'
INFO: [VRFC 10-3107] analyzing entity '\msys_microblaze_0_0_MB_LUT4__parameterized15_287\'
INFO: [VRFC 10-3107] analyzing entity '\msys_microblaze_0_0_MB_LUT4__parameterized15_290\'
INFO: [VRFC 10-3107] analyzing entity '\msys_microblaze_0_0_MB_LUT4__parameterized15_293\'
INFO: [VRFC 10-3107] analyzing entity '\msys_microblaze_0_0_MB_LUT4__parameterized15_296\'
INFO: [VRFC 10-3107] analyzing entity '\msys_microblaze_0_0_MB_LUT4__parameterized15_299\'
INFO: [VRFC 10-3107] analyzing entity '\msys_microblaze_0_0_MB_LUT4__parameterized15_302\'
INFO: [VRFC 10-3107] analyzing entity '\msys_microblaze_0_0_MB_LUT4__parameterized15_305\'
INFO: [VRFC 10-3107] analyzing entity '\msys_microblaze_0_0_MB_LUT4__parameterized15_308\'
INFO: [VRFC 10-3107] analyzing entity '\msys_microblaze_0_0_MB_LUT4__parameterized15_311\'
INFO: [VRFC 10-3107] analyzing entity '\msys_microblaze_0_0_MB_LUT4__parameterized15_314\'
INFO: [VRFC 10-3107] analyzing entity '\msys_microblaze_0_0_MB_LUT4__parameterized15_317\'
INFO: [VRFC 10-3107] analyzing entity '\msys_microblaze_0_0_MB_LUT4__parameterized15_320\'
INFO: [VRFC 10-3107] analyzing entity '\msys_microblaze_0_0_MB_LUT4__parameterized15_323\'
INFO: [VRFC 10-3107] analyzing entity '\msys_microblaze_0_0_MB_LUT4__parameterized17\'
INFO: [VRFC 10-3107] analyzing entity '\msys_microblaze_0_0_MB_LUT4__parameterized17_234\'
INFO: [VRFC 10-3107] analyzing entity '\msys_microblaze_0_0_MB_LUT4__parameterized17_237\'
INFO: [VRFC 10-3107] analyzing entity '\msys_microblaze_0_0_MB_LUT4__parameterized17_240\'
INFO: [VRFC 10-3107] analyzing entity '\msys_microblaze_0_0_MB_LUT4__parameterized17_243\'
INFO: [VRFC 10-3107] analyzing entity '\msys_microblaze_0_0_MB_LUT4__parameterized17_246\'
INFO: [VRFC 10-3107] analyzing entity '\msys_microblaze_0_0_MB_LUT4__parameterized17_249\'
INFO: [VRFC 10-3107] analyzing entity '\msys_microblaze_0_0_MB_LUT4__parameterized17_252\'
INFO: [VRFC 10-3107] analyzing entity '\msys_microblaze_0_0_MB_LUT4__parameterized17_255\'
INFO: [VRFC 10-3107] analyzing entity '\msys_microblaze_0_0_MB_LUT4__parameterized17_258\'
INFO: [VRFC 10-3107] analyzing entity '\msys_microblaze_0_0_MB_LUT4__parameterized17_261\'
INFO: [VRFC 10-3107] analyzing entity '\msys_microblaze_0_0_MB_LUT4__parameterized17_264\'
INFO: [VRFC 10-3107] analyzing entity '\msys_microblaze_0_0_MB_LUT4__parameterized17_267\'
INFO: [VRFC 10-3107] analyzing entity '\msys_microblaze_0_0_MB_LUT4__parameterized17_270\'
INFO: [VRFC 10-3107] analyzing entity '\msys_microblaze_0_0_MB_LUT4__parameterized17_273\'
INFO: [VRFC 10-3107] analyzing entity '\msys_microblaze_0_0_MB_LUT4__parameterized17_276\'
INFO: [VRFC 10-3107] analyzing entity '\msys_microblaze_0_0_MB_LUT4__parameterized17_279\'
INFO: [VRFC 10-3107] analyzing entity '\msys_microblaze_0_0_MB_LUT4__parameterized17_282\'
INFO: [VRFC 10-3107] analyzing entity '\msys_microblaze_0_0_MB_LUT4__parameterized17_285\'
INFO: [VRFC 10-3107] analyzing entity '\msys_microblaze_0_0_MB_LUT4__parameterized17_288\'
INFO: [VRFC 10-3107] analyzing entity '\msys_microblaze_0_0_MB_LUT4__parameterized17_291\'
INFO: [VRFC 10-3107] analyzing entity '\msys_microblaze_0_0_MB_LUT4__parameterized17_294\'
INFO: [VRFC 10-3107] analyzing entity '\msys_microblaze_0_0_MB_LUT4__parameterized17_297\'
INFO: [VRFC 10-3107] analyzing entity '\msys_microblaze_0_0_MB_LUT4__parameterized17_300\'
INFO: [VRFC 10-3107] analyzing entity '\msys_microblaze_0_0_MB_LUT4__parameterized17_303\'
INFO: [VRFC 10-3107] analyzing entity '\msys_microblaze_0_0_MB_LUT4__parameterized17_306\'
INFO: [VRFC 10-3107] analyzing entity '\msys_microblaze_0_0_MB_LUT4__parameterized17_309\'
INFO: [VRFC 10-3107] analyzing entity '\msys_microblaze_0_0_MB_LUT4__parameterized17_312\'
INFO: [VRFC 10-3107] analyzing entity '\msys_microblaze_0_0_MB_LUT4__parameterized17_315\'
INFO: [VRFC 10-3107] analyzing entity '\msys_microblaze_0_0_MB_LUT4__parameterized17_318\'
INFO: [VRFC 10-3107] analyzing entity '\msys_microblaze_0_0_MB_LUT4__parameterized17_321\'
INFO: [VRFC 10-3107] analyzing entity '\msys_microblaze_0_0_MB_LUT4__parameterized17_324\'
INFO: [VRFC 10-3107] analyzing entity '\msys_microblaze_0_0_MB_LUT4__parameterized19\'
INFO: [VRFC 10-3107] analyzing entity '\msys_microblaze_0_0_MB_LUT4__parameterized21\'
INFO: [VRFC 10-3107] analyzing entity '\msys_microblaze_0_0_MB_LUT4__parameterized23\'
INFO: [VRFC 10-3107] analyzing entity '\msys_microblaze_0_0_MB_LUT4__parameterized25\'
INFO: [VRFC 10-3107] analyzing entity '\msys_microblaze_0_0_MB_LUT4__parameterized27\'
INFO: [VRFC 10-3107] analyzing entity '\msys_microblaze_0_0_MB_LUT4__parameterized29\'
INFO: [VRFC 10-3107] analyzing entity '\msys_microblaze_0_0_MB_LUT4__parameterized29_359\'
INFO: [VRFC 10-3107] analyzing entity '\msys_microblaze_0_0_MB_LUT4__parameterized29_362\'
INFO: [VRFC 10-3107] analyzing entity '\msys_microblaze_0_0_MB_LUT4__parameterized29_365\'
INFO: [VRFC 10-3107] analyzing entity '\msys_microblaze_0_0_MB_LUT4__parameterized29_368\'
INFO: [VRFC 10-3107] analyzing entity '\msys_microblaze_0_0_MB_LUT4__parameterized29_371\'
INFO: [VRFC 10-3107] analyzing entity '\msys_microblaze_0_0_MB_LUT4__parameterized29_374\'
INFO: [VRFC 10-3107] analyzing entity '\msys_microblaze_0_0_MB_LUT4__parameterized29_377\'
INFO: [VRFC 10-3107] analyzing entity '\msys_microblaze_0_0_MB_LUT4__parameterized29_380\'
INFO: [VRFC 10-3107] analyzing entity '\msys_microblaze_0_0_MB_LUT4__parameterized29_383\'
INFO: [VRFC 10-3107] analyzing entity '\msys_microblaze_0_0_MB_LUT4__parameterized29_386\'
INFO: [VRFC 10-3107] analyzing entity '\msys_microblaze_0_0_MB_LUT4__parameterized29_389\'
INFO: [VRFC 10-3107] analyzing entity '\msys_microblaze_0_0_MB_LUT4__parameterized29_392\'
INFO: [VRFC 10-3107] analyzing entity '\msys_microblaze_0_0_MB_LUT4__parameterized29_395\'
INFO: [VRFC 10-3107] analyzing entity '\msys_microblaze_0_0_MB_LUT4__parameterized29_398\'
INFO: [VRFC 10-3107] analyzing entity '\msys_microblaze_0_0_MB_LUT4__parameterized29_401\'
INFO: [VRFC 10-3107] analyzing entity '\msys_microblaze_0_0_MB_LUT4__parameterized29_404\'
INFO: [VRFC 10-3107] analyzing entity '\msys_microblaze_0_0_MB_LUT4__parameterized29_407\'
INFO: [VRFC 10-3107] analyzing entity '\msys_microblaze_0_0_MB_LUT4__parameterized29_410\'
INFO: [VRFC 10-3107] analyzing entity '\msys_microblaze_0_0_MB_LUT4__parameterized29_413\'
INFO: [VRFC 10-3107] analyzing entity '\msys_microblaze_0_0_MB_LUT4__parameterized29_416\'
INFO: [VRFC 10-3107] analyzing entity '\msys_microblaze_0_0_MB_LUT4__parameterized29_419\'
INFO: [VRFC 10-3107] analyzing entity '\msys_microblaze_0_0_MB_LUT4__parameterized29_422\'
INFO: [VRFC 10-3107] analyzing entity '\msys_microblaze_0_0_MB_LUT4__parameterized29_425\'
INFO: [VRFC 10-3107] analyzing entity '\msys_microblaze_0_0_MB_LUT4__parameterized29_428\'
INFO: [VRFC 10-3107] analyzing entity '\msys_microblaze_0_0_MB_LUT4__parameterized29_431\'
INFO: [VRFC 10-3107] analyzing entity '\msys_microblaze_0_0_MB_LUT4__parameterized29_434\'
INFO: [VRFC 10-3107] analyzing entity '\msys_microblaze_0_0_MB_LUT4__parameterized29_437\'
INFO: [VRFC 10-3107] analyzing entity '\msys_microblaze_0_0_MB_LUT4__parameterized29_440\'
INFO: [VRFC 10-3107] analyzing entity '\msys_microblaze_0_0_MB_LUT4__parameterized29_443\'
INFO: [VRFC 10-3107] analyzing entity '\msys_microblaze_0_0_MB_LUT4__parameterized29_446\'
INFO: [VRFC 10-3107] analyzing entity '\msys_microblaze_0_0_MB_LUT4__parameterized29_449\'
INFO: [VRFC 10-3107] analyzing entity '\msys_microblaze_0_0_MB_LUT4__parameterized3\'
INFO: [VRFC 10-3107] analyzing entity '\msys_microblaze_0_0_MB_LUT4__parameterized31\'
INFO: [VRFC 10-3107] analyzing entity '\msys_microblaze_0_0_MB_LUT4__parameterized31_582\'
INFO: [VRFC 10-3107] analyzing entity '\msys_microblaze_0_0_MB_LUT4__parameterized31_588\'
INFO: [VRFC 10-3107] analyzing entity '\msys_microblaze_0_0_MB_LUT4__parameterized31_594\'
INFO: [VRFC 10-3107] analyzing entity '\msys_microblaze_0_0_MB_LUT4__parameterized31_600\'
INFO: [VRFC 10-3107] analyzing entity '\msys_microblaze_0_0_MB_LUT4__parameterized31_606\'
INFO: [VRFC 10-3107] analyzing entity '\msys_microblaze_0_0_MB_LUT4__parameterized31_612\'
INFO: [VRFC 10-3107] analyzing entity '\msys_microblaze_0_0_MB_LUT4__parameterized31_619\'
INFO: [VRFC 10-3107] analyzing entity '\msys_microblaze_0_0_MB_LUT4__parameterized31_625\'
INFO: [VRFC 10-3107] analyzing entity '\msys_microblaze_0_0_MB_LUT4__parameterized31_630\'
INFO: [VRFC 10-3107] analyzing entity '\msys_microblaze_0_0_MB_LUT4__parameterized31_636\'
INFO: [VRFC 10-3107] analyzing entity '\msys_microblaze_0_0_MB_LUT4__parameterized31_642\'
INFO: [VRFC 10-3107] analyzing entity '\msys_microblaze_0_0_MB_LUT4__parameterized31_648\'
INFO: [VRFC 10-3107] analyzing entity '\msys_microblaze_0_0_MB_LUT4__parameterized31_654\'
INFO: [VRFC 10-3107] analyzing entity '\msys_microblaze_0_0_MB_LUT4__parameterized31_660\'
INFO: [VRFC 10-3107] analyzing entity '\msys_microblaze_0_0_MB_LUT4__parameterized31_666\'
INFO: [VRFC 10-3107] analyzing entity '\msys_microblaze_0_0_MB_LUT4__parameterized31_672\'
INFO: [VRFC 10-3107] analyzing entity '\msys_microblaze_0_0_MB_LUT4__parameterized31_678\'
INFO: [VRFC 10-3107] analyzing entity '\msys_microblaze_0_0_MB_LUT4__parameterized31_684\'
INFO: [VRFC 10-3107] analyzing entity '\msys_microblaze_0_0_MB_LUT4__parameterized31_690\'
INFO: [VRFC 10-3107] analyzing entity '\msys_microblaze_0_0_MB_LUT4__parameterized31_696\'
INFO: [VRFC 10-3107] analyzing entity '\msys_microblaze_0_0_MB_LUT4__parameterized31_702\'
INFO: [VRFC 10-3107] analyzing entity '\msys_microblaze_0_0_MB_LUT4__parameterized31_708\'
INFO: [VRFC 10-3107] analyzing entity '\msys_microblaze_0_0_MB_LUT4__parameterized31_714\'
INFO: [VRFC 10-3107] analyzing entity '\msys_microblaze_0_0_MB_LUT4__parameterized31_720\'
INFO: [VRFC 10-3107] analyzing entity '\msys_microblaze_0_0_MB_LUT4__parameterized31_726\'
INFO: [VRFC 10-3107] analyzing entity '\msys_microblaze_0_0_MB_LUT4__parameterized31_732\'
INFO: [VRFC 10-3107] analyzing entity '\msys_microblaze_0_0_MB_LUT4__parameterized31_738\'
INFO: [VRFC 10-3107] analyzing entity '\msys_microblaze_0_0_MB_LUT4__parameterized31_744\'
INFO: [VRFC 10-3107] analyzing entity '\msys_microblaze_0_0_MB_LUT4__parameterized31_750\'
INFO: [VRFC 10-3107] analyzing entity '\msys_microblaze_0_0_MB_LUT4__parameterized31_756\'
INFO: [VRFC 10-3107] analyzing entity '\msys_microblaze_0_0_MB_LUT4__parameterized31_762\'
INFO: [VRFC 10-3107] analyzing entity '\msys_microblaze_0_0_MB_LUT4__parameterized33\'
INFO: [VRFC 10-3107] analyzing entity '\msys_microblaze_0_0_MB_LUT4__parameterized33_580\'
INFO: [VRFC 10-3107] analyzing entity '\msys_microblaze_0_0_MB_LUT4__parameterized33_586\'
INFO: [VRFC 10-3107] analyzing entity '\msys_microblaze_0_0_MB_LUT4__parameterized33_592\'
INFO: [VRFC 10-3107] analyzing entity '\msys_microblaze_0_0_MB_LUT4__parameterized33_598\'
INFO: [VRFC 10-3107] analyzing entity '\msys_microblaze_0_0_MB_LUT4__parameterized33_604\'
INFO: [VRFC 10-3107] analyzing entity '\msys_microblaze_0_0_MB_LUT4__parameterized33_610\'
INFO: [VRFC 10-3107] analyzing entity '\msys_microblaze_0_0_MB_LUT4__parameterized33_616\'
INFO: [VRFC 10-3107] analyzing entity '\msys_microblaze_0_0_MB_LUT4__parameterized33_622\'
INFO: [VRFC 10-3107] analyzing entity '\msys_microblaze_0_0_MB_LUT4__parameterized33_628\'
INFO: [VRFC 10-3107] analyzing entity '\msys_microblaze_0_0_MB_LUT4__parameterized33_634\'
INFO: [VRFC 10-3107] analyzing entity '\msys_microblaze_0_0_MB_LUT4__parameterized33_640\'
INFO: [VRFC 10-3107] analyzing entity '\msys_microblaze_0_0_MB_LUT4__parameterized33_646\'
INFO: [VRFC 10-3107] analyzing entity '\msys_microblaze_0_0_MB_LUT4__parameterized33_652\'
INFO: [VRFC 10-3107] analyzing entity '\msys_microblaze_0_0_MB_LUT4__parameterized33_658\'
INFO: [VRFC 10-3107] analyzing entity '\msys_microblaze_0_0_MB_LUT4__parameterized33_664\'
INFO: [VRFC 10-3107] analyzing entity '\msys_microblaze_0_0_MB_LUT4__parameterized33_670\'
INFO: [VRFC 10-3107] analyzing entity '\msys_microblaze_0_0_MB_LUT4__parameterized33_676\'
INFO: [VRFC 10-3107] analyzing entity '\msys_microblaze_0_0_MB_LUT4__parameterized33_682\'
INFO: [VRFC 10-3107] analyzing entity '\msys_microblaze_0_0_MB_LUT4__parameterized33_688\'
INFO: [VRFC 10-3107] analyzing entity '\msys_microblaze_0_0_MB_LUT4__parameterized33_694\'
INFO: [VRFC 10-3107] analyzing entity '\msys_microblaze_0_0_MB_LUT4__parameterized33_700\'
INFO: [VRFC 10-3107] analyzing entity '\msys_microblaze_0_0_MB_LUT4__parameterized33_706\'
INFO: [VRFC 10-3107] analyzing entity '\msys_microblaze_0_0_MB_LUT4__parameterized33_712\'
INFO: [VRFC 10-3107] analyzing entity '\msys_microblaze_0_0_MB_LUT4__parameterized33_718\'
INFO: [VRFC 10-3107] analyzing entity '\msys_microblaze_0_0_MB_LUT4__parameterized33_724\'
INFO: [VRFC 10-3107] analyzing entity '\msys_microblaze_0_0_MB_LUT4__parameterized33_730\'
INFO: [VRFC 10-3107] analyzing entity '\msys_microblaze_0_0_MB_LUT4__parameterized33_736\'
INFO: [VRFC 10-3107] analyzing entity '\msys_microblaze_0_0_MB_LUT4__parameterized33_742\'
INFO: [VRFC 10-3107] analyzing entity '\msys_microblaze_0_0_MB_LUT4__parameterized33_748\'
INFO: [VRFC 10-3107] analyzing entity '\msys_microblaze_0_0_MB_LUT4__parameterized33_754\'
INFO: [VRFC 10-3107] analyzing entity '\msys_microblaze_0_0_MB_LUT4__parameterized33_760\'
INFO: [VRFC 10-3107] analyzing entity '\msys_microblaze_0_0_MB_LUT4__parameterized3_81\'
INFO: [VRFC 10-3107] analyzing entity '\msys_microblaze_0_0_MB_LUT4__parameterized5\'
INFO: [VRFC 10-3107] analyzing entity '\msys_microblaze_0_0_MB_LUT4__parameterized5_68\'
INFO: [VRFC 10-3107] analyzing entity '\msys_microblaze_0_0_MB_LUT4__parameterized5_69\'
INFO: [VRFC 10-3107] analyzing entity '\msys_microblaze_0_0_MB_LUT4__parameterized5_70\'
INFO: [VRFC 10-3107] analyzing entity '\msys_microblaze_0_0_MB_LUT4__parameterized7\'
INFO: [VRFC 10-3107] analyzing entity '\msys_microblaze_0_0_MB_LUT4__parameterized7_207\'
INFO: [VRFC 10-3107] analyzing entity '\msys_microblaze_0_0_MB_LUT4__parameterized7_72\'
INFO: [VRFC 10-3107] analyzing entity '\msys_microblaze_0_0_MB_LUT4__parameterized9\'
INFO: [VRFC 10-3107] analyzing entity 'msys_microblaze_0_0_MB_LUT5'
INFO: [VRFC 10-3107] analyzing entity '\msys_microblaze_0_0_MB_LUT5__parameterized1\'
INFO: [VRFC 10-3107] analyzing entity 'msys_microblaze_0_0_MB_LUT6'
INFO: [VRFC 10-3107] analyzing entity 'msys_microblaze_0_0_MB_LUT6_2'
INFO: [VRFC 10-3107] analyzing entity 'msys_microblaze_0_0_MB_LUT6_2_791'
INFO: [VRFC 10-3107] analyzing entity 'msys_microblaze_0_0_MB_LUT6_2_795'
INFO: [VRFC 10-3107] analyzing entity 'msys_microblaze_0_0_MB_LUT6_2_799'
INFO: [VRFC 10-3107] analyzing entity 'msys_microblaze_0_0_MB_LUT6_2_803'
INFO: [VRFC 10-3107] analyzing entity 'msys_microblaze_0_0_MB_LUT6_2_807'
INFO: [VRFC 10-3107] analyzing entity 'msys_microblaze_0_0_MB_LUT6_2_811'
INFO: [VRFC 10-3107] analyzing entity 'msys_microblaze_0_0_MB_LUT6_2_815'
INFO: [VRFC 10-3107] analyzing entity 'msys_microblaze_0_0_MB_LUT6_2_819'
INFO: [VRFC 10-3107] analyzing entity 'msys_microblaze_0_0_MB_LUT6_2_823'
INFO: [VRFC 10-3107] analyzing entity 'msys_microblaze_0_0_MB_LUT6_2_827'
INFO: [VRFC 10-3107] analyzing entity 'msys_microblaze_0_0_MB_LUT6_2_831'
INFO: [VRFC 10-3107] analyzing entity 'msys_microblaze_0_0_MB_LUT6_2_835'
INFO: [VRFC 10-3107] analyzing entity 'msys_microblaze_0_0_MB_LUT6_2_839'
INFO: [VRFC 10-3107] analyzing entity 'msys_microblaze_0_0_MB_LUT6_2_843'
INFO: [VRFC 10-3107] analyzing entity 'msys_microblaze_0_0_MB_LUT6_2_847'
INFO: [VRFC 10-3107] analyzing entity 'msys_microblaze_0_0_MB_LUT6_2_851'
INFO: [VRFC 10-3107] analyzing entity 'msys_microblaze_0_0_MB_LUT6_2_855'
INFO: [VRFC 10-3107] analyzing entity 'msys_microblaze_0_0_MB_LUT6_2_859'
INFO: [VRFC 10-3107] analyzing entity 'msys_microblaze_0_0_MB_LUT6_2_863'
INFO: [VRFC 10-3107] analyzing entity 'msys_microblaze_0_0_MB_LUT6_2_867'
INFO: [VRFC 10-3107] analyzing entity 'msys_microblaze_0_0_MB_LUT6_2_871'
INFO: [VRFC 10-3107] analyzing entity 'msys_microblaze_0_0_MB_LUT6_2_875'
INFO: [VRFC 10-3107] analyzing entity 'msys_microblaze_0_0_MB_LUT6_2_879'
INFO: [VRFC 10-3107] analyzing entity 'msys_microblaze_0_0_MB_LUT6_2_883'
INFO: [VRFC 10-3107] analyzing entity 'msys_microblaze_0_0_MB_LUT6_2_887'
INFO: [VRFC 10-3107] analyzing entity 'msys_microblaze_0_0_MB_LUT6_2_891'
INFO: [VRFC 10-3107] analyzing entity 'msys_microblaze_0_0_MB_LUT6_2_895'
INFO: [VRFC 10-3107] analyzing entity 'msys_microblaze_0_0_MB_LUT6_2_899'
INFO: [VRFC 10-3107] analyzing entity 'msys_microblaze_0_0_MB_LUT6_2_903'
INFO: [VRFC 10-3107] analyzing entity 'msys_microblaze_0_0_MB_LUT6_2_907'
INFO: [VRFC 10-3107] analyzing entity 'msys_microblaze_0_0_MB_LUT6_2_911'
INFO: [VRFC 10-3107] analyzing entity '\msys_microblaze_0_0_MB_LUT6_2__parameterized10\'
INFO: [VRFC 10-3107] analyzing entity '\msys_microblaze_0_0_MB_LUT6_2__parameterized12\'
INFO: [VRFC 10-3107] analyzing entity '\msys_microblaze_0_0_MB_LUT6_2__parameterized14\'
INFO: [VRFC 10-3107] analyzing entity '\msys_microblaze_0_0_MB_LUT6_2__parameterized16\'
INFO: [VRFC 10-3107] analyzing entity '\msys_microblaze_0_0_MB_LUT6_2__parameterized2\'
INFO: [VRFC 10-3107] analyzing entity '\msys_microblaze_0_0_MB_LUT6_2__parameterized2_1000\'
INFO: [VRFC 10-3107] analyzing entity '\msys_microblaze_0_0_MB_LUT6_2__parameterized2_1002\'
INFO: [VRFC 10-3107] analyzing entity '\msys_microblaze_0_0_MB_LUT6_2__parameterized2_1004\'
INFO: [VRFC 10-3107] analyzing entity '\msys_microblaze_0_0_MB_LUT6_2__parameterized2_1006\'
INFO: [VRFC 10-3107] analyzing entity '\msys_microblaze_0_0_MB_LUT6_2__parameterized2_1008\'
INFO: [VRFC 10-3107] analyzing entity '\msys_microblaze_0_0_MB_LUT6_2__parameterized2_1010\'
INFO: [VRFC 10-3107] analyzing entity '\msys_microblaze_0_0_MB_LUT6_2__parameterized2_952\'
INFO: [VRFC 10-3107] analyzing entity '\msys_microblaze_0_0_MB_LUT6_2__parameterized2_954\'
INFO: [VRFC 10-3107] analyzing entity '\msys_microblaze_0_0_MB_LUT6_2__parameterized2_956\'
INFO: [VRFC 10-3107] analyzing entity '\msys_microblaze_0_0_MB_LUT6_2__parameterized2_958\'
INFO: [VRFC 10-3107] analyzing entity '\msys_microblaze_0_0_MB_LUT6_2__parameterized2_960\'
INFO: [VRFC 10-3107] analyzing entity '\msys_microblaze_0_0_MB_LUT6_2__parameterized2_962\'
INFO: [VRFC 10-3107] analyzing entity '\msys_microblaze_0_0_MB_LUT6_2__parameterized2_964\'
INFO: [VRFC 10-3107] analyzing entity '\msys_microblaze_0_0_MB_LUT6_2__parameterized2_966\'
INFO: [VRFC 10-3107] analyzing entity '\msys_microblaze_0_0_MB_LUT6_2__parameterized2_968\'
INFO: [VRFC 10-3107] analyzing entity '\msys_microblaze_0_0_MB_LUT6_2__parameterized2_970\'
INFO: [VRFC 10-3107] analyzing entity '\msys_microblaze_0_0_MB_LUT6_2__parameterized2_972\'
INFO: [VRFC 10-3107] analyzing entity '\msys_microblaze_0_0_MB_LUT6_2__parameterized2_974\'
INFO: [VRFC 10-3107] analyzing entity '\msys_microblaze_0_0_MB_LUT6_2__parameterized2_976\'
INFO: [VRFC 10-3107] analyzing entity '\msys_microblaze_0_0_MB_LUT6_2__parameterized2_978\'
INFO: [VRFC 10-3107] analyzing entity '\msys_microblaze_0_0_MB_LUT6_2__parameterized2_980\'
INFO: [VRFC 10-3107] analyzing entity '\msys_microblaze_0_0_MB_LUT6_2__parameterized2_982\'
INFO: [VRFC 10-3107] analyzing entity '\msys_microblaze_0_0_MB_LUT6_2__parameterized2_984\'
INFO: [VRFC 10-3107] analyzing entity '\msys_microblaze_0_0_MB_LUT6_2__parameterized2_986\'
INFO: [VRFC 10-3107] analyzing entity '\msys_microblaze_0_0_MB_LUT6_2__parameterized2_988\'
INFO: [VRFC 10-3107] analyzing entity '\msys_microblaze_0_0_MB_LUT6_2__parameterized2_990\'
INFO: [VRFC 10-3107] analyzing entity '\msys_microblaze_0_0_MB_LUT6_2__parameterized2_992\'
INFO: [VRFC 10-3107] analyzing entity '\msys_microblaze_0_0_MB_LUT6_2__parameterized2_994\'
INFO: [VRFC 10-3107] analyzing entity '\msys_microblaze_0_0_MB_LUT6_2__parameterized2_996\'
INFO: [VRFC 10-3107] analyzing entity '\msys_microblaze_0_0_MB_LUT6_2__parameterized2_998\'
INFO: [VRFC 10-3107] analyzing entity '\msys_microblaze_0_0_MB_LUT6_2__parameterized4\'
INFO: [VRFC 10-3107] analyzing entity '\msys_microblaze_0_0_MB_LUT6_2__parameterized4_1\'
INFO: [VRFC 10-3107] analyzing entity '\msys_microblaze_0_0_MB_LUT6_2__parameterized4_10\'
INFO: [VRFC 10-3107] analyzing entity '\msys_microblaze_0_0_MB_LUT6_2__parameterized4_1015\'
INFO: [VRFC 10-3107] analyzing entity '\msys_microblaze_0_0_MB_LUT6_2__parameterized4_1016\'
INFO: [VRFC 10-3107] analyzing entity '\msys_microblaze_0_0_MB_LUT6_2__parameterized4_1017\'
INFO: [VRFC 10-3107] analyzing entity '\msys_microblaze_0_0_MB_LUT6_2__parameterized4_1018\'
INFO: [VRFC 10-3107] analyzing entity '\msys_microblaze_0_0_MB_LUT6_2__parameterized4_1019\'
INFO: [VRFC 10-3107] analyzing entity '\msys_microblaze_0_0_MB_LUT6_2__parameterized4_1020\'
INFO: [VRFC 10-3107] analyzing entity '\msys_microblaze_0_0_MB_LUT6_2__parameterized4_1021\'
INFO: [VRFC 10-3107] analyzing entity '\msys_microblaze_0_0_MB_LUT6_2__parameterized4_1022\'
INFO: [VRFC 10-3107] analyzing entity '\msys_microblaze_0_0_MB_LUT6_2__parameterized4_1023\'
INFO: [VRFC 10-3107] analyzing entity '\msys_microblaze_0_0_MB_LUT6_2__parameterized4_1024\'
INFO: [VRFC 10-3107] analyzing entity '\msys_microblaze_0_0_MB_LUT6_2__parameterized4_1025\'
INFO: [VRFC 10-3107] analyzing entity '\msys_microblaze_0_0_MB_LUT6_2__parameterized4_1026\'
INFO: [VRFC 10-3107] analyzing entity '\msys_microblaze_0_0_MB_LUT6_2__parameterized4_11\'
INFO: [VRFC 10-3107] analyzing entity '\msys_microblaze_0_0_MB_LUT6_2__parameterized4_12\'
INFO: [VRFC 10-3107] analyzing entity '\msys_microblaze_0_0_MB_LUT6_2__parameterized4_128\'
INFO: [VRFC 10-3107] analyzing entity '\msys_microblaze_0_0_MB_LUT6_2__parameterized4_129\'
INFO: [VRFC 10-3107] analyzing entity '\msys_microblaze_0_0_MB_LUT6_2__parameterized4_13\'
INFO: [VRFC 10-3107] analyzing entity '\msys_microblaze_0_0_MB_LUT6_2__parameterized4_130\'
INFO: [VRFC 10-3107] analyzing entity '\msys_microblaze_0_0_MB_LUT6_2__parameterized4_131\'
INFO: [VRFC 10-3107] analyzing entity '\msys_microblaze_0_0_MB_LUT6_2__parameterized4_132\'
INFO: [VRFC 10-3107] analyzing entity '\msys_microblaze_0_0_MB_LUT6_2__parameterized4_133\'
INFO: [VRFC 10-3107] analyzing entity '\msys_microblaze_0_0_MB_LUT6_2__parameterized4_134\'
INFO: [VRFC 10-3107] analyzing entity '\msys_microblaze_0_0_MB_LUT6_2__parameterized4_135\'
INFO: [VRFC 10-3107] analyzing entity '\msys_microblaze_0_0_MB_LUT6_2__parameterized4_136\'
INFO: [VRFC 10-3107] analyzing entity '\msys_microblaze_0_0_MB_LUT6_2__parameterized4_137\'
INFO: [VRFC 10-3107] analyzing entity '\msys_microblaze_0_0_MB_LUT6_2__parameterized4_138\'
INFO: [VRFC 10-3107] analyzing entity '\msys_microblaze_0_0_MB_LUT6_2__parameterized4_139\'
INFO: [VRFC 10-3107] analyzing entity '\msys_microblaze_0_0_MB_LUT6_2__parameterized4_14\'
INFO: [VRFC 10-3107] analyzing entity '\msys_microblaze_0_0_MB_LUT6_2__parameterized4_140\'
INFO: [VRFC 10-3107] analyzing entity '\msys_microblaze_0_0_MB_LUT6_2__parameterized4_141\'
INFO: [VRFC 10-3107] analyzing entity '\msys_microblaze_0_0_MB_LUT6_2__parameterized4_142\'
INFO: [VRFC 10-3107] analyzing entity '\msys_microblaze_0_0_MB_LUT6_2__parameterized4_143\'
INFO: [VRFC 10-3107] analyzing entity '\msys_microblaze_0_0_MB_LUT6_2__parameterized4_144\'
INFO: [VRFC 10-3107] analyzing entity '\msys_microblaze_0_0_MB_LUT6_2__parameterized4_145\'
INFO: [VRFC 10-3107] analyzing entity '\msys_microblaze_0_0_MB_LUT6_2__parameterized4_146\'
INFO: [VRFC 10-3107] analyzing entity '\msys_microblaze_0_0_MB_LUT6_2__parameterized4_147\'
INFO: [VRFC 10-3107] analyzing entity '\msys_microblaze_0_0_MB_LUT6_2__parameterized4_148\'
INFO: [VRFC 10-3107] analyzing entity '\msys_microblaze_0_0_MB_LUT6_2__parameterized4_149\'
INFO: [VRFC 10-3107] analyzing entity '\msys_microblaze_0_0_MB_LUT6_2__parameterized4_15\'
INFO: [VRFC 10-3107] analyzing entity '\msys_microblaze_0_0_MB_LUT6_2__parameterized4_150\'
INFO: [VRFC 10-3107] analyzing entity '\msys_microblaze_0_0_MB_LUT6_2__parameterized4_151\'
INFO: [VRFC 10-3107] analyzing entity '\msys_microblaze_0_0_MB_LUT6_2__parameterized4_152\'
INFO: [VRFC 10-3107] analyzing entity '\msys_microblaze_0_0_MB_LUT6_2__parameterized4_153\'
INFO: [VRFC 10-3107] analyzing entity '\msys_microblaze_0_0_MB_LUT6_2__parameterized4_154\'
INFO: [VRFC 10-3107] analyzing entity '\msys_microblaze_0_0_MB_LUT6_2__parameterized4_155\'
INFO: [VRFC 10-3107] analyzing entity '\msys_microblaze_0_0_MB_LUT6_2__parameterized4_156\'
INFO: [VRFC 10-3107] analyzing entity '\msys_microblaze_0_0_MB_LUT6_2__parameterized4_157\'
INFO: [VRFC 10-3107] analyzing entity '\msys_microblaze_0_0_MB_LUT6_2__parameterized4_158\'
INFO: [VRFC 10-3107] analyzing entity '\msys_microblaze_0_0_MB_LUT6_2__parameterized4_159\'
INFO: [VRFC 10-3107] analyzing entity '\msys_microblaze_0_0_MB_LUT6_2__parameterized4_160\'
INFO: [VRFC 10-3107] analyzing entity '\msys_microblaze_0_0_MB_LUT6_2__parameterized4_161\'
INFO: [VRFC 10-3107] analyzing entity '\msys_microblaze_0_0_MB_LUT6_2__parameterized4_162\'
INFO: [VRFC 10-3107] analyzing entity '\msys_microblaze_0_0_MB_LUT6_2__parameterized4_163\'
INFO: [VRFC 10-3107] analyzing entity '\msys_microblaze_0_0_MB_LUT6_2__parameterized4_164\'
INFO: [VRFC 10-3107] analyzing entity '\msys_microblaze_0_0_MB_LUT6_2__parameterized4_165\'
INFO: [VRFC 10-3107] analyzing entity '\msys_microblaze_0_0_MB_LUT6_2__parameterized4_166\'
INFO: [VRFC 10-3107] analyzing entity '\msys_microblaze_0_0_MB_LUT6_2__parameterized4_167\'
INFO: [VRFC 10-3107] analyzing entity '\msys_microblaze_0_0_MB_LUT6_2__parameterized4_168\'
INFO: [VRFC 10-3107] analyzing entity '\msys_microblaze_0_0_MB_LUT6_2__parameterized4_169\'
INFO: [VRFC 10-3107] analyzing entity '\msys_microblaze_0_0_MB_LUT6_2__parameterized4_170\'
INFO: [VRFC 10-3107] analyzing entity '\msys_microblaze_0_0_MB_LUT6_2__parameterized4_171\'
INFO: [VRFC 10-3107] analyzing entity '\msys_microblaze_0_0_MB_LUT6_2__parameterized4_172\'
INFO: [VRFC 10-3107] analyzing entity '\msys_microblaze_0_0_MB_LUT6_2__parameterized4_173\'
INFO: [VRFC 10-3107] analyzing entity '\msys_microblaze_0_0_MB_LUT6_2__parameterized4_174\'
INFO: [VRFC 10-3107] analyzing entity '\msys_microblaze_0_0_MB_LUT6_2__parameterized4_175\'
INFO: [VRFC 10-3107] analyzing entity '\msys_microblaze_0_0_MB_LUT6_2__parameterized4_2\'
INFO: [VRFC 10-3107] analyzing entity '\msys_microblaze_0_0_MB_LUT6_2__parameterized4_3\'
INFO: [VRFC 10-3107] analyzing entity '\msys_microblaze_0_0_MB_LUT6_2__parameterized4_4\'
INFO: [VRFC 10-3107] analyzing entity '\msys_microblaze_0_0_MB_LUT6_2__parameterized4_5\'
INFO: [VRFC 10-3107] analyzing entity '\msys_microblaze_0_0_MB_LUT6_2__parameterized4_6\'
INFO: [VRFC 10-3107] analyzing entity '\msys_microblaze_0_0_MB_LUT6_2__parameterized4_7\'
INFO: [VRFC 10-3107] analyzing entity '\msys_microblaze_0_0_MB_LUT6_2__parameterized4_8\'
INFO: [VRFC 10-3107] analyzing entity '\msys_microblaze_0_0_MB_LUT6_2__parameterized4_9\'
INFO: [VRFC 10-3107] analyzing entity '\msys_microblaze_0_0_MB_LUT6_2__parameterized6\'
INFO: [VRFC 10-3107] analyzing entity '\msys_microblaze_0_0_MB_LUT6_2__parameterized8\'
INFO: [VRFC 10-3107] analyzing entity '\msys_microblaze_0_0_MB_LUT6__parameterized1\'
INFO: [VRFC 10-3107] analyzing entity '\msys_microblaze_0_0_MB_LUT6__parameterized1_357\'
INFO: [VRFC 10-3107] analyzing entity '\msys_microblaze_0_0_MB_LUT6__parameterized1_360\'
INFO: [VRFC 10-3107] analyzing entity '\msys_microblaze_0_0_MB_LUT6__parameterized1_363\'
INFO: [VRFC 10-3107] analyzing entity '\msys_microblaze_0_0_MB_LUT6__parameterized1_366\'
INFO: [VRFC 10-3107] analyzing entity '\msys_microblaze_0_0_MB_LUT6__parameterized1_369\'
INFO: [VRFC 10-3107] analyzing entity '\msys_microblaze_0_0_MB_LUT6__parameterized1_372\'
INFO: [VRFC 10-3107] analyzing entity '\msys_microblaze_0_0_MB_LUT6__parameterized1_375\'
INFO: [VRFC 10-3107] analyzing entity '\msys_microblaze_0_0_MB_LUT6__parameterized1_378\'
INFO: [VRFC 10-3107] analyzing entity '\msys_microblaze_0_0_MB_LUT6__parameterized1_381\'
INFO: [VRFC 10-3107] analyzing entity '\msys_microblaze_0_0_MB_LUT6__parameterized1_384\'
INFO: [VRFC 10-3107] analyzing entity '\msys_microblaze_0_0_MB_LUT6__parameterized1_387\'
INFO: [VRFC 10-3107] analyzing entity '\msys_microblaze_0_0_MB_LUT6__parameterized1_390\'
INFO: [VRFC 10-3107] analyzing entity '\msys_microblaze_0_0_MB_LUT6__parameterized1_393\'
INFO: [VRFC 10-3107] analyzing entity '\msys_microblaze_0_0_MB_LUT6__parameterized1_396\'
INFO: [VRFC 10-3107] analyzing entity '\msys_microblaze_0_0_MB_LUT6__parameterized1_399\'
INFO: [VRFC 10-3107] analyzing entity '\msys_microblaze_0_0_MB_LUT6__parameterized1_402\'
INFO: [VRFC 10-3107] analyzing entity '\msys_microblaze_0_0_MB_LUT6__parameterized1_405\'
INFO: [VRFC 10-3107] analyzing entity '\msys_microblaze_0_0_MB_LUT6__parameterized1_408\'
INFO: [VRFC 10-3107] analyzing entity '\msys_microblaze_0_0_MB_LUT6__parameterized1_411\'
INFO: [VRFC 10-3107] analyzing entity '\msys_microblaze_0_0_MB_LUT6__parameterized1_414\'
INFO: [VRFC 10-3107] analyzing entity '\msys_microblaze_0_0_MB_LUT6__parameterized1_417\'
INFO: [VRFC 10-3107] analyzing entity '\msys_microblaze_0_0_MB_LUT6__parameterized1_420\'
INFO: [VRFC 10-3107] analyzing entity '\msys_microblaze_0_0_MB_LUT6__parameterized1_423\'
INFO: [VRFC 10-3107] analyzing entity '\msys_microblaze_0_0_MB_LUT6__parameterized1_426\'
INFO: [VRFC 10-3107] analyzing entity '\msys_microblaze_0_0_MB_LUT6__parameterized1_429\'
INFO: [VRFC 10-3107] analyzing entity '\msys_microblaze_0_0_MB_LUT6__parameterized1_432\'
INFO: [VRFC 10-3107] analyzing entity '\msys_microblaze_0_0_MB_LUT6__parameterized1_435\'
INFO: [VRFC 10-3107] analyzing entity '\msys_microblaze_0_0_MB_LUT6__parameterized1_438\'
INFO: [VRFC 10-3107] analyzing entity '\msys_microblaze_0_0_MB_LUT6__parameterized1_441\'
INFO: [VRFC 10-3107] analyzing entity '\msys_microblaze_0_0_MB_LUT6__parameterized1_444\'
INFO: [VRFC 10-3107] analyzing entity '\msys_microblaze_0_0_MB_LUT6__parameterized1_447\'
INFO: [VRFC 10-3107] analyzing entity 'msys_microblaze_0_0_MB_MULT_AND'
INFO: [VRFC 10-3107] analyzing entity 'msys_microblaze_0_0_MB_MULT_AND_1012'
INFO: [VRFC 10-3107] analyzing entity 'msys_microblaze_0_0_MB_MUXCY'
INFO: [VRFC 10-3107] analyzing entity 'msys_microblaze_0_0_MB_MUXCY_1014'
INFO: [VRFC 10-3107] analyzing entity 'msys_microblaze_0_0_MB_MUXCY_121'
INFO: [VRFC 10-3107] analyzing entity 'msys_microblaze_0_0_MB_MUXCY_122'
INFO: [VRFC 10-3107] analyzing entity 'msys_microblaze_0_0_MB_MUXCY_123'
INFO: [VRFC 10-3107] analyzing entity 'msys_microblaze_0_0_MB_MUXCY_124'
INFO: [VRFC 10-3107] analyzing entity 'msys_microblaze_0_0_MB_MUXCY_125'
INFO: [VRFC 10-3107] analyzing entity 'msys_microblaze_0_0_MB_MUXCY_126'
INFO: [VRFC 10-3107] analyzing entity 'msys_microblaze_0_0_MB_MUXCY_127'
INFO: [VRFC 10-3107] analyzing entity 'msys_microblaze_0_0_MB_MUXCY_212'
INFO: [VRFC 10-3107] analyzing entity 'msys_microblaze_0_0_MB_MUXCY_213'
INFO: [VRFC 10-3107] analyzing entity 'msys_microblaze_0_0_MB_MUXCY_214'
INFO: [VRFC 10-3107] analyzing entity 'msys_microblaze_0_0_MB_MUXCY_215'
INFO: [VRFC 10-3107] analyzing entity 'msys_microblaze_0_0_MB_MUXCY_216'
INFO: [VRFC 10-3107] analyzing entity 'msys_microblaze_0_0_MB_MUXCY_217'
INFO: [VRFC 10-3107] analyzing entity 'msys_microblaze_0_0_MB_MUXCY_218'
INFO: [VRFC 10-3107] analyzing entity 'msys_microblaze_0_0_MB_MUXCY_219'
INFO: [VRFC 10-3107] analyzing entity 'msys_microblaze_0_0_MB_MUXCY_220'
INFO: [VRFC 10-3107] analyzing entity 'msys_microblaze_0_0_MB_MUXCY_221'
INFO: [VRFC 10-3107] analyzing entity 'msys_microblaze_0_0_MB_MUXCY_222'
INFO: [VRFC 10-3107] analyzing entity 'msys_microblaze_0_0_MB_MUXCY_223'
INFO: [VRFC 10-3107] analyzing entity 'msys_microblaze_0_0_MB_MUXCY_224'
INFO: [VRFC 10-3107] analyzing entity 'msys_microblaze_0_0_MB_MUXCY_225'
INFO: [VRFC 10-3107] analyzing entity 'msys_microblaze_0_0_MB_MUXCY_226'
INFO: [VRFC 10-3107] analyzing entity 'msys_microblaze_0_0_MB_MUXCY_227'
INFO: [VRFC 10-3107] analyzing entity 'msys_microblaze_0_0_MB_MUXCY_228'
INFO: [VRFC 10-3107] analyzing entity 'msys_microblaze_0_0_MB_MUXCY_229'
INFO: [VRFC 10-3107] analyzing entity 'msys_microblaze_0_0_MB_MUXCY_230'
INFO: [VRFC 10-3107] analyzing entity 'msys_microblaze_0_0_MB_MUXCY_231'
INFO: [VRFC 10-3107] analyzing entity 'msys_microblaze_0_0_MB_MUXCY_28'
INFO: [VRFC 10-3107] analyzing entity 'msys_microblaze_0_0_MB_MUXCY_30'
INFO: [VRFC 10-3107] analyzing entity 'msys_microblaze_0_0_MB_MUXCY_32'
INFO: [VRFC 10-3107] analyzing entity 'msys_microblaze_0_0_MB_MUXCY_34'
INFO: [VRFC 10-3107] analyzing entity 'msys_microblaze_0_0_MB_MUXCY_36'
INFO: [VRFC 10-3107] analyzing entity 'msys_microblaze_0_0_MB_MUXCY_38'
INFO: [VRFC 10-3107] analyzing entity 'msys_microblaze_0_0_MB_MUXCY_40'
INFO: [VRFC 10-3107] analyzing entity 'msys_microblaze_0_0_MB_MUXCY_42'
INFO: [VRFC 10-3107] analyzing entity 'msys_microblaze_0_0_MB_MUXCY_54'
INFO: [VRFC 10-3107] analyzing entity 'msys_microblaze_0_0_MB_MUXCY_57'
INFO: [VRFC 10-3107] analyzing entity 'msys_microblaze_0_0_MB_MUXCY_62'
INFO: [VRFC 10-3107] analyzing entity 'msys_microblaze_0_0_MB_MUXCY_63'
INFO: [VRFC 10-3107] analyzing entity 'msys_microblaze_0_0_MB_MUXCY_64'
INFO: [VRFC 10-3107] analyzing entity 'msys_microblaze_0_0_MB_MUXCY_65'
INFO: [VRFC 10-3107] analyzing entity 'msys_microblaze_0_0_MB_MUXCY_66'
INFO: [VRFC 10-3107] analyzing entity 'msys_microblaze_0_0_MB_MUXCY_75'
INFO: [VRFC 10-3107] analyzing entity 'msys_microblaze_0_0_MB_MUXCY_76'
INFO: [VRFC 10-3107] analyzing entity 'msys_microblaze_0_0_MB_MUXCY_77'
INFO: [VRFC 10-3107] analyzing entity 'msys_microblaze_0_0_MB_MUXCY_78'
INFO: [VRFC 10-3107] analyzing entity 'msys_microblaze_0_0_MB_MUXCY_79'
INFO: [VRFC 10-3107] analyzing entity 'msys_microblaze_0_0_MB_MUXCY_82'
INFO: [VRFC 10-3107] analyzing entity 'msys_microblaze_0_0_MB_MUXCY_83'
INFO: [VRFC 10-3107] analyzing entity 'msys_microblaze_0_0_MB_MUXCY_84'
INFO: [VRFC 10-3107] analyzing entity 'msys_microblaze_0_0_MB_MUXCY_85'
INFO: [VRFC 10-3107] analyzing entity 'msys_microblaze_0_0_MB_MUXCY_920'
INFO: [VRFC 10-3107] analyzing entity 'msys_microblaze_0_0_MB_MUXCY_XORCY'
INFO: [VRFC 10-3107] analyzing entity 'msys_microblaze_0_0_MB_MUXCY_XORCY_1001'
