Copyright 1986-2022 Xilinx, Inc. All Rights Reserved. Copyright 2022-2023 Advanced Micro Devices, Inc. All Rights Reserved.
----------------------------------------------------------------------------------------------------------------------------------------------------------
| Tool Version     : Vivado v.2023.2 (win64) Build 4029153 Fri Oct 13 20:14:34 MDT 2023
| Date             : Thu Apr 25 04:18:14 2024
| Host             : kharp running 64-bit major release  (build 9200)
| Command          : report_power -file msys_wrapper_power_routed.rpt -pb msys_wrapper_power_summary_routed.pb -rpx msys_wrapper_power_routed.rpx
| Design           : msys_wrapper
| Device           : xc7a100tcsg324-2
| Design State     : routed
| Grade            : commercial
| Process          : typical
| Characterization : Production
----------------------------------------------------------------------------------------------------------------------------------------------------------

Power Report

Table of Contents
-----------------
1. Summary
1.1 On-Chip Components
1.2 Power Supply Summary
1.3 Confidence Level
2. Settings
2.1 Environment
2.2 Clock Constraints
3. Detailed Reports
3.1 By Hierarchy

1. Summary
----------

+--------------------------+--------------+
| Total On-Chip Power (W)  | 0.491        |
| Design Power Budget (W)  | Unspecified* |
| Power Budget Margin (W)  | NA           |
| Dynamic (W)              | 0.387        |
| Device Static (W)        | 0.103        |
| Effective TJA (C/W)      | 4.6          |
| Max Ambient (C)          | 82.8         |
| Junction Temperature (C) | 27.2         |
| Confidence Level         | Low          |
| Setting File             | ---          |
| Simulation Activity File | ---          |
| Design Nets Matched      | NA           |
+--------------------------+--------------+
* Specify Design Power Budget using, set_operating_conditions -design_power_budget <value in Watts>


1.1 On-Chip Components
----------------------

+--------------------------+-----------+----------+-----------+-----------------+
| On-Chip                  | Power (W) | Used     | Available | Utilization (%) |
+--------------------------+-----------+----------+-----------+-----------------+
| Clocks                   |     0.058 |       10 |       --- |             --- |
| Slice Logic              |     0.070 |   108297 |       --- |             --- |
|   LUT as Logic           |     0.063 |    56843 |     63400 |           89.66 |
|   F7/F8 Muxes            |     0.005 |    36718 |     63400 |           57.91 |
|   LUT as Distributed RAM |    <0.001 |      160 |     19000 |            0.84 |
|   Register               |    <0.001 |    11025 |    126800 |            8.69 |
|   CARRY4                 |    <0.001 |      703 |     15850 |            4.44 |
|   LUT as Shift Register  |    <0.001 |      106 |     19000 |            0.56 |
|   Others                 |     0.000 |     1100 |       --- |             --- |
|   BUFG                   |     0.000 |        1 |        32 |            3.13 |
| Signals                  |     0.143 |    30889 |       --- |             --- |
| Block RAM                |     0.002 |    104.5 |       135 |           77.41 |
| MMCM                     |     0.106 |        1 |         6 |           16.67 |
| DSPs                     |     0.002 |        3 |       240 |            1.25 |
| I/O                      |     0.006 |       95 |       210 |           45.24 |
| Static Power             |     0.103 |          |           |                 |
| Total                    |     0.491 |          |           |                 |
+--------------------------+-----------+----------+-----------+-----------------+


1.2 Power Supply Summary
------------------------

+-----------+-------------+-----------+-------------+------------+-------------+-------------+------------+
| Source    | Voltage (V) | Total (A) | Dynamic (A) | Static (A) | Powerup (A) | Budget (A)  | Margin (A) |
+-----------+-------------+-----------+-------------+------------+-------------+-------------+------------+
| Vccint    |       1.000 |     0.294 |       0.276 |      0.019 |       NA    | Unspecified | NA         |
| Vccaux    |       1.800 |     0.077 |       0.059 |      0.018 |       NA    | Unspecified | NA         |
| Vcco33    |       3.300 |     0.006 |       0.002 |      0.004 |       NA    | Unspecified | NA         |
| Vcco25    |       2.500 |     0.000 |       0.000 |      0.000 |       NA    | Unspecified | NA         |
| Vcco18    |       1.800 |     0.000 |       0.000 |      0.000 |       NA    | Unspecified | NA         |
| Vcco15    |       1.500 |     0.000 |       0.000 |      0.000 |       NA    | Unspecified | NA         |
| Vcco135   |       1.350 |     0.000 |       0.000 |      0.000 |       NA    | Unspecified | NA         |
| Vcco12    |       1.200 |     0.000 |       0.000 |      0.000 |       NA    | Unspecified | NA         |
| Vccaux_io |       1.800 |     0.000 |       0.000 |      0.000 |       NA    | Unspecified | NA         |
| Vccbram   |       1.000 |     0.003 |       0.000 |      0.003 |       NA    | Unspecified | NA         |
| MGTAVcc   |       1.000 |     0.000 |       0.000 |      0.000 |       NA    | Unspecified | NA         |
| MGTAVtt   |       1.200 |     0.000 |       0.000 |      0.000 |       NA    | Unspecified | NA         |
| Vccadc    |       1.800 |     0.020 |       0.000 |      0.020 |       NA    | Unspecified | NA         |
+-----------+-------------+-----------+-------------+------------+-------------+-------------+------------+


1.3 Confidence Level
--------------------

+-----------------------------+------------+--------------------------------------------------------+------------------------------------------------------------------------------------------------------------+
| User Input Data             | Confidence | Details                                                | Action                                                                                                     |
+-----------------------------+------------+--------------------------------------------------------+------------------------------------------------------------------------------------------------------------+
| Design implementation state | High       | Design is routed                                       |                                                                                                            |
| Clock nodes activity        | High       | User specified more than 95% of clocks                 |                                                                                                            |
| I/O nodes activity          | Low        | More than 75% of inputs are missing user specification | Provide missing input activity with simulation results or by editing the "By Resource Type -> I/Os" view   |
| Internal nodes activity     | Medium     | User specified less than 25% of internal nodes         | Provide missing internal nodes activity with simulation results or by editing the "By Resource Type" views |
| Device models               | High       | Device models are Production                           |                                                                                                            |
|                             |            |                                                        |                                                                                                            |
| Overall confidence level    | Low        |                                                        |                                                                                                            |
+-----------------------------+------------+--------------------------------------------------------+------------------------------------------------------------------------------------------------------------+


2. Settings
-----------

2.1 Environment
---------------

+-----------------------+--------------------------+
| Ambient Temp (C)      | 25.0                     |
| ThetaJA (C/W)         | 4.6                      |
| Airflow (LFM)         | 250                      |
| Heat Sink             | medium (Medium Profile)  |
| ThetaSA (C/W)         | 4.6                      |
| Board Selection       | medium (10"x10")         |
| # of Board Layers     | 12to15 (12 to 15 Layers) |
| Board Temperature (C) | 25.0                     |
+-----------------------+--------------------------+


2.2 Clock Constraints
---------------------

+--------------------------------------------------------+-------------------------------------------------+-----------------+
| Clock                                                  | Domain                                          | Constraint (ns) |
+--------------------------------------------------------+-------------------------------------------------+-----------------+
| clk_out1_msys_clk_wiz_0_0                              | msys_i/clk_wiz_0/inst/clk_out1_msys_clk_wiz_0_0 |            10.0 |
| clk_out2_msys_clk_wiz_0_0                              | msys_i/clk_wiz_0/inst/clk_out2_msys_clk_wiz_0_0 |            25.0 |
| clkfbout_msys_clk_wiz_0_0                              | msys_i/clk_wiz_0/inst/clkfbout_msys_clk_wiz_0_0 |            10.0 |
| msys_i/clk_wiz_0_clk_out2                              | msys_i/clk_wiz_0/inst/clk_out2                  |            25.0 |
| msys_i/mdm_1/U0/Use_E2.BSCAN_I/Use_E2.BSCANE2_I/DRCK   | msys_i/mdm_1/U0/Use_E2.BSCAN_I/DRCK             |            33.3 |
| msys_i/mdm_1/U0/Use_E2.BSCAN_I/Use_E2.BSCANE2_I/UPDATE | msys_i/mdm_1/U0/Use_E2.BSCAN_I/Dbg_Update_0     |            33.3 |
| msys_i/microblaze_0_Clk                                | msys_i/clk_wiz_0/inst/clk_out1                  |            10.0 |
| sys_clock                                              | sys_clock                                       |            10.0 |
+--------------------------------------------------------+-------------------------------------------------+-----------------+


3. Detailed Reports
-------------------

3.1 By Hierarchy
----------------

+-----------------------------+-----------+
| Name                        | Power (W) |
+-----------------------------+-----------+
| msys_wrapper                |     0.387 |
|   msys_i                    |     0.381 |
|     axi_iic_0               |     0.002 |
|       U0                    |     0.002 |
|     axi_quad_spi_0          |     0.007 |
|       U0                    |     0.007 |
|     axi_quad_spi_1          |     0.008 |
|       U0                    |     0.008 |
|     axi_timer_0             |     0.004 |
|       U0                    |     0.004 |
|     clk_wiz_0               |     0.107 |
|       inst                  |     0.107 |
|     i2s_receiver_0          |     0.005 |
|       inst                  |     0.005 |
|     microblaze_0            |     0.016 |
|       U0                    |     0.016 |
|     microblaze_0_axi_intc   |     0.002 |
|       U0                    |     0.002 |
|     microblaze_0_axi_periph |     0.002 |
|       xbar                  |     0.002 |
|     serial_adc_pwm_top_0    |     0.227 |
|       U0                    |     0.227 |
+-----------------------------+-----------+


